[0m11:02:38.628943 [debug] [MainThread]: Sending event: {'category': 'dbt', 'action': 'invocation', 'label': 'start', 'context': [<snowplow_tracker.self_describing_json.SelfDescribingJson object at 0x10fa07690>, <snowplow_tracker.self_describing_json.SelfDescribingJson object at 0x10fa21e10>, <snowplow_tracker.self_describing_json.SelfDescribingJson object at 0x10fa2bfd0>]}


============================== 11:02:38.634145 | 29a081d9-4553-4ec7-8815-6d629fe4f4e2 ==============================
[0m11:02:38.634145 [info ] [MainThread]: Running with dbt=1.7.4
[0m11:02:38.635249 [debug] [MainThread]: running dbt with arguments {'partial_parse': 'True', 'use_colors': 'True', 'warn_error': 'None', 'printer_width': '80', 'log_path': 'logs', 'no_print': 'None', 'static_parser': 'True', 'indirect_selection': 'eager', 'fail_fast': 'False', 'invocation_command': 'dbt init mp_metrics_hourly', 'quiet': 'False', 'use_experimental_parser': 'False', 'version_check': 'True', 'cache_selected_only': 'False', 'profiles_dir': '/Users/kwliao/.dbt', 'log_format': 'default', 'warn_error_options': 'WarnErrorOptions(include=[], exclude=[])', 'write_json': 'True', 'introspect': 'True', 'debug': 'False', 'target_path': 'None', 'log_cache_events': 'False', 'send_anonymous_usage_stats': 'True'}
[0m11:02:38.637446 [debug] [MainThread]: Starter project path: /usr/local/lib/python3.11/site-packages/dbt/include/starter_project
[0m11:02:38.653059 [info ] [MainThread]: 
Your new dbt project "mp_metrics_hourly" was created!

For more information on how to configure the profiles.yml file,
please consult the dbt documentation here:

  https://docs.getdbt.com/docs/configure-your-profile

One more thing:

Need help? Don't hesitate to reach out to us via GitHub issues or on Slack:

  https://community.getdbt.com/

Happy modeling!

[0m11:02:38.653845 [info ] [MainThread]: Setting up your profile.
[0m11:04:21.313232 [info ] [MainThread]: Profile mp_metrics_hourly written to /Users/kwliao/.dbt/profiles.yml using target's profile_template.yml and your supplied values. Run 'dbt debug' to validate the connection.
[0m11:04:21.332397 [debug] [MainThread]: Resource report: {"command_name": "init", "command_success": true, "command_wall_clock_time": 103.08526, "process_user_time": 2.498164, "process_kernel_time": 0.529306, "process_mem_max_rss": "103985152", "process_in_blocks": "0", "process_out_blocks": "0"}
[0m11:04:21.333542 [debug] [MainThread]: Command `dbt init` succeeded at 11:04:21.333304 after 103.09 seconds
[0m11:04:21.334200 [debug] [MainThread]: Sending event: {'category': 'dbt', 'action': 'invocation', 'label': 'end', 'context': [<snowplow_tracker.self_describing_json.SelfDescribingJson object at 0x10fa22b10>, <snowplow_tracker.self_describing_json.SelfDescribingJson object at 0x10f9e6d10>, <snowplow_tracker.self_describing_json.SelfDescribingJson object at 0x10fa23a90>]}
[0m11:04:21.334858 [debug] [MainThread]: Flushing usage events
