[2024-03-28T02:45:26.729+0000] {processor.py:153} INFO - Started process (PID=189) to work on /opt/airflow/dags/utils/dag_args_setup.py
[2024-03-28T02:45:26.734+0000] {processor.py:743} INFO - Processing file /opt/airflow/dags/utils/dag_args_setup.py for tasks to queue
[2024-03-28T02:45:26.740+0000] {logging_mixin.py:137} INFO - [2024-03-28T02:45:26.740+0000] {dagbag.py:532} INFO - Filling up the DagBag from /opt/airflow/dags/utils/dag_args_setup.py
[2024-03-28T02:45:26.930+0000] {processor.py:755} WARNING - No viable dags retrieved from /opt/airflow/dags/utils/dag_args_setup.py
[2024-03-28T02:45:26.983+0000] {processor.py:175} INFO - Processing /opt/airflow/dags/utils/dag_args_setup.py took 0.295 seconds
[2024-03-28T02:46:34.178+0000] {processor.py:153} INFO - Started process (PID=418) to work on /opt/airflow/dags/utils/dag_args_setup.py
[2024-03-28T02:46:34.189+0000] {processor.py:743} INFO - Processing file /opt/airflow/dags/utils/dag_args_setup.py for tasks to queue
[2024-03-28T02:46:34.190+0000] {logging_mixin.py:137} INFO - [2024-03-28T02:46:34.190+0000] {dagbag.py:532} INFO - Filling up the DagBag from /opt/airflow/dags/utils/dag_args_setup.py
[2024-03-28T02:46:34.347+0000] {processor.py:755} WARNING - No viable dags retrieved from /opt/airflow/dags/utils/dag_args_setup.py
[2024-03-28T02:46:34.402+0000] {processor.py:175} INFO - Processing /opt/airflow/dags/utils/dag_args_setup.py took 0.244 seconds
[2024-03-28T02:47:10.555+0000] {processor.py:153} INFO - Started process (PID=565) to work on /opt/airflow/dags/utils/dag_args_setup.py
[2024-03-28T02:47:10.590+0000] {processor.py:743} INFO - Processing file /opt/airflow/dags/utils/dag_args_setup.py for tasks to queue
[2024-03-28T02:47:10.608+0000] {logging_mixin.py:137} INFO - [2024-03-28T02:47:10.608+0000] {dagbag.py:532} INFO - Filling up the DagBag from /opt/airflow/dags/utils/dag_args_setup.py
[2024-03-28T02:47:10.837+0000] {processor.py:755} WARNING - No viable dags retrieved from /opt/airflow/dags/utils/dag_args_setup.py
[2024-03-28T02:47:11.071+0000] {processor.py:175} INFO - Processing /opt/airflow/dags/utils/dag_args_setup.py took 0.541 seconds
[2024-03-28T02:48:00.511+0000] {processor.py:153} INFO - Started process (PID=770) to work on /opt/airflow/dags/utils/dag_args_setup.py
[2024-03-28T02:48:00.516+0000] {processor.py:743} INFO - Processing file /opt/airflow/dags/utils/dag_args_setup.py for tasks to queue
[2024-03-28T02:48:00.520+0000] {logging_mixin.py:137} INFO - [2024-03-28T02:48:00.519+0000] {dagbag.py:532} INFO - Filling up the DagBag from /opt/airflow/dags/utils/dag_args_setup.py
[2024-03-28T02:48:00.728+0000] {processor.py:755} WARNING - No viable dags retrieved from /opt/airflow/dags/utils/dag_args_setup.py
[2024-03-28T02:48:00.818+0000] {processor.py:175} INFO - Processing /opt/airflow/dags/utils/dag_args_setup.py took 0.326 seconds
[2024-03-28T02:48:40.417+0000] {processor.py:153} INFO - Started process (PID=968) to work on /opt/airflow/dags/utils/dag_args_setup.py
[2024-03-28T02:48:40.419+0000] {processor.py:743} INFO - Processing file /opt/airflow/dags/utils/dag_args_setup.py for tasks to queue
[2024-03-28T02:48:40.422+0000] {logging_mixin.py:137} INFO - [2024-03-28T02:48:40.421+0000] {dagbag.py:532} INFO - Filling up the DagBag from /opt/airflow/dags/utils/dag_args_setup.py
[2024-03-28T02:48:40.487+0000] {processor.py:755} WARNING - No viable dags retrieved from /opt/airflow/dags/utils/dag_args_setup.py
[2024-03-28T02:48:40.543+0000] {processor.py:175} INFO - Processing /opt/airflow/dags/utils/dag_args_setup.py took 0.140 seconds
[2024-03-28T02:49:14.331+0000] {processor.py:153} INFO - Started process (PID=1165) to work on /opt/airflow/dags/utils/dag_args_setup.py
[2024-03-28T02:49:14.337+0000] {processor.py:743} INFO - Processing file /opt/airflow/dags/utils/dag_args_setup.py for tasks to queue
[2024-03-28T02:49:14.345+0000] {logging_mixin.py:137} INFO - [2024-03-28T02:49:14.344+0000] {dagbag.py:532} INFO - Filling up the DagBag from /opt/airflow/dags/utils/dag_args_setup.py
[2024-03-28T02:49:14.450+0000] {processor.py:755} WARNING - No viable dags retrieved from /opt/airflow/dags/utils/dag_args_setup.py
[2024-03-28T02:49:14.573+0000] {processor.py:175} INFO - Processing /opt/airflow/dags/utils/dag_args_setup.py took 0.323 seconds
[2024-03-28T02:49:46.929+0000] {processor.py:153} INFO - Started process (PID=1373) to work on /opt/airflow/dags/utils/dag_args_setup.py
[2024-03-28T02:49:46.932+0000] {processor.py:743} INFO - Processing file /opt/airflow/dags/utils/dag_args_setup.py for tasks to queue
[2024-03-28T02:49:46.935+0000] {logging_mixin.py:137} INFO - [2024-03-28T02:49:46.934+0000] {dagbag.py:532} INFO - Filling up the DagBag from /opt/airflow/dags/utils/dag_args_setup.py
[2024-03-28T02:49:47.013+0000] {processor.py:755} WARNING - No viable dags retrieved from /opt/airflow/dags/utils/dag_args_setup.py
[2024-03-28T02:49:47.107+0000] {processor.py:175} INFO - Processing /opt/airflow/dags/utils/dag_args_setup.py took 0.190 seconds
[2024-03-28T02:50:17.517+0000] {processor.py:153} INFO - Started process (PID=1572) to work on /opt/airflow/dags/utils/dag_args_setup.py
[2024-03-28T02:50:17.519+0000] {processor.py:743} INFO - Processing file /opt/airflow/dags/utils/dag_args_setup.py for tasks to queue
[2024-03-28T02:50:17.520+0000] {logging_mixin.py:137} INFO - [2024-03-28T02:50:17.520+0000] {dagbag.py:532} INFO - Filling up the DagBag from /opt/airflow/dags/utils/dag_args_setup.py
[2024-03-28T02:50:17.557+0000] {processor.py:755} WARNING - No viable dags retrieved from /opt/airflow/dags/utils/dag_args_setup.py
[2024-03-28T02:50:17.589+0000] {processor.py:175} INFO - Processing /opt/airflow/dags/utils/dag_args_setup.py took 0.080 seconds
[2024-03-28T02:50:50.323+0000] {processor.py:153} INFO - Started process (PID=1770) to work on /opt/airflow/dags/utils/dag_args_setup.py
[2024-03-28T02:50:50.325+0000] {processor.py:743} INFO - Processing file /opt/airflow/dags/utils/dag_args_setup.py for tasks to queue
[2024-03-28T02:50:50.328+0000] {logging_mixin.py:137} INFO - [2024-03-28T02:50:50.328+0000] {dagbag.py:532} INFO - Filling up the DagBag from /opt/airflow/dags/utils/dag_args_setup.py
[2024-03-28T02:50:50.393+0000] {processor.py:755} WARNING - No viable dags retrieved from /opt/airflow/dags/utils/dag_args_setup.py
[2024-03-28T02:50:50.442+0000] {processor.py:175} INFO - Processing /opt/airflow/dags/utils/dag_args_setup.py took 0.132 seconds
[2024-03-28T02:51:20.796+0000] {processor.py:153} INFO - Started process (PID=1963) to work on /opt/airflow/dags/utils/dag_args_setup.py
[2024-03-28T02:51:20.800+0000] {processor.py:743} INFO - Processing file /opt/airflow/dags/utils/dag_args_setup.py for tasks to queue
[2024-03-28T02:51:20.802+0000] {logging_mixin.py:137} INFO - [2024-03-28T02:51:20.802+0000] {dagbag.py:532} INFO - Filling up the DagBag from /opt/airflow/dags/utils/dag_args_setup.py
[2024-03-28T02:51:20.865+0000] {processor.py:755} WARNING - No viable dags retrieved from /opt/airflow/dags/utils/dag_args_setup.py
[2024-03-28T02:51:20.916+0000] {processor.py:175} INFO - Processing /opt/airflow/dags/utils/dag_args_setup.py took 0.163 seconds
[2024-03-28T02:51:51.193+0000] {processor.py:153} INFO - Started process (PID=2163) to work on /opt/airflow/dags/utils/dag_args_setup.py
[2024-03-28T02:51:51.200+0000] {processor.py:743} INFO - Processing file /opt/airflow/dags/utils/dag_args_setup.py for tasks to queue
[2024-03-28T02:51:51.202+0000] {logging_mixin.py:137} INFO - [2024-03-28T02:51:51.201+0000] {dagbag.py:532} INFO - Filling up the DagBag from /opt/airflow/dags/utils/dag_args_setup.py
[2024-03-28T02:51:51.257+0000] {processor.py:755} WARNING - No viable dags retrieved from /opt/airflow/dags/utils/dag_args_setup.py
[2024-03-28T02:51:51.294+0000] {processor.py:175} INFO - Processing /opt/airflow/dags/utils/dag_args_setup.py took 0.109 seconds
[2024-03-28T02:52:21.525+0000] {processor.py:153} INFO - Started process (PID=2341) to work on /opt/airflow/dags/utils/dag_args_setup.py
[2024-03-28T02:52:21.527+0000] {processor.py:743} INFO - Processing file /opt/airflow/dags/utils/dag_args_setup.py for tasks to queue
[2024-03-28T02:52:21.530+0000] {logging_mixin.py:137} INFO - [2024-03-28T02:52:21.530+0000] {dagbag.py:532} INFO - Filling up the DagBag from /opt/airflow/dags/utils/dag_args_setup.py
[2024-03-28T02:52:21.573+0000] {processor.py:755} WARNING - No viable dags retrieved from /opt/airflow/dags/utils/dag_args_setup.py
[2024-03-28T02:52:21.601+0000] {processor.py:175} INFO - Processing /opt/airflow/dags/utils/dag_args_setup.py took 0.081 seconds
[2024-03-28T02:52:52.339+0000] {processor.py:153} INFO - Started process (PID=2528) to work on /opt/airflow/dags/utils/dag_args_setup.py
[2024-03-28T02:52:52.341+0000] {processor.py:743} INFO - Processing file /opt/airflow/dags/utils/dag_args_setup.py for tasks to queue
[2024-03-28T02:52:52.343+0000] {logging_mixin.py:137} INFO - [2024-03-28T02:52:52.343+0000] {dagbag.py:532} INFO - Filling up the DagBag from /opt/airflow/dags/utils/dag_args_setup.py
[2024-03-28T02:52:52.393+0000] {processor.py:755} WARNING - No viable dags retrieved from /opt/airflow/dags/utils/dag_args_setup.py
[2024-03-28T02:52:52.437+0000] {processor.py:175} INFO - Processing /opt/airflow/dags/utils/dag_args_setup.py took 0.107 seconds
[2024-03-28T02:53:22.761+0000] {processor.py:153} INFO - Started process (PID=2721) to work on /opt/airflow/dags/utils/dag_args_setup.py
[2024-03-28T02:53:22.764+0000] {processor.py:743} INFO - Processing file /opt/airflow/dags/utils/dag_args_setup.py for tasks to queue
[2024-03-28T02:53:22.765+0000] {logging_mixin.py:137} INFO - [2024-03-28T02:53:22.765+0000] {dagbag.py:532} INFO - Filling up the DagBag from /opt/airflow/dags/utils/dag_args_setup.py
[2024-03-28T02:53:22.801+0000] {processor.py:755} WARNING - No viable dags retrieved from /opt/airflow/dags/utils/dag_args_setup.py
[2024-03-28T02:53:22.825+0000] {processor.py:175} INFO - Processing /opt/airflow/dags/utils/dag_args_setup.py took 0.069 seconds
[2024-03-28T02:53:53.343+0000] {processor.py:153} INFO - Started process (PID=2932) to work on /opt/airflow/dags/utils/dag_args_setup.py
[2024-03-28T02:53:53.345+0000] {processor.py:743} INFO - Processing file /opt/airflow/dags/utils/dag_args_setup.py for tasks to queue
[2024-03-28T02:53:53.348+0000] {logging_mixin.py:137} INFO - [2024-03-28T02:53:53.348+0000] {dagbag.py:532} INFO - Filling up the DagBag from /opt/airflow/dags/utils/dag_args_setup.py
[2024-03-28T02:53:53.386+0000] {processor.py:755} WARNING - No viable dags retrieved from /opt/airflow/dags/utils/dag_args_setup.py
[2024-03-28T02:53:53.409+0000] {processor.py:175} INFO - Processing /opt/airflow/dags/utils/dag_args_setup.py took 0.071 seconds
[2024-03-28T02:54:23.655+0000] {processor.py:153} INFO - Started process (PID=3137) to work on /opt/airflow/dags/utils/dag_args_setup.py
[2024-03-28T02:54:23.657+0000] {processor.py:743} INFO - Processing file /opt/airflow/dags/utils/dag_args_setup.py for tasks to queue
[2024-03-28T02:54:23.658+0000] {logging_mixin.py:137} INFO - [2024-03-28T02:54:23.658+0000] {dagbag.py:532} INFO - Filling up the DagBag from /opt/airflow/dags/utils/dag_args_setup.py
[2024-03-28T02:54:23.692+0000] {processor.py:755} WARNING - No viable dags retrieved from /opt/airflow/dags/utils/dag_args_setup.py
[2024-03-28T02:54:23.716+0000] {processor.py:175} INFO - Processing /opt/airflow/dags/utils/dag_args_setup.py took 0.065 seconds
[2024-03-28T02:54:54.230+0000] {processor.py:153} INFO - Started process (PID=3345) to work on /opt/airflow/dags/utils/dag_args_setup.py
[2024-03-28T02:54:54.232+0000] {processor.py:743} INFO - Processing file /opt/airflow/dags/utils/dag_args_setup.py for tasks to queue
[2024-03-28T02:54:54.234+0000] {logging_mixin.py:137} INFO - [2024-03-28T02:54:54.234+0000] {dagbag.py:532} INFO - Filling up the DagBag from /opt/airflow/dags/utils/dag_args_setup.py
[2024-03-28T02:54:54.268+0000] {processor.py:755} WARNING - No viable dags retrieved from /opt/airflow/dags/utils/dag_args_setup.py
[2024-03-28T02:54:54.293+0000] {processor.py:175} INFO - Processing /opt/airflow/dags/utils/dag_args_setup.py took 0.068 seconds
[2024-03-28T02:55:25.580+0000] {processor.py:153} INFO - Started process (PID=3547) to work on /opt/airflow/dags/utils/dag_args_setup.py
[2024-03-28T02:55:25.606+0000] {processor.py:743} INFO - Processing file /opt/airflow/dags/utils/dag_args_setup.py for tasks to queue
[2024-03-28T02:55:25.614+0000] {logging_mixin.py:137} INFO - [2024-03-28T02:55:25.614+0000] {dagbag.py:532} INFO - Filling up the DagBag from /opt/airflow/dags/utils/dag_args_setup.py
[2024-03-28T02:55:25.639+0000] {processor.py:755} WARNING - No viable dags retrieved from /opt/airflow/dags/utils/dag_args_setup.py
[2024-03-28T02:55:25.657+0000] {processor.py:175} INFO - Processing /opt/airflow/dags/utils/dag_args_setup.py took 0.084 seconds
[2024-03-28T02:55:56.055+0000] {processor.py:153} INFO - Started process (PID=3758) to work on /opt/airflow/dags/utils/dag_args_setup.py
[2024-03-28T02:55:56.057+0000] {processor.py:743} INFO - Processing file /opt/airflow/dags/utils/dag_args_setup.py for tasks to queue
[2024-03-28T02:55:56.058+0000] {logging_mixin.py:137} INFO - [2024-03-28T02:55:56.058+0000] {dagbag.py:532} INFO - Filling up the DagBag from /opt/airflow/dags/utils/dag_args_setup.py
[2024-03-28T02:55:56.098+0000] {processor.py:755} WARNING - No viable dags retrieved from /opt/airflow/dags/utils/dag_args_setup.py
[2024-03-28T02:55:56.123+0000] {processor.py:175} INFO - Processing /opt/airflow/dags/utils/dag_args_setup.py took 0.077 seconds
[2024-03-28T02:56:27.288+0000] {processor.py:153} INFO - Started process (PID=3969) to work on /opt/airflow/dags/utils/dag_args_setup.py
[2024-03-28T02:56:27.293+0000] {processor.py:743} INFO - Processing file /opt/airflow/dags/utils/dag_args_setup.py for tasks to queue
[2024-03-28T02:56:27.303+0000] {logging_mixin.py:137} INFO - [2024-03-28T02:56:27.302+0000] {dagbag.py:532} INFO - Filling up the DagBag from /opt/airflow/dags/utils/dag_args_setup.py
[2024-03-28T02:56:27.410+0000] {processor.py:755} WARNING - No viable dags retrieved from /opt/airflow/dags/utils/dag_args_setup.py
[2024-03-28T02:56:27.515+0000] {processor.py:175} INFO - Processing /opt/airflow/dags/utils/dag_args_setup.py took 0.258 seconds
