[2024-03-28T02:45:45.428+0000] {processor.py:153} INFO - Started process (PID=259) to work on /opt/airflow/dags/houzz_pro/dags/dag_daily_events.py
[2024-03-28T02:45:45.434+0000] {processor.py:743} INFO - Processing file /opt/airflow/dags/houzz_pro/dags/dag_daily_events.py for tasks to queue
[2024-03-28T02:45:45.437+0000] {logging_mixin.py:137} INFO - [2024-03-28T02:45:45.437+0000] {dagbag.py:532} INFO - Filling up the DagBag from /opt/airflow/dags/houzz_pro/dags/dag_daily_events.py
[2024-03-28T02:45:48.635+0000] {processor.py:753} INFO - DAG(s) dict_keys(['update_pro_dwh.pro_schema']) retrieved from /opt/airflow/dags/houzz_pro/dags/dag_daily_events.py
[2024-03-28T02:45:56.481+0000] {logging_mixin.py:137} INFO - [2024-03-28T02:45:56.379+0000] {manager.py:504} INFO - Created Permission View: can delete on DAG:update_pro_dwh.pro_schema
[2024-03-28T02:45:56.563+0000] {logging_mixin.py:137} INFO - [2024-03-28T02:45:56.562+0000] {manager.py:504} INFO - Created Permission View: can read on DAG:update_pro_dwh.pro_schema
[2024-03-28T02:45:56.627+0000] {logging_mixin.py:137} INFO - [2024-03-28T02:45:56.627+0000] {manager.py:504} INFO - Created Permission View: can edit on DAG:update_pro_dwh.pro_schema
[2024-03-28T02:45:56.661+0000] {logging_mixin.py:137} INFO - [2024-03-28T02:45:56.628+0000] {dag.py:2705} INFO - Sync 1 DAGs
[2024-03-28T02:45:57.140+0000] {logging_mixin.py:137} WARNING - /home/airflow/.local/lib/python3.10/site-packages/airflow/models/dag.py:3223 DeprecationWarning: The dag_concurrency option in [core] has been renamed to max_active_tasks_per_dag - the old setting has been used, but please update your config.
[2024-03-28T02:45:57.246+0000] {logging_mixin.py:137} INFO - [2024-03-28T02:45:57.240+0000] {dag.py:2726} INFO - Creating ORM DAG for update_pro_dwh.pro_schema
[2024-03-28T02:45:57.388+0000] {logging_mixin.py:137} INFO - [2024-03-28T02:45:57.387+0000] {dag.py:3452} INFO - Setting next_dagrun for update_pro_dwh.pro_schema to 2019-10-10T00:00:00+00:00, run_after=2019-10-10T01:00:00+00:00
[2024-03-28T02:45:57.959+0000] {processor.py:175} INFO - Processing /opt/airflow/dags/houzz_pro/dags/dag_daily_events.py took 12.546 seconds
[2024-03-28T02:46:55.814+0000] {processor.py:153} INFO - Started process (PID=488) to work on /opt/airflow/dags/houzz_pro/dags/dag_daily_events.py
[2024-03-28T02:46:55.817+0000] {processor.py:743} INFO - Processing file /opt/airflow/dags/houzz_pro/dags/dag_daily_events.py for tasks to queue
[2024-03-28T02:46:55.819+0000] {logging_mixin.py:137} INFO - [2024-03-28T02:46:55.819+0000] {dagbag.py:532} INFO - Filling up the DagBag from /opt/airflow/dags/houzz_pro/dags/dag_daily_events.py
[2024-03-28T02:46:57.797+0000] {processor.py:753} INFO - DAG(s) dict_keys(['update_pro_dwh.pro_schema']) retrieved from /opt/airflow/dags/houzz_pro/dags/dag_daily_events.py
[2024-03-28T02:46:57.881+0000] {logging_mixin.py:137} INFO - [2024-03-28T02:46:57.880+0000] {dag.py:2705} INFO - Sync 1 DAGs
[2024-03-28T02:46:57.954+0000] {logging_mixin.py:137} INFO - [2024-03-28T02:46:57.952+0000] {dag.py:3452} INFO - Setting next_dagrun for update_pro_dwh.pro_schema to 2019-10-10T00:00:00+00:00, run_after=2019-10-10T01:00:00+00:00
[2024-03-28T02:46:58.015+0000] {processor.py:175} INFO - Processing /opt/airflow/dags/houzz_pro/dags/dag_daily_events.py took 2.212 seconds
[2024-03-28T02:47:47.404+0000] {processor.py:153} INFO - Started process (PID=716) to work on /opt/airflow/dags/houzz_pro/dags/dag_daily_events.py
[2024-03-28T02:47:47.407+0000] {processor.py:743} INFO - Processing file /opt/airflow/dags/houzz_pro/dags/dag_daily_events.py for tasks to queue
[2024-03-28T02:47:47.411+0000] {logging_mixin.py:137} INFO - [2024-03-28T02:47:47.410+0000] {dagbag.py:532} INFO - Filling up the DagBag from /opt/airflow/dags/houzz_pro/dags/dag_daily_events.py
[2024-03-28T02:47:50.284+0000] {processor.py:753} INFO - DAG(s) dict_keys(['update_pro_dwh.pro_schema']) retrieved from /opt/airflow/dags/houzz_pro/dags/dag_daily_events.py
[2024-03-28T02:47:50.369+0000] {logging_mixin.py:137} INFO - [2024-03-28T02:47:50.368+0000] {dag.py:2705} INFO - Sync 1 DAGs
[2024-03-28T02:47:50.485+0000] {logging_mixin.py:137} INFO - [2024-03-28T02:47:50.485+0000] {dag.py:3452} INFO - Setting next_dagrun for update_pro_dwh.pro_schema to 2019-10-10T00:00:00+00:00, run_after=2019-10-10T01:00:00+00:00
[2024-03-28T02:47:50.550+0000] {processor.py:175} INFO - Processing /opt/airflow/dags/houzz_pro/dags/dag_daily_events.py took 3.158 seconds
[2024-03-28T02:48:36.357+0000] {processor.py:153} INFO - Started process (PID=938) to work on /opt/airflow/dags/houzz_pro/dags/dag_daily_events.py
[2024-03-28T02:48:36.359+0000] {processor.py:743} INFO - Processing file /opt/airflow/dags/houzz_pro/dags/dag_daily_events.py for tasks to queue
[2024-03-28T02:48:36.360+0000] {logging_mixin.py:137} INFO - [2024-03-28T02:48:36.360+0000] {dagbag.py:532} INFO - Filling up the DagBag from /opt/airflow/dags/houzz_pro/dags/dag_daily_events.py
[2024-03-28T02:48:38.327+0000] {processor.py:753} INFO - DAG(s) dict_keys(['update_pro_dwh.pro_schema']) retrieved from /opt/airflow/dags/houzz_pro/dags/dag_daily_events.py
[2024-03-28T02:48:38.384+0000] {logging_mixin.py:137} INFO - [2024-03-28T02:48:38.383+0000] {dag.py:2705} INFO - Sync 1 DAGs
[2024-03-28T02:48:38.449+0000] {logging_mixin.py:137} INFO - [2024-03-28T02:48:38.449+0000] {dag.py:3452} INFO - Setting next_dagrun for update_pro_dwh.pro_schema to 2019-10-10T00:00:00+00:00, run_after=2019-10-10T01:00:00+00:00
[2024-03-28T02:48:38.501+0000] {processor.py:175} INFO - Processing /opt/airflow/dags/houzz_pro/dags/dag_daily_events.py took 2.153 seconds
[2024-03-28T02:49:09.216+0000] {processor.py:153} INFO - Started process (PID=1150) to work on /opt/airflow/dags/houzz_pro/dags/dag_daily_events.py
[2024-03-28T02:49:09.220+0000] {processor.py:743} INFO - Processing file /opt/airflow/dags/houzz_pro/dags/dag_daily_events.py for tasks to queue
[2024-03-28T02:49:09.230+0000] {logging_mixin.py:137} INFO - [2024-03-28T02:49:09.230+0000] {dagbag.py:532} INFO - Filling up the DagBag from /opt/airflow/dags/houzz_pro/dags/dag_daily_events.py
[2024-03-28T02:49:12.795+0000] {processor.py:753} INFO - DAG(s) dict_keys(['update_pro_dwh.pro_schema']) retrieved from /opt/airflow/dags/houzz_pro/dags/dag_daily_events.py
[2024-03-28T02:49:13.184+0000] {logging_mixin.py:137} INFO - [2024-03-28T02:49:13.170+0000] {dag.py:2705} INFO - Sync 1 DAGs
[2024-03-28T02:49:13.381+0000] {logging_mixin.py:137} INFO - [2024-03-28T02:49:13.379+0000] {dag.py:3452} INFO - Setting next_dagrun for update_pro_dwh.pro_schema to 2019-10-10T00:00:00+00:00, run_after=2019-10-10T01:00:00+00:00
[2024-03-28T02:49:13.852+0000] {processor.py:175} INFO - Processing /opt/airflow/dags/houzz_pro/dags/dag_daily_events.py took 4.647 seconds
[2024-03-28T02:49:44.696+0000] {processor.py:153} INFO - Started process (PID=1361) to work on /opt/airflow/dags/houzz_pro/dags/dag_daily_events.py
[2024-03-28T02:49:44.702+0000] {processor.py:743} INFO - Processing file /opt/airflow/dags/houzz_pro/dags/dag_daily_events.py for tasks to queue
[2024-03-28T02:49:44.706+0000] {logging_mixin.py:137} INFO - [2024-03-28T02:49:44.706+0000] {dagbag.py:532} INFO - Filling up the DagBag from /opt/airflow/dags/houzz_pro/dags/dag_daily_events.py
[2024-03-28T02:49:46.639+0000] {processor.py:753} INFO - DAG(s) dict_keys(['update_pro_dwh.pro_schema']) retrieved from /opt/airflow/dags/houzz_pro/dags/dag_daily_events.py
[2024-03-28T02:49:46.711+0000] {logging_mixin.py:137} INFO - [2024-03-28T02:49:46.709+0000] {dag.py:2705} INFO - Sync 1 DAGs
[2024-03-28T02:49:46.788+0000] {logging_mixin.py:137} INFO - [2024-03-28T02:49:46.788+0000] {dag.py:3452} INFO - Setting next_dagrun for update_pro_dwh.pro_schema to 2019-10-10T00:00:00+00:00, run_after=2019-10-10T01:00:00+00:00
[2024-03-28T02:49:46.848+0000] {processor.py:175} INFO - Processing /opt/airflow/dags/houzz_pro/dags/dag_daily_events.py took 2.177 seconds
[2024-03-28T02:50:17.520+0000] {processor.py:153} INFO - Started process (PID=1575) to work on /opt/airflow/dags/houzz_pro/dags/dag_daily_events.py
[2024-03-28T02:50:17.522+0000] {processor.py:743} INFO - Processing file /opt/airflow/dags/houzz_pro/dags/dag_daily_events.py for tasks to queue
[2024-03-28T02:50:17.523+0000] {logging_mixin.py:137} INFO - [2024-03-28T02:50:17.523+0000] {dagbag.py:532} INFO - Filling up the DagBag from /opt/airflow/dags/houzz_pro/dags/dag_daily_events.py
[2024-03-28T02:50:19.746+0000] {processor.py:753} INFO - DAG(s) dict_keys(['update_pro_dwh.pro_schema']) retrieved from /opt/airflow/dags/houzz_pro/dags/dag_daily_events.py
[2024-03-28T02:50:19.781+0000] {logging_mixin.py:137} INFO - [2024-03-28T02:50:19.780+0000] {dag.py:2705} INFO - Sync 1 DAGs
[2024-03-28T02:50:19.817+0000] {logging_mixin.py:137} INFO - [2024-03-28T02:50:19.817+0000] {dag.py:3452} INFO - Setting next_dagrun for update_pro_dwh.pro_schema to 2019-10-10T00:00:00+00:00, run_after=2019-10-10T01:00:00+00:00
[2024-03-28T02:50:19.844+0000] {processor.py:175} INFO - Processing /opt/airflow/dags/houzz_pro/dags/dag_daily_events.py took 2.328 seconds
[2024-03-28T02:50:50.438+0000] {processor.py:153} INFO - Started process (PID=1775) to work on /opt/airflow/dags/houzz_pro/dags/dag_daily_events.py
[2024-03-28T02:50:50.442+0000] {processor.py:743} INFO - Processing file /opt/airflow/dags/houzz_pro/dags/dag_daily_events.py for tasks to queue
[2024-03-28T02:50:50.445+0000] {logging_mixin.py:137} INFO - [2024-03-28T02:50:50.445+0000] {dagbag.py:532} INFO - Filling up the DagBag from /opt/airflow/dags/houzz_pro/dags/dag_daily_events.py
[2024-03-28T02:50:53.235+0000] {processor.py:753} INFO - DAG(s) dict_keys(['update_pro_dwh.pro_schema']) retrieved from /opt/airflow/dags/houzz_pro/dags/dag_daily_events.py
[2024-03-28T02:50:53.352+0000] {logging_mixin.py:137} INFO - [2024-03-28T02:50:53.348+0000] {dag.py:2705} INFO - Sync 1 DAGs
[2024-03-28T02:50:53.478+0000] {logging_mixin.py:137} INFO - [2024-03-28T02:50:53.477+0000] {dag.py:3452} INFO - Setting next_dagrun for update_pro_dwh.pro_schema to 2019-10-10T00:00:00+00:00, run_after=2019-10-10T01:00:00+00:00
[2024-03-28T02:50:53.545+0000] {processor.py:175} INFO - Processing /opt/airflow/dags/houzz_pro/dags/dag_daily_events.py took 3.116 seconds
[2024-03-28T02:51:24.195+0000] {processor.py:153} INFO - Started process (PID=1981) to work on /opt/airflow/dags/houzz_pro/dags/dag_daily_events.py
[2024-03-28T02:51:24.198+0000] {processor.py:743} INFO - Processing file /opt/airflow/dags/houzz_pro/dags/dag_daily_events.py for tasks to queue
[2024-03-28T02:51:24.201+0000] {logging_mixin.py:137} INFO - [2024-03-28T02:51:24.200+0000] {dagbag.py:532} INFO - Filling up the DagBag from /opt/airflow/dags/houzz_pro/dags/dag_daily_events.py
[2024-03-28T02:51:25.318+0000] {processor.py:753} INFO - DAG(s) dict_keys(['update_pro_dwh.pro_schema']) retrieved from /opt/airflow/dags/houzz_pro/dags/dag_daily_events.py
[2024-03-28T02:51:25.411+0000] {logging_mixin.py:137} INFO - [2024-03-28T02:51:25.409+0000] {dag.py:2705} INFO - Sync 1 DAGs
[2024-03-28T02:51:25.458+0000] {logging_mixin.py:137} INFO - [2024-03-28T02:51:25.457+0000] {dag.py:3452} INFO - Setting next_dagrun for update_pro_dwh.pro_schema to 2019-10-10T00:00:00+00:00, run_after=2019-10-10T01:00:00+00:00
[2024-03-28T02:51:25.491+0000] {processor.py:175} INFO - Processing /opt/airflow/dags/houzz_pro/dags/dag_daily_events.py took 1.305 seconds
[2024-03-28T02:51:55.911+0000] {processor.py:153} INFO - Started process (PID=2192) to work on /opt/airflow/dags/houzz_pro/dags/dag_daily_events.py
[2024-03-28T02:51:55.916+0000] {processor.py:743} INFO - Processing file /opt/airflow/dags/houzz_pro/dags/dag_daily_events.py for tasks to queue
[2024-03-28T02:51:55.918+0000] {logging_mixin.py:137} INFO - [2024-03-28T02:51:55.918+0000] {dagbag.py:532} INFO - Filling up the DagBag from /opt/airflow/dags/houzz_pro/dags/dag_daily_events.py
[2024-03-28T02:51:57.038+0000] {processor.py:753} INFO - DAG(s) dict_keys(['update_pro_dwh.pro_schema']) retrieved from /opt/airflow/dags/houzz_pro/dags/dag_daily_events.py
[2024-03-28T02:51:57.089+0000] {logging_mixin.py:137} INFO - [2024-03-28T02:51:57.089+0000] {dag.py:2705} INFO - Sync 1 DAGs
[2024-03-28T02:51:57.141+0000] {logging_mixin.py:137} INFO - [2024-03-28T02:51:57.141+0000] {dag.py:3452} INFO - Setting next_dagrun for update_pro_dwh.pro_schema to 2019-10-10T00:00:00+00:00, run_after=2019-10-10T01:00:00+00:00
[2024-03-28T02:51:57.187+0000] {processor.py:175} INFO - Processing /opt/airflow/dags/houzz_pro/dags/dag_daily_events.py took 1.285 seconds
[2024-03-28T02:52:27.336+0000] {processor.py:153} INFO - Started process (PID=2400) to work on /opt/airflow/dags/houzz_pro/dags/dag_daily_events.py
[2024-03-28T02:52:27.338+0000] {processor.py:743} INFO - Processing file /opt/airflow/dags/houzz_pro/dags/dag_daily_events.py for tasks to queue
[2024-03-28T02:52:27.339+0000] {logging_mixin.py:137} INFO - [2024-03-28T02:52:27.339+0000] {dagbag.py:532} INFO - Filling up the DagBag from /opt/airflow/dags/houzz_pro/dags/dag_daily_events.py
[2024-03-28T02:52:28.523+0000] {processor.py:753} INFO - DAG(s) dict_keys(['update_pro_dwh.pro_schema']) retrieved from /opt/airflow/dags/houzz_pro/dags/dag_daily_events.py
[2024-03-28T02:52:28.602+0000] {logging_mixin.py:137} INFO - [2024-03-28T02:52:28.600+0000] {dag.py:2705} INFO - Sync 1 DAGs
[2024-03-28T02:52:28.667+0000] {logging_mixin.py:137} INFO - [2024-03-28T02:52:28.666+0000] {dag.py:3452} INFO - Setting next_dagrun for update_pro_dwh.pro_schema to 2019-10-10T00:00:00+00:00, run_after=2019-10-10T01:00:00+00:00
[2024-03-28T02:52:28.719+0000] {processor.py:175} INFO - Processing /opt/airflow/dags/houzz_pro/dags/dag_daily_events.py took 1.394 seconds
[2024-03-28T02:52:59.175+0000] {processor.py:153} INFO - Started process (PID=2611) to work on /opt/airflow/dags/houzz_pro/dags/dag_daily_events.py
[2024-03-28T02:52:59.177+0000] {processor.py:743} INFO - Processing file /opt/airflow/dags/houzz_pro/dags/dag_daily_events.py for tasks to queue
[2024-03-28T02:52:59.181+0000] {logging_mixin.py:137} INFO - [2024-03-28T02:52:59.181+0000] {dagbag.py:532} INFO - Filling up the DagBag from /opt/airflow/dags/houzz_pro/dags/dag_daily_events.py
[2024-03-28T02:53:00.969+0000] {processor.py:753} INFO - DAG(s) dict_keys(['update_pro_dwh.pro_schema']) retrieved from /opt/airflow/dags/houzz_pro/dags/dag_daily_events.py
[2024-03-28T02:53:01.039+0000] {logging_mixin.py:137} INFO - [2024-03-28T02:53:01.038+0000] {dag.py:2705} INFO - Sync 1 DAGs
[2024-03-28T02:53:01.110+0000] {logging_mixin.py:137} INFO - [2024-03-28T02:53:01.109+0000] {dag.py:3452} INFO - Setting next_dagrun for update_pro_dwh.pro_schema to 2019-10-10T00:00:00+00:00, run_after=2019-10-10T01:00:00+00:00
[2024-03-28T02:53:01.151+0000] {processor.py:175} INFO - Processing /opt/airflow/dags/houzz_pro/dags/dag_daily_events.py took 1.981 seconds
[2024-03-28T02:53:32.122+0000] {processor.py:153} INFO - Started process (PID=2824) to work on /opt/airflow/dags/houzz_pro/dags/dag_daily_events.py
[2024-03-28T02:53:32.123+0000] {processor.py:743} INFO - Processing file /opt/airflow/dags/houzz_pro/dags/dag_daily_events.py for tasks to queue
[2024-03-28T02:53:32.125+0000] {logging_mixin.py:137} INFO - [2024-03-28T02:53:32.125+0000] {dagbag.py:532} INFO - Filling up the DagBag from /opt/airflow/dags/houzz_pro/dags/dag_daily_events.py
[2024-03-28T02:53:32.815+0000] {processor.py:753} INFO - DAG(s) dict_keys(['update_pro_dwh.pro_schema']) retrieved from /opt/airflow/dags/houzz_pro/dags/dag_daily_events.py
[2024-03-28T02:53:32.860+0000] {logging_mixin.py:137} INFO - [2024-03-28T02:53:32.860+0000] {dag.py:2705} INFO - Sync 1 DAGs
[2024-03-28T02:53:32.901+0000] {logging_mixin.py:137} INFO - [2024-03-28T02:53:32.900+0000] {dag.py:3452} INFO - Setting next_dagrun for update_pro_dwh.pro_schema to 2019-10-10T00:00:00+00:00, run_after=2019-10-10T01:00:00+00:00
[2024-03-28T02:53:32.934+0000] {processor.py:175} INFO - Processing /opt/airflow/dags/houzz_pro/dags/dag_daily_events.py took 0.819 seconds
[2024-03-28T02:54:03.442+0000] {processor.py:153} INFO - Started process (PID=3032) to work on /opt/airflow/dags/houzz_pro/dags/dag_daily_events.py
[2024-03-28T02:54:03.444+0000] {processor.py:743} INFO - Processing file /opt/airflow/dags/houzz_pro/dags/dag_daily_events.py for tasks to queue
[2024-03-28T02:54:03.449+0000] {logging_mixin.py:137} INFO - [2024-03-28T02:54:03.448+0000] {dagbag.py:532} INFO - Filling up the DagBag from /opt/airflow/dags/houzz_pro/dags/dag_daily_events.py
[2024-03-28T02:54:04.360+0000] {processor.py:753} INFO - DAG(s) dict_keys(['update_pro_dwh.pro_schema']) retrieved from /opt/airflow/dags/houzz_pro/dags/dag_daily_events.py
[2024-03-28T02:54:04.408+0000] {logging_mixin.py:137} INFO - [2024-03-28T02:54:04.407+0000] {dag.py:2705} INFO - Sync 1 DAGs
[2024-03-28T02:54:04.459+0000] {logging_mixin.py:137} INFO - [2024-03-28T02:54:04.459+0000] {dag.py:3452} INFO - Setting next_dagrun for update_pro_dwh.pro_schema to 2019-10-10T00:00:00+00:00, run_after=2019-10-10T01:00:00+00:00
[2024-03-28T02:54:04.501+0000] {processor.py:175} INFO - Processing /opt/airflow/dags/houzz_pro/dags/dag_daily_events.py took 1.066 seconds
[2024-03-28T02:54:34.705+0000] {processor.py:153} INFO - Started process (PID=3240) to work on /opt/airflow/dags/houzz_pro/dags/dag_daily_events.py
[2024-03-28T02:54:34.707+0000] {processor.py:743} INFO - Processing file /opt/airflow/dags/houzz_pro/dags/dag_daily_events.py for tasks to queue
[2024-03-28T02:54:34.708+0000] {logging_mixin.py:137} INFO - [2024-03-28T02:54:34.708+0000] {dagbag.py:532} INFO - Filling up the DagBag from /opt/airflow/dags/houzz_pro/dags/dag_daily_events.py
[2024-03-28T02:54:35.375+0000] {processor.py:753} INFO - DAG(s) dict_keys(['update_pro_dwh.pro_schema']) retrieved from /opt/airflow/dags/houzz_pro/dags/dag_daily_events.py
[2024-03-28T02:54:35.408+0000] {logging_mixin.py:137} INFO - [2024-03-28T02:54:35.407+0000] {dag.py:2705} INFO - Sync 1 DAGs
[2024-03-28T02:54:35.440+0000] {logging_mixin.py:137} INFO - [2024-03-28T02:54:35.440+0000] {dag.py:3452} INFO - Setting next_dagrun for update_pro_dwh.pro_schema to 2019-10-10T00:00:00+00:00, run_after=2019-10-10T01:00:00+00:00
[2024-03-28T02:54:35.469+0000] {processor.py:175} INFO - Processing /opt/airflow/dags/houzz_pro/dags/dag_daily_events.py took 0.770 seconds
[2024-03-28T02:55:06.224+0000] {processor.py:153} INFO - Started process (PID=3451) to work on /opt/airflow/dags/houzz_pro/dags/dag_daily_events.py
[2024-03-28T02:55:06.226+0000] {processor.py:743} INFO - Processing file /opt/airflow/dags/houzz_pro/dags/dag_daily_events.py for tasks to queue
[2024-03-28T02:55:06.227+0000] {logging_mixin.py:137} INFO - [2024-03-28T02:55:06.227+0000] {dagbag.py:532} INFO - Filling up the DagBag from /opt/airflow/dags/houzz_pro/dags/dag_daily_events.py
[2024-03-28T02:55:07.274+0000] {processor.py:753} INFO - DAG(s) dict_keys(['update_pro_dwh.pro_schema']) retrieved from /opt/airflow/dags/houzz_pro/dags/dag_daily_events.py
[2024-03-28T02:55:07.311+0000] {logging_mixin.py:137} INFO - [2024-03-28T02:55:07.310+0000] {dag.py:2705} INFO - Sync 1 DAGs
[2024-03-28T02:55:07.351+0000] {logging_mixin.py:137} INFO - [2024-03-28T02:55:07.351+0000] {dag.py:3452} INFO - Setting next_dagrun for update_pro_dwh.pro_schema to 2019-10-10T00:00:00+00:00, run_after=2019-10-10T01:00:00+00:00
[2024-03-28T02:55:07.382+0000] {processor.py:175} INFO - Processing /opt/airflow/dags/houzz_pro/dags/dag_daily_events.py took 1.167 seconds
[2024-03-28T02:55:37.676+0000] {processor.py:153} INFO - Started process (PID=3661) to work on /opt/airflow/dags/houzz_pro/dags/dag_daily_events.py
[2024-03-28T02:55:37.678+0000] {processor.py:743} INFO - Processing file /opt/airflow/dags/houzz_pro/dags/dag_daily_events.py for tasks to queue
[2024-03-28T02:55:37.679+0000] {logging_mixin.py:137} INFO - [2024-03-28T02:55:37.679+0000] {dagbag.py:532} INFO - Filling up the DagBag from /opt/airflow/dags/houzz_pro/dags/dag_daily_events.py
[2024-03-28T02:55:38.328+0000] {processor.py:753} INFO - DAG(s) dict_keys(['update_pro_dwh.pro_schema']) retrieved from /opt/airflow/dags/houzz_pro/dags/dag_daily_events.py
[2024-03-28T02:55:38.362+0000] {logging_mixin.py:137} INFO - [2024-03-28T02:55:38.361+0000] {dag.py:2705} INFO - Sync 1 DAGs
[2024-03-28T02:55:38.394+0000] {logging_mixin.py:137} INFO - [2024-03-28T02:55:38.394+0000] {dag.py:3452} INFO - Setting next_dagrun for update_pro_dwh.pro_schema to 2019-10-10T00:00:00+00:00, run_after=2019-10-10T01:00:00+00:00
[2024-03-28T02:55:38.422+0000] {processor.py:175} INFO - Processing /opt/airflow/dags/houzz_pro/dags/dag_daily_events.py took 0.751 seconds
[2024-03-28T02:56:08.936+0000] {processor.py:153} INFO - Started process (PID=3872) to work on /opt/airflow/dags/houzz_pro/dags/dag_daily_events.py
[2024-03-28T02:56:08.937+0000] {processor.py:743} INFO - Processing file /opt/airflow/dags/houzz_pro/dags/dag_daily_events.py for tasks to queue
[2024-03-28T02:56:08.939+0000] {logging_mixin.py:137} INFO - [2024-03-28T02:56:08.938+0000] {dagbag.py:532} INFO - Filling up the DagBag from /opt/airflow/dags/houzz_pro/dags/dag_daily_events.py
[2024-03-28T02:56:09.598+0000] {processor.py:753} INFO - DAG(s) dict_keys(['update_pro_dwh.pro_schema']) retrieved from /opt/airflow/dags/houzz_pro/dags/dag_daily_events.py
[2024-03-28T02:56:09.630+0000] {logging_mixin.py:137} INFO - [2024-03-28T02:56:09.628+0000] {dag.py:2705} INFO - Sync 1 DAGs
[2024-03-28T02:56:09.665+0000] {logging_mixin.py:137} INFO - [2024-03-28T02:56:09.664+0000] {dag.py:3452} INFO - Setting next_dagrun for update_pro_dwh.pro_schema to 2019-10-10T00:00:00+00:00, run_after=2019-10-10T01:00:00+00:00
[2024-03-28T02:56:09.695+0000] {processor.py:175} INFO - Processing /opt/airflow/dags/houzz_pro/dags/dag_daily_events.py took 0.765 seconds
[2024-03-28T02:56:39.995+0000] {processor.py:153} INFO - Started process (PID=4083) to work on /opt/airflow/dags/houzz_pro/dags/dag_daily_events.py
[2024-03-28T02:56:39.998+0000] {processor.py:743} INFO - Processing file /opt/airflow/dags/houzz_pro/dags/dag_daily_events.py for tasks to queue
[2024-03-28T02:56:40.000+0000] {logging_mixin.py:137} INFO - [2024-03-28T02:56:39.999+0000] {dagbag.py:532} INFO - Filling up the DagBag from /opt/airflow/dags/houzz_pro/dags/dag_daily_events.py
[2024-03-28T02:56:40.856+0000] {processor.py:753} INFO - DAG(s) dict_keys(['update_pro_dwh.pro_schema']) retrieved from /opt/airflow/dags/houzz_pro/dags/dag_daily_events.py
[2024-03-28T02:56:40.892+0000] {logging_mixin.py:137} INFO - [2024-03-28T02:56:40.892+0000] {dag.py:2705} INFO - Sync 1 DAGs
[2024-03-28T02:56:40.933+0000] {logging_mixin.py:137} INFO - [2024-03-28T02:56:40.932+0000] {dag.py:3452} INFO - Setting next_dagrun for update_pro_dwh.pro_schema to 2019-10-10T00:00:00+00:00, run_after=2019-10-10T01:00:00+00:00
[2024-03-28T02:56:40.963+0000] {processor.py:175} INFO - Processing /opt/airflow/dags/houzz_pro/dags/dag_daily_events.py took 0.972 seconds
