[2024-03-28T02:46:26.972+0000] {processor.py:153} INFO - Started process (PID=361) to work on /opt/airflow/dags/houzz_pro/Tasks/legacy_dags/activity_gc.py
[2024-03-28T02:46:26.976+0000] {processor.py:743} INFO - Processing file /opt/airflow/dags/houzz_pro/Tasks/legacy_dags/activity_gc.py for tasks to queue
[2024-03-28T02:46:26.980+0000] {logging_mixin.py:137} INFO - [2024-03-28T02:46:26.980+0000] {dagbag.py:532} INFO - Filling up the DagBag from /opt/airflow/dags/houzz_pro/Tasks/legacy_dags/activity_gc.py
[2024-03-28T02:46:28.806+0000] {processor.py:753} INFO - DAG(s) dict_keys(['updte_ivy_activity_gc']) retrieved from /opt/airflow/dags/houzz_pro/Tasks/legacy_dags/activity_gc.py
[2024-03-28T02:46:29.075+0000] {logging_mixin.py:137} INFO - [2024-03-28T02:46:29.075+0000] {manager.py:504} INFO - Created Permission View: can delete on DAG:updte_ivy_activity_gc
[2024-03-28T02:46:29.122+0000] {logging_mixin.py:137} INFO - [2024-03-28T02:46:29.121+0000] {manager.py:504} INFO - Created Permission View: can read on DAG:updte_ivy_activity_gc
[2024-03-28T02:46:29.141+0000] {logging_mixin.py:137} INFO - [2024-03-28T02:46:29.141+0000] {manager.py:504} INFO - Created Permission View: can edit on DAG:updte_ivy_activity_gc
[2024-03-28T02:46:29.143+0000] {logging_mixin.py:137} INFO - [2024-03-28T02:46:29.142+0000] {dag.py:2705} INFO - Sync 1 DAGs
[2024-03-28T02:46:29.175+0000] {logging_mixin.py:137} WARNING - /home/airflow/.local/lib/python3.10/site-packages/airflow/models/dag.py:3223 DeprecationWarning: The dag_concurrency option in [core] has been renamed to max_active_tasks_per_dag - the old setting has been used, but please update your config.
[2024-03-28T02:46:29.181+0000] {logging_mixin.py:137} INFO - [2024-03-28T02:46:29.179+0000] {dag.py:2726} INFO - Creating ORM DAG for updte_ivy_activity_gc
[2024-03-28T02:46:29.218+0000] {logging_mixin.py:137} INFO - [2024-03-28T02:46:29.217+0000] {dag.py:3452} INFO - Setting next_dagrun for updte_ivy_activity_gc to 2019-12-23T00:00:00+00:00, run_after=2019-12-23T01:00:00+00:00
[2024-03-28T02:46:29.291+0000] {processor.py:175} INFO - Processing /opt/airflow/dags/houzz_pro/Tasks/legacy_dags/activity_gc.py took 2.332 seconds
[2024-03-28T02:47:29.610+0000] {processor.py:153} INFO - Started process (PID=613) to work on /opt/airflow/dags/houzz_pro/Tasks/legacy_dags/activity_gc.py
[2024-03-28T02:47:29.617+0000] {processor.py:743} INFO - Processing file /opt/airflow/dags/houzz_pro/Tasks/legacy_dags/activity_gc.py for tasks to queue
[2024-03-28T02:47:29.621+0000] {logging_mixin.py:137} INFO - [2024-03-28T02:47:29.621+0000] {dagbag.py:532} INFO - Filling up the DagBag from /opt/airflow/dags/houzz_pro/Tasks/legacy_dags/activity_gc.py
[2024-03-28T02:47:32.123+0000] {processor.py:753} INFO - DAG(s) dict_keys(['updte_ivy_activity_gc']) retrieved from /opt/airflow/dags/houzz_pro/Tasks/legacy_dags/activity_gc.py
[2024-03-28T02:47:32.242+0000] {logging_mixin.py:137} INFO - [2024-03-28T02:47:32.241+0000] {dag.py:2705} INFO - Sync 1 DAGs
[2024-03-28T02:47:32.320+0000] {logging_mixin.py:137} INFO - [2024-03-28T02:47:32.319+0000] {dag.py:3452} INFO - Setting next_dagrun for updte_ivy_activity_gc to 2019-12-23T00:00:00+00:00, run_after=2019-12-23T01:00:00+00:00
[2024-03-28T02:47:32.401+0000] {processor.py:175} INFO - Processing /opt/airflow/dags/houzz_pro/Tasks/legacy_dags/activity_gc.py took 2.785 seconds
[2024-03-28T02:48:19.275+0000] {processor.py:153} INFO - Started process (PID=845) to work on /opt/airflow/dags/houzz_pro/Tasks/legacy_dags/activity_gc.py
[2024-03-28T02:48:19.278+0000] {processor.py:743} INFO - Processing file /opt/airflow/dags/houzz_pro/Tasks/legacy_dags/activity_gc.py for tasks to queue
[2024-03-28T02:48:19.281+0000] {logging_mixin.py:137} INFO - [2024-03-28T02:48:19.280+0000] {dagbag.py:532} INFO - Filling up the DagBag from /opt/airflow/dags/houzz_pro/Tasks/legacy_dags/activity_gc.py
[2024-03-28T02:48:22.334+0000] {processor.py:753} INFO - DAG(s) dict_keys(['updte_ivy_activity_gc']) retrieved from /opt/airflow/dags/houzz_pro/Tasks/legacy_dags/activity_gc.py
[2024-03-28T02:48:22.797+0000] {logging_mixin.py:137} INFO - [2024-03-28T02:48:22.796+0000] {dag.py:2705} INFO - Sync 1 DAGs
[2024-03-28T02:48:22.873+0000] {logging_mixin.py:137} INFO - [2024-03-28T02:48:22.873+0000] {dag.py:3452} INFO - Setting next_dagrun for updte_ivy_activity_gc to 2019-12-23T00:00:00+00:00, run_after=2019-12-23T01:00:00+00:00
[2024-03-28T02:48:23.098+0000] {processor.py:175} INFO - Processing /opt/airflow/dags/houzz_pro/Tasks/legacy_dags/activity_gc.py took 3.836 seconds
[2024-03-28T02:48:53.588+0000] {processor.py:153} INFO - Started process (PID=1056) to work on /opt/airflow/dags/houzz_pro/Tasks/legacy_dags/activity_gc.py
[2024-03-28T02:48:53.590+0000] {processor.py:743} INFO - Processing file /opt/airflow/dags/houzz_pro/Tasks/legacy_dags/activity_gc.py for tasks to queue
[2024-03-28T02:48:53.592+0000] {logging_mixin.py:137} INFO - [2024-03-28T02:48:53.592+0000] {dagbag.py:532} INFO - Filling up the DagBag from /opt/airflow/dags/houzz_pro/Tasks/legacy_dags/activity_gc.py
[2024-03-28T02:48:55.020+0000] {processor.py:753} INFO - DAG(s) dict_keys(['updte_ivy_activity_gc']) retrieved from /opt/airflow/dags/houzz_pro/Tasks/legacy_dags/activity_gc.py
[2024-03-28T02:48:55.065+0000] {logging_mixin.py:137} INFO - [2024-03-28T02:48:55.061+0000] {dag.py:2705} INFO - Sync 1 DAGs
[2024-03-28T02:48:55.117+0000] {logging_mixin.py:137} INFO - [2024-03-28T02:48:55.117+0000] {dag.py:3452} INFO - Setting next_dagrun for updte_ivy_activity_gc to 2019-12-23T00:00:00+00:00, run_after=2019-12-23T01:00:00+00:00
[2024-03-28T02:48:55.160+0000] {processor.py:175} INFO - Processing /opt/airflow/dags/houzz_pro/Tasks/legacy_dags/activity_gc.py took 1.578 seconds
[2024-03-28T02:49:28.288+0000] {processor.py:153} INFO - Started process (PID=1266) to work on /opt/airflow/dags/houzz_pro/Tasks/legacy_dags/activity_gc.py
[2024-03-28T02:49:28.304+0000] {processor.py:743} INFO - Processing file /opt/airflow/dags/houzz_pro/Tasks/legacy_dags/activity_gc.py for tasks to queue
[2024-03-28T02:49:28.309+0000] {logging_mixin.py:137} INFO - [2024-03-28T02:49:28.309+0000] {dagbag.py:532} INFO - Filling up the DagBag from /opt/airflow/dags/houzz_pro/Tasks/legacy_dags/activity_gc.py
[2024-03-28T02:49:29.518+0000] {processor.py:753} INFO - DAG(s) dict_keys(['updte_ivy_activity_gc']) retrieved from /opt/airflow/dags/houzz_pro/Tasks/legacy_dags/activity_gc.py
[2024-03-28T02:49:29.566+0000] {logging_mixin.py:137} INFO - [2024-03-28T02:49:29.564+0000] {dag.py:2705} INFO - Sync 1 DAGs
[2024-03-28T02:49:29.611+0000] {logging_mixin.py:137} INFO - [2024-03-28T02:49:29.611+0000] {dag.py:3452} INFO - Setting next_dagrun for updte_ivy_activity_gc to 2019-12-23T00:00:00+00:00, run_after=2019-12-23T01:00:00+00:00
[2024-03-28T02:49:29.651+0000] {processor.py:175} INFO - Processing /opt/airflow/dags/houzz_pro/Tasks/legacy_dags/activity_gc.py took 1.371 seconds
[2024-03-28T02:50:00.426+0000] {processor.py:153} INFO - Started process (PID=1467) to work on /opt/airflow/dags/houzz_pro/Tasks/legacy_dags/activity_gc.py
[2024-03-28T02:50:00.427+0000] {processor.py:743} INFO - Processing file /opt/airflow/dags/houzz_pro/Tasks/legacy_dags/activity_gc.py for tasks to queue
[2024-03-28T02:50:00.431+0000] {logging_mixin.py:137} INFO - [2024-03-28T02:50:00.431+0000] {dagbag.py:532} INFO - Filling up the DagBag from /opt/airflow/dags/houzz_pro/Tasks/legacy_dags/activity_gc.py
[2024-03-28T02:50:01.473+0000] {processor.py:753} INFO - DAG(s) dict_keys(['updte_ivy_activity_gc']) retrieved from /opt/airflow/dags/houzz_pro/Tasks/legacy_dags/activity_gc.py
[2024-03-28T02:50:01.547+0000] {logging_mixin.py:137} INFO - [2024-03-28T02:50:01.546+0000] {dag.py:2705} INFO - Sync 1 DAGs
[2024-03-28T02:50:01.606+0000] {logging_mixin.py:137} INFO - [2024-03-28T02:50:01.606+0000] {dag.py:3452} INFO - Setting next_dagrun for updte_ivy_activity_gc to 2019-12-23T00:00:00+00:00, run_after=2019-12-23T01:00:00+00:00
[2024-03-28T02:50:01.643+0000] {processor.py:175} INFO - Processing /opt/airflow/dags/houzz_pro/Tasks/legacy_dags/activity_gc.py took 1.224 seconds
[2024-03-28T02:50:38.435+0000] {processor.py:153} INFO - Started process (PID=1689) to work on /opt/airflow/dags/houzz_pro/Tasks/legacy_dags/activity_gc.py
[2024-03-28T02:50:38.438+0000] {processor.py:743} INFO - Processing file /opt/airflow/dags/houzz_pro/Tasks/legacy_dags/activity_gc.py for tasks to queue
[2024-03-28T02:50:38.441+0000] {logging_mixin.py:137} INFO - [2024-03-28T02:50:38.440+0000] {dagbag.py:532} INFO - Filling up the DagBag from /opt/airflow/dags/houzz_pro/Tasks/legacy_dags/activity_gc.py
[2024-03-28T02:50:39.564+0000] {processor.py:753} INFO - DAG(s) dict_keys(['updte_ivy_activity_gc']) retrieved from /opt/airflow/dags/houzz_pro/Tasks/legacy_dags/activity_gc.py
[2024-03-28T02:50:39.612+0000] {logging_mixin.py:137} INFO - [2024-03-28T02:50:39.612+0000] {dag.py:2705} INFO - Sync 1 DAGs
[2024-03-28T02:50:39.705+0000] {logging_mixin.py:137} INFO - [2024-03-28T02:50:39.704+0000] {dag.py:3452} INFO - Setting next_dagrun for updte_ivy_activity_gc to 2019-12-23T00:00:00+00:00, run_after=2019-12-23T01:00:00+00:00
[2024-03-28T02:50:39.771+0000] {processor.py:175} INFO - Processing /opt/airflow/dags/houzz_pro/Tasks/legacy_dags/activity_gc.py took 1.349 seconds
[2024-03-28T02:51:12.105+0000] {processor.py:153} INFO - Started process (PID=1889) to work on /opt/airflow/dags/houzz_pro/Tasks/legacy_dags/activity_gc.py
[2024-03-28T02:51:12.108+0000] {processor.py:743} INFO - Processing file /opt/airflow/dags/houzz_pro/Tasks/legacy_dags/activity_gc.py for tasks to queue
[2024-03-28T02:51:12.115+0000] {logging_mixin.py:137} INFO - [2024-03-28T02:51:12.115+0000] {dagbag.py:532} INFO - Filling up the DagBag from /opt/airflow/dags/houzz_pro/Tasks/legacy_dags/activity_gc.py
[2024-03-28T02:51:13.519+0000] {processor.py:753} INFO - DAG(s) dict_keys(['updte_ivy_activity_gc']) retrieved from /opt/airflow/dags/houzz_pro/Tasks/legacy_dags/activity_gc.py
[2024-03-28T02:51:13.608+0000] {logging_mixin.py:137} INFO - [2024-03-28T02:51:13.607+0000] {dag.py:2705} INFO - Sync 1 DAGs
[2024-03-28T02:51:13.685+0000] {logging_mixin.py:137} INFO - [2024-03-28T02:51:13.684+0000] {dag.py:3452} INFO - Setting next_dagrun for updte_ivy_activity_gc to 2019-12-23T00:00:00+00:00, run_after=2019-12-23T01:00:00+00:00
[2024-03-28T02:51:13.741+0000] {processor.py:175} INFO - Processing /opt/airflow/dags/houzz_pro/Tasks/legacy_dags/activity_gc.py took 1.645 seconds
[2024-03-28T02:51:44.094+0000] {processor.py:153} INFO - Started process (PID=2100) to work on /opt/airflow/dags/houzz_pro/Tasks/legacy_dags/activity_gc.py
[2024-03-28T02:51:44.097+0000] {processor.py:743} INFO - Processing file /opt/airflow/dags/houzz_pro/Tasks/legacy_dags/activity_gc.py for tasks to queue
[2024-03-28T02:51:44.100+0000] {logging_mixin.py:137} INFO - [2024-03-28T02:51:44.100+0000] {dagbag.py:532} INFO - Filling up the DagBag from /opt/airflow/dags/houzz_pro/Tasks/legacy_dags/activity_gc.py
[2024-03-28T02:51:45.142+0000] {processor.py:753} INFO - DAG(s) dict_keys(['updte_ivy_activity_gc']) retrieved from /opt/airflow/dags/houzz_pro/Tasks/legacy_dags/activity_gc.py
[2024-03-28T02:51:45.200+0000] {logging_mixin.py:137} INFO - [2024-03-28T02:51:45.198+0000] {dag.py:2705} INFO - Sync 1 DAGs
[2024-03-28T02:51:45.257+0000] {logging_mixin.py:137} INFO - [2024-03-28T02:51:45.257+0000] {dag.py:3452} INFO - Setting next_dagrun for updte_ivy_activity_gc to 2019-12-23T00:00:00+00:00, run_after=2019-12-23T01:00:00+00:00
[2024-03-28T02:51:45.309+0000] {processor.py:175} INFO - Processing /opt/airflow/dags/houzz_pro/Tasks/legacy_dags/activity_gc.py took 1.223 seconds
[2024-03-28T02:52:19.225+0000] {processor.py:153} INFO - Started process (PID=2310) to work on /opt/airflow/dags/houzz_pro/Tasks/legacy_dags/activity_gc.py
[2024-03-28T02:52:19.227+0000] {processor.py:743} INFO - Processing file /opt/airflow/dags/houzz_pro/Tasks/legacy_dags/activity_gc.py for tasks to queue
[2024-03-28T02:52:19.229+0000] {logging_mixin.py:137} INFO - [2024-03-28T02:52:19.228+0000] {dagbag.py:532} INFO - Filling up the DagBag from /opt/airflow/dags/houzz_pro/Tasks/legacy_dags/activity_gc.py
[2024-03-28T02:52:20.203+0000] {processor.py:753} INFO - DAG(s) dict_keys(['updte_ivy_activity_gc']) retrieved from /opt/airflow/dags/houzz_pro/Tasks/legacy_dags/activity_gc.py
[2024-03-28T02:52:20.250+0000] {logging_mixin.py:137} INFO - [2024-03-28T02:52:20.249+0000] {dag.py:2705} INFO - Sync 1 DAGs
[2024-03-28T02:52:20.294+0000] {logging_mixin.py:137} INFO - [2024-03-28T02:52:20.294+0000] {dag.py:3452} INFO - Setting next_dagrun for updte_ivy_activity_gc to 2019-12-23T00:00:00+00:00, run_after=2019-12-23T01:00:00+00:00
[2024-03-28T02:52:20.334+0000] {processor.py:175} INFO - Processing /opt/airflow/dags/houzz_pro/Tasks/legacy_dags/activity_gc.py took 1.115 seconds
[2024-03-28T02:52:51.055+0000] {processor.py:153} INFO - Started process (PID=2521) to work on /opt/airflow/dags/houzz_pro/Tasks/legacy_dags/activity_gc.py
[2024-03-28T02:52:51.057+0000] {processor.py:743} INFO - Processing file /opt/airflow/dags/houzz_pro/Tasks/legacy_dags/activity_gc.py for tasks to queue
[2024-03-28T02:52:51.060+0000] {logging_mixin.py:137} INFO - [2024-03-28T02:52:51.060+0000] {dagbag.py:532} INFO - Filling up the DagBag from /opt/airflow/dags/houzz_pro/Tasks/legacy_dags/activity_gc.py
[2024-03-28T02:52:52.201+0000] {processor.py:753} INFO - DAG(s) dict_keys(['updte_ivy_activity_gc']) retrieved from /opt/airflow/dags/houzz_pro/Tasks/legacy_dags/activity_gc.py
[2024-03-28T02:52:52.256+0000] {logging_mixin.py:137} INFO - [2024-03-28T02:52:52.255+0000] {dag.py:2705} INFO - Sync 1 DAGs
[2024-03-28T02:52:52.316+0000] {logging_mixin.py:137} INFO - [2024-03-28T02:52:52.316+0000] {dag.py:3452} INFO - Setting next_dagrun for updte_ivy_activity_gc to 2019-12-23T00:00:00+00:00, run_after=2019-12-23T01:00:00+00:00
[2024-03-28T02:52:52.363+0000] {processor.py:175} INFO - Processing /opt/airflow/dags/houzz_pro/Tasks/legacy_dags/activity_gc.py took 1.323 seconds
[2024-03-28T02:53:22.865+0000] {processor.py:153} INFO - Started process (PID=2729) to work on /opt/airflow/dags/houzz_pro/Tasks/legacy_dags/activity_gc.py
[2024-03-28T02:53:22.867+0000] {processor.py:743} INFO - Processing file /opt/airflow/dags/houzz_pro/Tasks/legacy_dags/activity_gc.py for tasks to queue
[2024-03-28T02:53:22.868+0000] {logging_mixin.py:137} INFO - [2024-03-28T02:53:22.868+0000] {dagbag.py:532} INFO - Filling up the DagBag from /opt/airflow/dags/houzz_pro/Tasks/legacy_dags/activity_gc.py
[2024-03-28T02:53:23.544+0000] {processor.py:753} INFO - DAG(s) dict_keys(['updte_ivy_activity_gc']) retrieved from /opt/airflow/dags/houzz_pro/Tasks/legacy_dags/activity_gc.py
[2024-03-28T02:53:23.583+0000] {logging_mixin.py:137} INFO - [2024-03-28T02:53:23.582+0000] {dag.py:2705} INFO - Sync 1 DAGs
[2024-03-28T02:53:23.624+0000] {logging_mixin.py:137} INFO - [2024-03-28T02:53:23.624+0000] {dag.py:3452} INFO - Setting next_dagrun for updte_ivy_activity_gc to 2019-12-23T00:00:00+00:00, run_after=2019-12-23T01:00:00+00:00
[2024-03-28T02:53:23.655+0000] {processor.py:175} INFO - Processing /opt/airflow/dags/houzz_pro/Tasks/legacy_dags/activity_gc.py took 0.797 seconds
[2024-03-28T02:53:54.367+0000] {processor.py:153} INFO - Started process (PID=2940) to work on /opt/airflow/dags/houzz_pro/Tasks/legacy_dags/activity_gc.py
[2024-03-28T02:53:54.369+0000] {processor.py:743} INFO - Processing file /opt/airflow/dags/houzz_pro/Tasks/legacy_dags/activity_gc.py for tasks to queue
[2024-03-28T02:53:54.370+0000] {logging_mixin.py:137} INFO - [2024-03-28T02:53:54.370+0000] {dagbag.py:532} INFO - Filling up the DagBag from /opt/airflow/dags/houzz_pro/Tasks/legacy_dags/activity_gc.py
[2024-03-28T02:53:55.043+0000] {processor.py:753} INFO - DAG(s) dict_keys(['updte_ivy_activity_gc']) retrieved from /opt/airflow/dags/houzz_pro/Tasks/legacy_dags/activity_gc.py
[2024-03-28T02:53:55.077+0000] {logging_mixin.py:137} INFO - [2024-03-28T02:53:55.077+0000] {dag.py:2705} INFO - Sync 1 DAGs
[2024-03-28T02:53:55.112+0000] {logging_mixin.py:137} INFO - [2024-03-28T02:53:55.112+0000] {dag.py:3452} INFO - Setting next_dagrun for updte_ivy_activity_gc to 2019-12-23T00:00:00+00:00, run_after=2019-12-23T01:00:00+00:00
[2024-03-28T02:53:55.151+0000] {processor.py:175} INFO - Processing /opt/airflow/dags/houzz_pro/Tasks/legacy_dags/activity_gc.py took 0.791 seconds
[2024-03-28T02:54:25.491+0000] {processor.py:153} INFO - Started process (PID=3151) to work on /opt/airflow/dags/houzz_pro/Tasks/legacy_dags/activity_gc.py
[2024-03-28T02:54:25.494+0000] {processor.py:743} INFO - Processing file /opt/airflow/dags/houzz_pro/Tasks/legacy_dags/activity_gc.py for tasks to queue
[2024-03-28T02:54:25.497+0000] {logging_mixin.py:137} INFO - [2024-03-28T02:54:25.496+0000] {dagbag.py:532} INFO - Filling up the DagBag from /opt/airflow/dags/houzz_pro/Tasks/legacy_dags/activity_gc.py
[2024-03-28T02:54:26.302+0000] {processor.py:753} INFO - DAG(s) dict_keys(['updte_ivy_activity_gc']) retrieved from /opt/airflow/dags/houzz_pro/Tasks/legacy_dags/activity_gc.py
[2024-03-28T02:54:26.342+0000] {logging_mixin.py:137} INFO - [2024-03-28T02:54:26.341+0000] {dag.py:2705} INFO - Sync 1 DAGs
[2024-03-28T02:54:26.384+0000] {logging_mixin.py:137} INFO - [2024-03-28T02:54:26.384+0000] {dag.py:3452} INFO - Setting next_dagrun for updte_ivy_activity_gc to 2019-12-23T00:00:00+00:00, run_after=2019-12-23T01:00:00+00:00
[2024-03-28T02:54:26.420+0000] {processor.py:175} INFO - Processing /opt/airflow/dags/houzz_pro/Tasks/legacy_dags/activity_gc.py took 0.935 seconds
[2024-03-28T02:54:57.171+0000] {processor.py:153} INFO - Started process (PID=3369) to work on /opt/airflow/dags/houzz_pro/Tasks/legacy_dags/activity_gc.py
[2024-03-28T02:54:57.172+0000] {processor.py:743} INFO - Processing file /opt/airflow/dags/houzz_pro/Tasks/legacy_dags/activity_gc.py for tasks to queue
[2024-03-28T02:54:57.174+0000] {logging_mixin.py:137} INFO - [2024-03-28T02:54:57.173+0000] {dagbag.py:532} INFO - Filling up the DagBag from /opt/airflow/dags/houzz_pro/Tasks/legacy_dags/activity_gc.py
[2024-03-28T02:54:57.867+0000] {processor.py:753} INFO - DAG(s) dict_keys(['updte_ivy_activity_gc']) retrieved from /opt/airflow/dags/houzz_pro/Tasks/legacy_dags/activity_gc.py
[2024-03-28T02:54:57.906+0000] {logging_mixin.py:137} INFO - [2024-03-28T02:54:57.905+0000] {dag.py:2705} INFO - Sync 1 DAGs
[2024-03-28T02:54:57.941+0000] {logging_mixin.py:137} INFO - [2024-03-28T02:54:57.940+0000] {dag.py:3452} INFO - Setting next_dagrun for updte_ivy_activity_gc to 2019-12-23T00:00:00+00:00, run_after=2019-12-23T01:00:00+00:00
[2024-03-28T02:54:57.971+0000] {processor.py:175} INFO - Processing /opt/airflow/dags/houzz_pro/Tasks/legacy_dags/activity_gc.py took 0.805 seconds
[2024-03-28T02:55:28.900+0000] {processor.py:153} INFO - Started process (PID=3590) to work on /opt/airflow/dags/houzz_pro/Tasks/legacy_dags/activity_gc.py
[2024-03-28T02:55:28.902+0000] {processor.py:743} INFO - Processing file /opt/airflow/dags/houzz_pro/Tasks/legacy_dags/activity_gc.py for tasks to queue
[2024-03-28T02:55:28.904+0000] {logging_mixin.py:137} INFO - [2024-03-28T02:55:28.903+0000] {dagbag.py:532} INFO - Filling up the DagBag from /opt/airflow/dags/houzz_pro/Tasks/legacy_dags/activity_gc.py
[2024-03-28T02:55:29.654+0000] {processor.py:753} INFO - DAG(s) dict_keys(['updte_ivy_activity_gc']) retrieved from /opt/airflow/dags/houzz_pro/Tasks/legacy_dags/activity_gc.py
[2024-03-28T02:55:29.692+0000] {logging_mixin.py:137} INFO - [2024-03-28T02:55:29.691+0000] {dag.py:2705} INFO - Sync 1 DAGs
[2024-03-28T02:55:29.727+0000] {logging_mixin.py:137} INFO - [2024-03-28T02:55:29.727+0000] {dag.py:3452} INFO - Setting next_dagrun for updte_ivy_activity_gc to 2019-12-23T00:00:00+00:00, run_after=2019-12-23T01:00:00+00:00
[2024-03-28T02:55:29.756+0000] {processor.py:175} INFO - Processing /opt/airflow/dags/houzz_pro/Tasks/legacy_dags/activity_gc.py took 0.864 seconds
[2024-03-28T02:56:00.630+0000] {processor.py:153} INFO - Started process (PID=3801) to work on /opt/airflow/dags/houzz_pro/Tasks/legacy_dags/activity_gc.py
[2024-03-28T02:56:00.632+0000] {processor.py:743} INFO - Processing file /opt/airflow/dags/houzz_pro/Tasks/legacy_dags/activity_gc.py for tasks to queue
[2024-03-28T02:56:00.634+0000] {logging_mixin.py:137} INFO - [2024-03-28T02:56:00.634+0000] {dagbag.py:532} INFO - Filling up the DagBag from /opt/airflow/dags/houzz_pro/Tasks/legacy_dags/activity_gc.py
[2024-03-28T02:56:01.269+0000] {processor.py:753} INFO - DAG(s) dict_keys(['updte_ivy_activity_gc']) retrieved from /opt/airflow/dags/houzz_pro/Tasks/legacy_dags/activity_gc.py
[2024-03-28T02:56:01.302+0000] {logging_mixin.py:137} INFO - [2024-03-28T02:56:01.301+0000] {dag.py:2705} INFO - Sync 1 DAGs
[2024-03-28T02:56:01.334+0000] {logging_mixin.py:137} INFO - [2024-03-28T02:56:01.333+0000] {dag.py:3452} INFO - Setting next_dagrun for updte_ivy_activity_gc to 2019-12-23T00:00:00+00:00, run_after=2019-12-23T01:00:00+00:00
[2024-03-28T02:56:01.358+0000] {processor.py:175} INFO - Processing /opt/airflow/dags/houzz_pro/Tasks/legacy_dags/activity_gc.py took 0.734 seconds
[2024-03-28T02:56:31.717+0000] {processor.py:153} INFO - Started process (PID=4012) to work on /opt/airflow/dags/houzz_pro/Tasks/legacy_dags/activity_gc.py
[2024-03-28T02:56:31.733+0000] {processor.py:743} INFO - Processing file /opt/airflow/dags/houzz_pro/Tasks/legacy_dags/activity_gc.py for tasks to queue
[2024-03-28T02:56:31.735+0000] {logging_mixin.py:137} INFO - [2024-03-28T02:56:31.735+0000] {dagbag.py:532} INFO - Filling up the DagBag from /opt/airflow/dags/houzz_pro/Tasks/legacy_dags/activity_gc.py
[2024-03-28T02:56:32.444+0000] {processor.py:753} INFO - DAG(s) dict_keys(['updte_ivy_activity_gc']) retrieved from /opt/airflow/dags/houzz_pro/Tasks/legacy_dags/activity_gc.py
[2024-03-28T02:56:32.484+0000] {logging_mixin.py:137} INFO - [2024-03-28T02:56:32.483+0000] {dag.py:2705} INFO - Sync 1 DAGs
[2024-03-28T02:56:32.520+0000] {logging_mixin.py:137} INFO - [2024-03-28T02:56:32.520+0000] {dag.py:3452} INFO - Setting next_dagrun for updte_ivy_activity_gc to 2019-12-23T00:00:00+00:00, run_after=2019-12-23T01:00:00+00:00
[2024-03-28T02:56:32.550+0000] {processor.py:175} INFO - Processing /opt/airflow/dags/houzz_pro/Tasks/legacy_dags/activity_gc.py took 0.841 seconds
