[2024-03-28T02:46:28.285+0000] {processor.py:153} INFO - Started process (PID=367) to work on /opt/airflow/dags/houzz_pro/Tasks/legacy_dags/activity_core.py
[2024-03-28T02:46:28.288+0000] {processor.py:743} INFO - Processing file /opt/airflow/dags/houzz_pro/Tasks/legacy_dags/activity_core.py for tasks to queue
[2024-03-28T02:46:28.293+0000] {logging_mixin.py:137} INFO - [2024-03-28T02:46:28.292+0000] {dagbag.py:532} INFO - Filling up the DagBag from /opt/airflow/dags/houzz_pro/Tasks/legacy_dags/activity_core.py
[2024-03-28T02:46:29.620+0000] {processor.py:753} INFO - DAG(s) dict_keys(['updte_ivy_activity_core']) retrieved from /opt/airflow/dags/houzz_pro/Tasks/legacy_dags/activity_core.py
[2024-03-28T02:46:29.971+0000] {logging_mixin.py:137} INFO - [2024-03-28T02:46:29.970+0000] {manager.py:504} INFO - Created Permission View: can delete on DAG:updte_ivy_activity_core
[2024-03-28T02:46:30.006+0000] {logging_mixin.py:137} INFO - [2024-03-28T02:46:30.006+0000] {manager.py:504} INFO - Created Permission View: can read on DAG:updte_ivy_activity_core
[2024-03-28T02:46:30.027+0000] {logging_mixin.py:137} INFO - [2024-03-28T02:46:30.027+0000] {manager.py:504} INFO - Created Permission View: can edit on DAG:updte_ivy_activity_core
[2024-03-28T02:46:30.033+0000] {logging_mixin.py:137} INFO - [2024-03-28T02:46:30.031+0000] {dag.py:2705} INFO - Sync 1 DAGs
[2024-03-28T02:46:30.084+0000] {logging_mixin.py:137} WARNING - /home/airflow/.local/lib/python3.10/site-packages/airflow/models/dag.py:3223 DeprecationWarning: The dag_concurrency option in [core] has been renamed to max_active_tasks_per_dag - the old setting has been used, but please update your config.
[2024-03-28T02:46:30.088+0000] {logging_mixin.py:137} INFO - [2024-03-28T02:46:30.086+0000] {dag.py:2726} INFO - Creating ORM DAG for updte_ivy_activity_core
[2024-03-28T02:46:30.125+0000] {logging_mixin.py:137} INFO - [2024-03-28T02:46:30.124+0000] {dag.py:3452} INFO - Setting next_dagrun for updte_ivy_activity_core to 2019-12-23T00:00:00+00:00, run_after=2019-12-23T01:00:00+00:00
[2024-03-28T02:46:30.188+0000] {processor.py:175} INFO - Processing /opt/airflow/dags/houzz_pro/Tasks/legacy_dags/activity_core.py took 1.917 seconds
[2024-03-28T02:47:30.422+0000] {processor.py:153} INFO - Started process (PID=618) to work on /opt/airflow/dags/houzz_pro/Tasks/legacy_dags/activity_core.py
[2024-03-28T02:47:30.424+0000] {processor.py:743} INFO - Processing file /opt/airflow/dags/houzz_pro/Tasks/legacy_dags/activity_core.py for tasks to queue
[2024-03-28T02:47:30.426+0000] {logging_mixin.py:137} INFO - [2024-03-28T02:47:30.426+0000] {dagbag.py:532} INFO - Filling up the DagBag from /opt/airflow/dags/houzz_pro/Tasks/legacy_dags/activity_core.py
[2024-03-28T02:47:32.856+0000] {processor.py:753} INFO - DAG(s) dict_keys(['updte_ivy_activity_core']) retrieved from /opt/airflow/dags/houzz_pro/Tasks/legacy_dags/activity_core.py
[2024-03-28T02:47:33.018+0000] {logging_mixin.py:137} INFO - [2024-03-28T02:47:33.016+0000] {dag.py:2705} INFO - Sync 1 DAGs
[2024-03-28T02:47:33.256+0000] {logging_mixin.py:137} INFO - [2024-03-28T02:47:33.255+0000] {dag.py:3452} INFO - Setting next_dagrun for updte_ivy_activity_core to 2019-12-23T00:00:00+00:00, run_after=2019-12-23T01:00:00+00:00
[2024-03-28T02:47:33.336+0000] {processor.py:175} INFO - Processing /opt/airflow/dags/houzz_pro/Tasks/legacy_dags/activity_core.py took 2.912 seconds
[2024-03-28T02:48:22.815+0000] {processor.py:153} INFO - Started process (PID=852) to work on /opt/airflow/dags/houzz_pro/Tasks/legacy_dags/activity_core.py
[2024-03-28T02:48:22.856+0000] {processor.py:743} INFO - Processing file /opt/airflow/dags/houzz_pro/Tasks/legacy_dags/activity_core.py for tasks to queue
[2024-03-28T02:48:22.859+0000] {logging_mixin.py:137} INFO - [2024-03-28T02:48:22.859+0000] {dagbag.py:532} INFO - Filling up the DagBag from /opt/airflow/dags/houzz_pro/Tasks/legacy_dags/activity_core.py
[2024-03-28T02:48:26.411+0000] {processor.py:753} INFO - DAG(s) dict_keys(['updte_ivy_activity_core']) retrieved from /opt/airflow/dags/houzz_pro/Tasks/legacy_dags/activity_core.py
[2024-03-28T02:48:26.514+0000] {logging_mixin.py:137} INFO - [2024-03-28T02:48:26.513+0000] {dag.py:2705} INFO - Sync 1 DAGs
[2024-03-28T02:48:26.583+0000] {logging_mixin.py:137} INFO - [2024-03-28T02:48:26.582+0000] {dag.py:3452} INFO - Setting next_dagrun for updte_ivy_activity_core to 2019-12-23T00:00:00+00:00, run_after=2019-12-23T01:00:00+00:00
[2024-03-28T02:48:26.704+0000] {processor.py:175} INFO - Processing /opt/airflow/dags/houzz_pro/Tasks/legacy_dags/activity_core.py took 3.911 seconds
[2024-03-28T02:48:57.240+0000] {processor.py:153} INFO - Started process (PID=1064) to work on /opt/airflow/dags/houzz_pro/Tasks/legacy_dags/activity_core.py
[2024-03-28T02:48:57.241+0000] {processor.py:743} INFO - Processing file /opt/airflow/dags/houzz_pro/Tasks/legacy_dags/activity_core.py for tasks to queue
[2024-03-28T02:48:57.243+0000] {logging_mixin.py:137} INFO - [2024-03-28T02:48:57.242+0000] {dagbag.py:532} INFO - Filling up the DagBag from /opt/airflow/dags/houzz_pro/Tasks/legacy_dags/activity_core.py
[2024-03-28T02:48:58.077+0000] {processor.py:753} INFO - DAG(s) dict_keys(['updte_ivy_activity_core']) retrieved from /opt/airflow/dags/houzz_pro/Tasks/legacy_dags/activity_core.py
[2024-03-28T02:48:58.110+0000] {logging_mixin.py:137} INFO - [2024-03-28T02:48:58.109+0000] {dag.py:2705} INFO - Sync 1 DAGs
[2024-03-28T02:48:58.148+0000] {logging_mixin.py:137} INFO - [2024-03-28T02:48:58.147+0000] {dag.py:3452} INFO - Setting next_dagrun for updte_ivy_activity_core to 2019-12-23T00:00:00+00:00, run_after=2019-12-23T01:00:00+00:00
[2024-03-28T02:48:58.176+0000] {processor.py:175} INFO - Processing /opt/airflow/dags/houzz_pro/Tasks/legacy_dags/activity_core.py took 0.940 seconds
[2024-03-28T02:49:29.666+0000] {processor.py:153} INFO - Started process (PID=1273) to work on /opt/airflow/dags/houzz_pro/Tasks/legacy_dags/activity_core.py
[2024-03-28T02:49:29.668+0000] {processor.py:743} INFO - Processing file /opt/airflow/dags/houzz_pro/Tasks/legacy_dags/activity_core.py for tasks to queue
[2024-03-28T02:49:29.670+0000] {logging_mixin.py:137} INFO - [2024-03-28T02:49:29.669+0000] {dagbag.py:532} INFO - Filling up the DagBag from /opt/airflow/dags/houzz_pro/Tasks/legacy_dags/activity_core.py
[2024-03-28T02:49:30.737+0000] {processor.py:753} INFO - DAG(s) dict_keys(['updte_ivy_activity_core']) retrieved from /opt/airflow/dags/houzz_pro/Tasks/legacy_dags/activity_core.py
[2024-03-28T02:49:30.782+0000] {logging_mixin.py:137} INFO - [2024-03-28T02:49:30.781+0000] {dag.py:2705} INFO - Sync 1 DAGs
[2024-03-28T02:49:30.843+0000] {logging_mixin.py:137} INFO - [2024-03-28T02:49:30.842+0000] {dag.py:3452} INFO - Setting next_dagrun for updte_ivy_activity_core to 2019-12-23T00:00:00+00:00, run_after=2019-12-23T01:00:00+00:00
[2024-03-28T02:49:30.902+0000] {processor.py:175} INFO - Processing /opt/airflow/dags/houzz_pro/Tasks/legacy_dags/activity_core.py took 1.248 seconds
[2024-03-28T02:50:01.192+0000] {processor.py:153} INFO - Started process (PID=1484) to work on /opt/airflow/dags/houzz_pro/Tasks/legacy_dags/activity_core.py
[2024-03-28T02:50:01.194+0000] {processor.py:743} INFO - Processing file /opt/airflow/dags/houzz_pro/Tasks/legacy_dags/activity_core.py for tasks to queue
[2024-03-28T02:50:01.198+0000] {logging_mixin.py:137} INFO - [2024-03-28T02:50:01.197+0000] {dagbag.py:532} INFO - Filling up the DagBag from /opt/airflow/dags/houzz_pro/Tasks/legacy_dags/activity_core.py
[2024-03-28T02:50:02.275+0000] {processor.py:753} INFO - DAG(s) dict_keys(['updte_ivy_activity_core']) retrieved from /opt/airflow/dags/houzz_pro/Tasks/legacy_dags/activity_core.py
[2024-03-28T02:50:02.331+0000] {logging_mixin.py:137} INFO - [2024-03-28T02:50:02.330+0000] {dag.py:2705} INFO - Sync 1 DAGs
[2024-03-28T02:50:02.425+0000] {logging_mixin.py:137} INFO - [2024-03-28T02:50:02.425+0000] {dag.py:3452} INFO - Setting next_dagrun for updte_ivy_activity_core to 2019-12-23T00:00:00+00:00, run_after=2019-12-23T01:00:00+00:00
[2024-03-28T02:50:02.491+0000] {processor.py:175} INFO - Processing /opt/airflow/dags/houzz_pro/Tasks/legacy_dags/activity_core.py took 1.306 seconds
[2024-03-28T02:50:39.288+0000] {processor.py:153} INFO - Started process (PID=1695) to work on /opt/airflow/dags/houzz_pro/Tasks/legacy_dags/activity_core.py
[2024-03-28T02:50:39.290+0000] {processor.py:743} INFO - Processing file /opt/airflow/dags/houzz_pro/Tasks/legacy_dags/activity_core.py for tasks to queue
[2024-03-28T02:50:39.291+0000] {logging_mixin.py:137} INFO - [2024-03-28T02:50:39.291+0000] {dagbag.py:532} INFO - Filling up the DagBag from /opt/airflow/dags/houzz_pro/Tasks/legacy_dags/activity_core.py
[2024-03-28T02:50:40.544+0000] {processor.py:753} INFO - DAG(s) dict_keys(['updte_ivy_activity_core']) retrieved from /opt/airflow/dags/houzz_pro/Tasks/legacy_dags/activity_core.py
[2024-03-28T02:50:40.663+0000] {logging_mixin.py:137} INFO - [2024-03-28T02:50:40.661+0000] {dag.py:2705} INFO - Sync 1 DAGs
[2024-03-28T02:50:40.828+0000] {logging_mixin.py:137} INFO - [2024-03-28T02:50:40.828+0000] {dag.py:3452} INFO - Setting next_dagrun for updte_ivy_activity_core to 2019-12-23T00:00:00+00:00, run_after=2019-12-23T01:00:00+00:00
[2024-03-28T02:50:40.978+0000] {processor.py:175} INFO - Processing /opt/airflow/dags/houzz_pro/Tasks/legacy_dags/activity_core.py took 1.699 seconds
[2024-03-28T02:51:12.808+0000] {processor.py:153} INFO - Started process (PID=1894) to work on /opt/airflow/dags/houzz_pro/Tasks/legacy_dags/activity_core.py
[2024-03-28T02:51:12.814+0000] {processor.py:743} INFO - Processing file /opt/airflow/dags/houzz_pro/Tasks/legacy_dags/activity_core.py for tasks to queue
[2024-03-28T02:51:12.816+0000] {logging_mixin.py:137} INFO - [2024-03-28T02:51:12.816+0000] {dagbag.py:532} INFO - Filling up the DagBag from /opt/airflow/dags/houzz_pro/Tasks/legacy_dags/activity_core.py
[2024-03-28T02:51:14.073+0000] {processor.py:753} INFO - DAG(s) dict_keys(['updte_ivy_activity_core']) retrieved from /opt/airflow/dags/houzz_pro/Tasks/legacy_dags/activity_core.py
[2024-03-28T02:51:14.114+0000] {logging_mixin.py:137} INFO - [2024-03-28T02:51:14.113+0000] {dag.py:2705} INFO - Sync 1 DAGs
[2024-03-28T02:51:14.151+0000] {logging_mixin.py:137} INFO - [2024-03-28T02:51:14.151+0000] {dag.py:3452} INFO - Setting next_dagrun for updte_ivy_activity_core to 2019-12-23T00:00:00+00:00, run_after=2019-12-23T01:00:00+00:00
[2024-03-28T02:51:14.190+0000] {processor.py:175} INFO - Processing /opt/airflow/dags/houzz_pro/Tasks/legacy_dags/activity_core.py took 1.393 seconds
[2024-03-28T02:51:44.536+0000] {processor.py:153} INFO - Started process (PID=2105) to work on /opt/airflow/dags/houzz_pro/Tasks/legacy_dags/activity_core.py
[2024-03-28T02:51:44.538+0000] {processor.py:743} INFO - Processing file /opt/airflow/dags/houzz_pro/Tasks/legacy_dags/activity_core.py for tasks to queue
[2024-03-28T02:51:44.540+0000] {logging_mixin.py:137} INFO - [2024-03-28T02:51:44.540+0000] {dagbag.py:532} INFO - Filling up the DagBag from /opt/airflow/dags/houzz_pro/Tasks/legacy_dags/activity_core.py
[2024-03-28T02:51:45.601+0000] {processor.py:753} INFO - DAG(s) dict_keys(['updte_ivy_activity_core']) retrieved from /opt/airflow/dags/houzz_pro/Tasks/legacy_dags/activity_core.py
[2024-03-28T02:51:45.644+0000] {logging_mixin.py:137} INFO - [2024-03-28T02:51:45.644+0000] {dag.py:2705} INFO - Sync 1 DAGs
[2024-03-28T02:51:45.691+0000] {logging_mixin.py:137} INFO - [2024-03-28T02:51:45.691+0000] {dag.py:3452} INFO - Setting next_dagrun for updte_ivy_activity_core to 2019-12-23T00:00:00+00:00, run_after=2019-12-23T01:00:00+00:00
[2024-03-28T02:51:45.735+0000] {processor.py:175} INFO - Processing /opt/airflow/dags/houzz_pro/Tasks/legacy_dags/activity_core.py took 1.207 seconds
[2024-03-28T02:52:20.153+0000] {processor.py:153} INFO - Started process (PID=2317) to work on /opt/airflow/dags/houzz_pro/Tasks/legacy_dags/activity_core.py
[2024-03-28T02:52:20.154+0000] {processor.py:743} INFO - Processing file /opt/airflow/dags/houzz_pro/Tasks/legacy_dags/activity_core.py for tasks to queue
[2024-03-28T02:52:20.156+0000] {logging_mixin.py:137} INFO - [2024-03-28T02:52:20.156+0000] {dagbag.py:532} INFO - Filling up the DagBag from /opt/airflow/dags/houzz_pro/Tasks/legacy_dags/activity_core.py
[2024-03-28T02:52:21.028+0000] {processor.py:753} INFO - DAG(s) dict_keys(['updte_ivy_activity_core']) retrieved from /opt/airflow/dags/houzz_pro/Tasks/legacy_dags/activity_core.py
[2024-03-28T02:52:21.069+0000] {logging_mixin.py:137} INFO - [2024-03-28T02:52:21.069+0000] {dag.py:2705} INFO - Sync 1 DAGs
[2024-03-28T02:52:21.108+0000] {logging_mixin.py:137} INFO - [2024-03-28T02:52:21.108+0000] {dag.py:3452} INFO - Setting next_dagrun for updte_ivy_activity_core to 2019-12-23T00:00:00+00:00, run_after=2019-12-23T01:00:00+00:00
[2024-03-28T02:52:21.141+0000] {processor.py:175} INFO - Processing /opt/airflow/dags/houzz_pro/Tasks/legacy_dags/activity_core.py took 0.997 seconds
[2024-03-28T02:52:52.436+0000] {processor.py:153} INFO - Started process (PID=2533) to work on /opt/airflow/dags/houzz_pro/Tasks/legacy_dags/activity_core.py
[2024-03-28T02:52:52.438+0000] {processor.py:743} INFO - Processing file /opt/airflow/dags/houzz_pro/Tasks/legacy_dags/activity_core.py for tasks to queue
[2024-03-28T02:52:52.440+0000] {logging_mixin.py:137} INFO - [2024-03-28T02:52:52.439+0000] {dagbag.py:532} INFO - Filling up the DagBag from /opt/airflow/dags/houzz_pro/Tasks/legacy_dags/activity_core.py
[2024-03-28T02:52:53.392+0000] {processor.py:753} INFO - DAG(s) dict_keys(['updte_ivy_activity_core']) retrieved from /opt/airflow/dags/houzz_pro/Tasks/legacy_dags/activity_core.py
[2024-03-28T02:52:53.453+0000] {logging_mixin.py:137} INFO - [2024-03-28T02:52:53.452+0000] {dag.py:2705} INFO - Sync 1 DAGs
[2024-03-28T02:52:53.500+0000] {logging_mixin.py:137} INFO - [2024-03-28T02:52:53.500+0000] {dag.py:3452} INFO - Setting next_dagrun for updte_ivy_activity_core to 2019-12-23T00:00:00+00:00, run_after=2019-12-23T01:00:00+00:00
[2024-03-28T02:52:53.536+0000] {processor.py:175} INFO - Processing /opt/airflow/dags/houzz_pro/Tasks/legacy_dags/activity_core.py took 1.111 seconds
[2024-03-28T02:53:23.604+0000] {processor.py:153} INFO - Started process (PID=2736) to work on /opt/airflow/dags/houzz_pro/Tasks/legacy_dags/activity_core.py
[2024-03-28T02:53:23.606+0000] {processor.py:743} INFO - Processing file /opt/airflow/dags/houzz_pro/Tasks/legacy_dags/activity_core.py for tasks to queue
[2024-03-28T02:53:23.609+0000] {logging_mixin.py:137} INFO - [2024-03-28T02:53:23.609+0000] {dagbag.py:532} INFO - Filling up the DagBag from /opt/airflow/dags/houzz_pro/Tasks/legacy_dags/activity_core.py
[2024-03-28T02:53:24.384+0000] {processor.py:753} INFO - DAG(s) dict_keys(['updte_ivy_activity_core']) retrieved from /opt/airflow/dags/houzz_pro/Tasks/legacy_dags/activity_core.py
[2024-03-28T02:53:24.423+0000] {logging_mixin.py:137} INFO - [2024-03-28T02:53:24.422+0000] {dag.py:2705} INFO - Sync 1 DAGs
[2024-03-28T02:53:24.464+0000] {logging_mixin.py:137} INFO - [2024-03-28T02:53:24.464+0000] {dag.py:3452} INFO - Setting next_dagrun for updte_ivy_activity_core to 2019-12-23T00:00:00+00:00, run_after=2019-12-23T01:00:00+00:00
[2024-03-28T02:53:24.493+0000] {processor.py:175} INFO - Processing /opt/airflow/dags/houzz_pro/Tasks/legacy_dags/activity_core.py took 0.895 seconds
[2024-03-28T02:53:55.197+0000] {processor.py:153} INFO - Started process (PID=2949) to work on /opt/airflow/dags/houzz_pro/Tasks/legacy_dags/activity_core.py
[2024-03-28T02:53:55.199+0000] {processor.py:743} INFO - Processing file /opt/airflow/dags/houzz_pro/Tasks/legacy_dags/activity_core.py for tasks to queue
[2024-03-28T02:53:55.201+0000] {logging_mixin.py:137} INFO - [2024-03-28T02:53:55.200+0000] {dagbag.py:532} INFO - Filling up the DagBag from /opt/airflow/dags/houzz_pro/Tasks/legacy_dags/activity_core.py
[2024-03-28T02:53:55.906+0000] {processor.py:753} INFO - DAG(s) dict_keys(['updte_ivy_activity_core']) retrieved from /opt/airflow/dags/houzz_pro/Tasks/legacy_dags/activity_core.py
[2024-03-28T02:53:55.949+0000] {logging_mixin.py:137} INFO - [2024-03-28T02:53:55.945+0000] {dag.py:2705} INFO - Sync 1 DAGs
[2024-03-28T02:53:55.992+0000] {logging_mixin.py:137} INFO - [2024-03-28T02:53:55.992+0000] {dag.py:3452} INFO - Setting next_dagrun for updte_ivy_activity_core to 2019-12-23T00:00:00+00:00, run_after=2019-12-23T01:00:00+00:00
[2024-03-28T02:53:56.024+0000] {processor.py:175} INFO - Processing /opt/airflow/dags/houzz_pro/Tasks/legacy_dags/activity_core.py took 0.833 seconds
[2024-03-28T02:54:26.461+0000] {processor.py:153} INFO - Started process (PID=3167) to work on /opt/airflow/dags/houzz_pro/Tasks/legacy_dags/activity_core.py
[2024-03-28T02:54:26.465+0000] {processor.py:743} INFO - Processing file /opt/airflow/dags/houzz_pro/Tasks/legacy_dags/activity_core.py for tasks to queue
[2024-03-28T02:54:26.467+0000] {logging_mixin.py:137} INFO - [2024-03-28T02:54:26.467+0000] {dagbag.py:532} INFO - Filling up the DagBag from /opt/airflow/dags/houzz_pro/Tasks/legacy_dags/activity_core.py
[2024-03-28T02:54:27.256+0000] {processor.py:753} INFO - DAG(s) dict_keys(['updte_ivy_activity_core']) retrieved from /opt/airflow/dags/houzz_pro/Tasks/legacy_dags/activity_core.py
[2024-03-28T02:54:27.289+0000] {logging_mixin.py:137} INFO - [2024-03-28T02:54:27.289+0000] {dag.py:2705} INFO - Sync 1 DAGs
[2024-03-28T02:54:27.331+0000] {logging_mixin.py:137} INFO - [2024-03-28T02:54:27.329+0000] {dag.py:3452} INFO - Setting next_dagrun for updte_ivy_activity_core to 2019-12-23T00:00:00+00:00, run_after=2019-12-23T01:00:00+00:00
[2024-03-28T02:54:27.365+0000] {processor.py:175} INFO - Processing /opt/airflow/dags/houzz_pro/Tasks/legacy_dags/activity_core.py took 0.908 seconds
[2024-03-28T02:54:58.020+0000] {processor.py:153} INFO - Started process (PID=3378) to work on /opt/airflow/dags/houzz_pro/Tasks/legacy_dags/activity_core.py
[2024-03-28T02:54:58.021+0000] {processor.py:743} INFO - Processing file /opt/airflow/dags/houzz_pro/Tasks/legacy_dags/activity_core.py for tasks to queue
[2024-03-28T02:54:58.023+0000] {logging_mixin.py:137} INFO - [2024-03-28T02:54:58.022+0000] {dagbag.py:532} INFO - Filling up the DagBag from /opt/airflow/dags/houzz_pro/Tasks/legacy_dags/activity_core.py
[2024-03-28T02:54:58.808+0000] {processor.py:753} INFO - DAG(s) dict_keys(['updte_ivy_activity_core']) retrieved from /opt/airflow/dags/houzz_pro/Tasks/legacy_dags/activity_core.py
[2024-03-28T02:54:58.849+0000] {logging_mixin.py:137} INFO - [2024-03-28T02:54:58.848+0000] {dag.py:2705} INFO - Sync 1 DAGs
[2024-03-28T02:54:58.894+0000] {logging_mixin.py:137} INFO - [2024-03-28T02:54:58.894+0000] {dag.py:3452} INFO - Setting next_dagrun for updte_ivy_activity_core to 2019-12-23T00:00:00+00:00, run_after=2019-12-23T01:00:00+00:00
[2024-03-28T02:54:58.934+0000] {processor.py:175} INFO - Processing /opt/airflow/dags/houzz_pro/Tasks/legacy_dags/activity_core.py took 0.920 seconds
[2024-03-28T02:55:29.789+0000] {processor.py:153} INFO - Started process (PID=3599) to work on /opt/airflow/dags/houzz_pro/Tasks/legacy_dags/activity_core.py
[2024-03-28T02:55:29.790+0000] {processor.py:743} INFO - Processing file /opt/airflow/dags/houzz_pro/Tasks/legacy_dags/activity_core.py for tasks to queue
[2024-03-28T02:55:29.791+0000] {logging_mixin.py:137} INFO - [2024-03-28T02:55:29.791+0000] {dagbag.py:532} INFO - Filling up the DagBag from /opt/airflow/dags/houzz_pro/Tasks/legacy_dags/activity_core.py
[2024-03-28T02:55:30.422+0000] {processor.py:753} INFO - DAG(s) dict_keys(['updte_ivy_activity_core']) retrieved from /opt/airflow/dags/houzz_pro/Tasks/legacy_dags/activity_core.py
[2024-03-28T02:55:30.455+0000] {logging_mixin.py:137} INFO - [2024-03-28T02:55:30.454+0000] {dag.py:2705} INFO - Sync 1 DAGs
[2024-03-28T02:55:30.491+0000] {logging_mixin.py:137} INFO - [2024-03-28T02:55:30.490+0000] {dag.py:3452} INFO - Setting next_dagrun for updte_ivy_activity_core to 2019-12-23T00:00:00+00:00, run_after=2019-12-23T01:00:00+00:00
[2024-03-28T02:55:30.520+0000] {processor.py:175} INFO - Processing /opt/airflow/dags/houzz_pro/Tasks/legacy_dags/activity_core.py took 0.737 seconds
[2024-03-28T02:56:01.398+0000] {processor.py:153} INFO - Started process (PID=3810) to work on /opt/airflow/dags/houzz_pro/Tasks/legacy_dags/activity_core.py
[2024-03-28T02:56:01.400+0000] {processor.py:743} INFO - Processing file /opt/airflow/dags/houzz_pro/Tasks/legacy_dags/activity_core.py for tasks to queue
[2024-03-28T02:56:01.402+0000] {logging_mixin.py:137} INFO - [2024-03-28T02:56:01.401+0000] {dagbag.py:532} INFO - Filling up the DagBag from /opt/airflow/dags/houzz_pro/Tasks/legacy_dags/activity_core.py
[2024-03-28T02:56:02.069+0000] {processor.py:753} INFO - DAG(s) dict_keys(['updte_ivy_activity_core']) retrieved from /opt/airflow/dags/houzz_pro/Tasks/legacy_dags/activity_core.py
[2024-03-28T02:56:02.103+0000] {logging_mixin.py:137} INFO - [2024-03-28T02:56:02.102+0000] {dag.py:2705} INFO - Sync 1 DAGs
[2024-03-28T02:56:02.141+0000] {logging_mixin.py:137} INFO - [2024-03-28T02:56:02.140+0000] {dag.py:3452} INFO - Setting next_dagrun for updte_ivy_activity_core to 2019-12-23T00:00:00+00:00, run_after=2019-12-23T01:00:00+00:00
[2024-03-28T02:56:02.169+0000] {processor.py:175} INFO - Processing /opt/airflow/dags/houzz_pro/Tasks/legacy_dags/activity_core.py took 0.778 seconds
[2024-03-28T02:56:32.602+0000] {processor.py:153} INFO - Started process (PID=4024) to work on /opt/airflow/dags/houzz_pro/Tasks/legacy_dags/activity_core.py
[2024-03-28T02:56:32.604+0000] {processor.py:743} INFO - Processing file /opt/airflow/dags/houzz_pro/Tasks/legacy_dags/activity_core.py for tasks to queue
[2024-03-28T02:56:32.606+0000] {logging_mixin.py:137} INFO - [2024-03-28T02:56:32.605+0000] {dagbag.py:532} INFO - Filling up the DagBag from /opt/airflow/dags/houzz_pro/Tasks/legacy_dags/activity_core.py
[2024-03-28T02:56:33.324+0000] {processor.py:753} INFO - DAG(s) dict_keys(['updte_ivy_activity_core']) retrieved from /opt/airflow/dags/houzz_pro/Tasks/legacy_dags/activity_core.py
[2024-03-28T02:56:33.361+0000] {logging_mixin.py:137} INFO - [2024-03-28T02:56:33.360+0000] {dag.py:2705} INFO - Sync 1 DAGs
[2024-03-28T02:56:33.400+0000] {logging_mixin.py:137} INFO - [2024-03-28T02:56:33.399+0000] {dag.py:3452} INFO - Setting next_dagrun for updte_ivy_activity_core to 2019-12-23T00:00:00+00:00, run_after=2019-12-23T01:00:00+00:00
[2024-03-28T02:56:33.434+0000] {processor.py:175} INFO - Processing /opt/airflow/dags/houzz_pro/Tasks/legacy_dags/activity_core.py took 0.840 seconds
