[2024-03-28T02:46:25.257+0000] {processor.py:153} INFO - Started process (PID=354) to work on /opt/airflow/dags/houzz_pro/Tasks/legacy_dags/clipper_onboarding_events.py
[2024-03-28T02:46:25.260+0000] {processor.py:743} INFO - Processing file /opt/airflow/dags/houzz_pro/Tasks/legacy_dags/clipper_onboarding_events.py for tasks to queue
[2024-03-28T02:46:25.266+0000] {logging_mixin.py:137} INFO - [2024-03-28T02:46:25.265+0000] {dagbag.py:532} INFO - Filling up the DagBag from /opt/airflow/dags/houzz_pro/Tasks/legacy_dags/clipper_onboarding_events.py
[2024-03-28T02:46:27.464+0000] {processor.py:753} INFO - DAG(s) dict_keys(['clipper_onboarding']) retrieved from /opt/airflow/dags/houzz_pro/Tasks/legacy_dags/clipper_onboarding_events.py
[2024-03-28T02:46:27.921+0000] {logging_mixin.py:137} INFO - [2024-03-28T02:46:27.920+0000] {manager.py:504} INFO - Created Permission View: can delete on DAG:clipper_onboarding
[2024-03-28T02:46:27.967+0000] {logging_mixin.py:137} INFO - [2024-03-28T02:46:27.967+0000] {manager.py:504} INFO - Created Permission View: can read on DAG:clipper_onboarding
[2024-03-28T02:46:28.002+0000] {logging_mixin.py:137} INFO - [2024-03-28T02:46:28.001+0000] {manager.py:504} INFO - Created Permission View: can edit on DAG:clipper_onboarding
[2024-03-28T02:46:28.004+0000] {logging_mixin.py:137} INFO - [2024-03-28T02:46:28.003+0000] {dag.py:2705} INFO - Sync 1 DAGs
[2024-03-28T02:46:28.050+0000] {logging_mixin.py:137} WARNING - /home/airflow/.local/lib/python3.10/site-packages/airflow/models/dag.py:3223 DeprecationWarning: The dag_concurrency option in [core] has been renamed to max_active_tasks_per_dag - the old setting has been used, but please update your config.
[2024-03-28T02:46:28.057+0000] {logging_mixin.py:137} INFO - [2024-03-28T02:46:28.054+0000] {dag.py:2726} INFO - Creating ORM DAG for clipper_onboarding
[2024-03-28T02:46:28.118+0000] {logging_mixin.py:137} INFO - [2024-03-28T02:46:28.117+0000] {dag.py:3452} INFO - Setting next_dagrun for clipper_onboarding to 2019-09-18T00:00:00+00:00, run_after=2019-09-19T00:00:00+00:00
[2024-03-28T02:46:28.189+0000] {processor.py:175} INFO - Processing /opt/airflow/dags/houzz_pro/Tasks/legacy_dags/clipper_onboarding_events.py took 2.938 seconds
[2024-03-28T02:47:25.932+0000] {processor.py:153} INFO - Started process (PID=607) to work on /opt/airflow/dags/houzz_pro/Tasks/legacy_dags/clipper_onboarding_events.py
[2024-03-28T02:47:25.936+0000] {processor.py:743} INFO - Processing file /opt/airflow/dags/houzz_pro/Tasks/legacy_dags/clipper_onboarding_events.py for tasks to queue
[2024-03-28T02:47:25.938+0000] {logging_mixin.py:137} INFO - [2024-03-28T02:47:25.938+0000] {dagbag.py:532} INFO - Filling up the DagBag from /opt/airflow/dags/houzz_pro/Tasks/legacy_dags/clipper_onboarding_events.py
[2024-03-28T02:47:29.841+0000] {processor.py:753} INFO - DAG(s) dict_keys(['clipper_onboarding']) retrieved from /opt/airflow/dags/houzz_pro/Tasks/legacy_dags/clipper_onboarding_events.py
[2024-03-28T02:47:30.051+0000] {logging_mixin.py:137} INFO - [2024-03-28T02:47:30.049+0000] {dag.py:2705} INFO - Sync 1 DAGs
[2024-03-28T02:47:30.225+0000] {logging_mixin.py:137} INFO - [2024-03-28T02:47:30.224+0000] {dag.py:3452} INFO - Setting next_dagrun for clipper_onboarding to 2019-09-18T00:00:00+00:00, run_after=2019-09-19T00:00:00+00:00
[2024-03-28T02:47:30.325+0000] {processor.py:175} INFO - Processing /opt/airflow/dags/houzz_pro/Tasks/legacy_dags/clipper_onboarding_events.py took 4.407 seconds
[2024-03-28T02:48:18.902+0000] {processor.py:153} INFO - Started process (PID=840) to work on /opt/airflow/dags/houzz_pro/Tasks/legacy_dags/clipper_onboarding_events.py
[2024-03-28T02:48:18.906+0000] {processor.py:743} INFO - Processing file /opt/airflow/dags/houzz_pro/Tasks/legacy_dags/clipper_onboarding_events.py for tasks to queue
[2024-03-28T02:48:18.908+0000] {logging_mixin.py:137} INFO - [2024-03-28T02:48:18.908+0000] {dagbag.py:532} INFO - Filling up the DagBag from /opt/airflow/dags/houzz_pro/Tasks/legacy_dags/clipper_onboarding_events.py
[2024-03-28T02:48:21.613+0000] {processor.py:753} INFO - DAG(s) dict_keys(['clipper_onboarding']) retrieved from /opt/airflow/dags/houzz_pro/Tasks/legacy_dags/clipper_onboarding_events.py
[2024-03-28T02:48:21.840+0000] {logging_mixin.py:137} INFO - [2024-03-28T02:48:21.835+0000] {dag.py:2705} INFO - Sync 1 DAGs
[2024-03-28T02:48:22.101+0000] {logging_mixin.py:137} INFO - [2024-03-28T02:48:22.098+0000] {dag.py:3452} INFO - Setting next_dagrun for clipper_onboarding to 2019-09-18T00:00:00+00:00, run_after=2019-09-19T00:00:00+00:00
[2024-03-28T02:48:22.311+0000] {processor.py:175} INFO - Processing /opt/airflow/dags/houzz_pro/Tasks/legacy_dags/clipper_onboarding_events.py took 3.418 seconds
[2024-03-28T02:48:52.953+0000] {processor.py:153} INFO - Started process (PID=1050) to work on /opt/airflow/dags/houzz_pro/Tasks/legacy_dags/clipper_onboarding_events.py
[2024-03-28T02:48:52.956+0000] {processor.py:743} INFO - Processing file /opt/airflow/dags/houzz_pro/Tasks/legacy_dags/clipper_onboarding_events.py for tasks to queue
[2024-03-28T02:48:52.957+0000] {logging_mixin.py:137} INFO - [2024-03-28T02:48:52.957+0000] {dagbag.py:532} INFO - Filling up the DagBag from /opt/airflow/dags/houzz_pro/Tasks/legacy_dags/clipper_onboarding_events.py
[2024-03-28T02:48:54.407+0000] {processor.py:753} INFO - DAG(s) dict_keys(['clipper_onboarding']) retrieved from /opt/airflow/dags/houzz_pro/Tasks/legacy_dags/clipper_onboarding_events.py
[2024-03-28T02:48:54.472+0000] {logging_mixin.py:137} INFO - [2024-03-28T02:48:54.471+0000] {dag.py:2705} INFO - Sync 1 DAGs
[2024-03-28T02:48:54.543+0000] {logging_mixin.py:137} INFO - [2024-03-28T02:48:54.542+0000] {dag.py:3452} INFO - Setting next_dagrun for clipper_onboarding to 2019-09-18T00:00:00+00:00, run_after=2019-09-19T00:00:00+00:00
[2024-03-28T02:48:54.591+0000] {processor.py:175} INFO - Processing /opt/airflow/dags/houzz_pro/Tasks/legacy_dags/clipper_onboarding_events.py took 1.649 seconds
[2024-03-28T02:49:28.212+0000] {processor.py:153} INFO - Started process (PID=1263) to work on /opt/airflow/dags/houzz_pro/Tasks/legacy_dags/clipper_onboarding_events.py
[2024-03-28T02:49:28.215+0000] {processor.py:743} INFO - Processing file /opt/airflow/dags/houzz_pro/Tasks/legacy_dags/clipper_onboarding_events.py for tasks to queue
[2024-03-28T02:49:28.232+0000] {logging_mixin.py:137} INFO - [2024-03-28T02:49:28.231+0000] {dagbag.py:532} INFO - Filling up the DagBag from /opt/airflow/dags/houzz_pro/Tasks/legacy_dags/clipper_onboarding_events.py
[2024-03-28T02:49:29.464+0000] {processor.py:753} INFO - DAG(s) dict_keys(['clipper_onboarding']) retrieved from /opt/airflow/dags/houzz_pro/Tasks/legacy_dags/clipper_onboarding_events.py
[2024-03-28T02:49:29.515+0000] {logging_mixin.py:137} INFO - [2024-03-28T02:49:29.514+0000] {dag.py:2705} INFO - Sync 1 DAGs
[2024-03-28T02:49:29.568+0000] {logging_mixin.py:137} INFO - [2024-03-28T02:49:29.568+0000] {dag.py:3452} INFO - Setting next_dagrun for clipper_onboarding to 2019-09-18T00:00:00+00:00, run_after=2019-09-19T00:00:00+00:00
[2024-03-28T02:49:29.607+0000] {processor.py:175} INFO - Processing /opt/airflow/dags/houzz_pro/Tasks/legacy_dags/clipper_onboarding_events.py took 1.404 seconds
[2024-03-28T02:49:59.958+0000] {processor.py:153} INFO - Started process (PID=1461) to work on /opt/airflow/dags/houzz_pro/Tasks/legacy_dags/clipper_onboarding_events.py
[2024-03-28T02:49:59.966+0000] {processor.py:743} INFO - Processing file /opt/airflow/dags/houzz_pro/Tasks/legacy_dags/clipper_onboarding_events.py for tasks to queue
[2024-03-28T02:49:59.968+0000] {logging_mixin.py:137} INFO - [2024-03-28T02:49:59.968+0000] {dagbag.py:532} INFO - Filling up the DagBag from /opt/airflow/dags/houzz_pro/Tasks/legacy_dags/clipper_onboarding_events.py
[2024-03-28T02:50:00.951+0000] {processor.py:753} INFO - DAG(s) dict_keys(['clipper_onboarding']) retrieved from /opt/airflow/dags/houzz_pro/Tasks/legacy_dags/clipper_onboarding_events.py
[2024-03-28T02:50:01.046+0000] {logging_mixin.py:137} INFO - [2024-03-28T02:50:01.044+0000] {dag.py:2705} INFO - Sync 1 DAGs
[2024-03-28T02:50:01.100+0000] {logging_mixin.py:137} INFO - [2024-03-28T02:50:01.100+0000] {dag.py:3452} INFO - Setting next_dagrun for clipper_onboarding to 2019-09-18T00:00:00+00:00, run_after=2019-09-19T00:00:00+00:00
[2024-03-28T02:50:01.135+0000] {processor.py:175} INFO - Processing /opt/airflow/dags/houzz_pro/Tasks/legacy_dags/clipper_onboarding_events.py took 1.187 seconds
[2024-03-28T02:50:37.746+0000] {processor.py:153} INFO - Started process (PID=1672) to work on /opt/airflow/dags/houzz_pro/Tasks/legacy_dags/clipper_onboarding_events.py
[2024-03-28T02:50:37.748+0000] {processor.py:743} INFO - Processing file /opt/airflow/dags/houzz_pro/Tasks/legacy_dags/clipper_onboarding_events.py for tasks to queue
[2024-03-28T02:50:37.751+0000] {logging_mixin.py:137} INFO - [2024-03-28T02:50:37.751+0000] {dagbag.py:532} INFO - Filling up the DagBag from /opt/airflow/dags/houzz_pro/Tasks/legacy_dags/clipper_onboarding_events.py
[2024-03-28T02:50:39.018+0000] {processor.py:753} INFO - DAG(s) dict_keys(['clipper_onboarding']) retrieved from /opt/airflow/dags/houzz_pro/Tasks/legacy_dags/clipper_onboarding_events.py
[2024-03-28T02:50:39.094+0000] {logging_mixin.py:137} INFO - [2024-03-28T02:50:39.094+0000] {dag.py:2705} INFO - Sync 1 DAGs
[2024-03-28T02:50:39.176+0000] {logging_mixin.py:137} INFO - [2024-03-28T02:50:39.176+0000] {dag.py:3452} INFO - Setting next_dagrun for clipper_onboarding to 2019-09-18T00:00:00+00:00, run_after=2019-09-19T00:00:00+00:00
[2024-03-28T02:50:39.226+0000] {processor.py:175} INFO - Processing /opt/airflow/dags/houzz_pro/Tasks/legacy_dags/clipper_onboarding_events.py took 1.490 seconds
[2024-03-28T02:51:09.315+0000] {processor.py:153} INFO - Started process (PID=1882) to work on /opt/airflow/dags/houzz_pro/Tasks/legacy_dags/clipper_onboarding_events.py
[2024-03-28T02:51:09.317+0000] {processor.py:743} INFO - Processing file /opt/airflow/dags/houzz_pro/Tasks/legacy_dags/clipper_onboarding_events.py for tasks to queue
[2024-03-28T02:51:09.319+0000] {logging_mixin.py:137} INFO - [2024-03-28T02:51:09.319+0000] {dagbag.py:532} INFO - Filling up the DagBag from /opt/airflow/dags/houzz_pro/Tasks/legacy_dags/clipper_onboarding_events.py
[2024-03-28T02:51:12.485+0000] {processor.py:753} INFO - DAG(s) dict_keys(['clipper_onboarding']) retrieved from /opt/airflow/dags/houzz_pro/Tasks/legacy_dags/clipper_onboarding_events.py
[2024-03-28T02:51:12.601+0000] {logging_mixin.py:137} INFO - [2024-03-28T02:51:12.600+0000] {dag.py:2705} INFO - Sync 1 DAGs
[2024-03-28T02:51:12.664+0000] {logging_mixin.py:137} INFO - [2024-03-28T02:51:12.663+0000] {dag.py:3452} INFO - Setting next_dagrun for clipper_onboarding to 2019-09-18T00:00:00+00:00, run_after=2019-09-19T00:00:00+00:00
[2024-03-28T02:51:12.724+0000] {processor.py:175} INFO - Processing /opt/airflow/dags/houzz_pro/Tasks/legacy_dags/clipper_onboarding_events.py took 3.420 seconds
[2024-03-28T02:51:42.999+0000] {processor.py:153} INFO - Started process (PID=2086) to work on /opt/airflow/dags/houzz_pro/Tasks/legacy_dags/clipper_onboarding_events.py
[2024-03-28T02:51:43.004+0000] {processor.py:743} INFO - Processing file /opt/airflow/dags/houzz_pro/Tasks/legacy_dags/clipper_onboarding_events.py for tasks to queue
[2024-03-28T02:51:43.011+0000] {logging_mixin.py:137} INFO - [2024-03-28T02:51:43.011+0000] {dagbag.py:532} INFO - Filling up the DagBag from /opt/airflow/dags/houzz_pro/Tasks/legacy_dags/clipper_onboarding_events.py
[2024-03-28T02:51:44.254+0000] {processor.py:753} INFO - DAG(s) dict_keys(['clipper_onboarding']) retrieved from /opt/airflow/dags/houzz_pro/Tasks/legacy_dags/clipper_onboarding_events.py
[2024-03-28T02:51:44.327+0000] {logging_mixin.py:137} INFO - [2024-03-28T02:51:44.325+0000] {dag.py:2705} INFO - Sync 1 DAGs
[2024-03-28T02:51:44.425+0000] {logging_mixin.py:137} INFO - [2024-03-28T02:51:44.424+0000] {dag.py:3452} INFO - Setting next_dagrun for clipper_onboarding to 2019-09-18T00:00:00+00:00, run_after=2019-09-19T00:00:00+00:00
[2024-03-28T02:51:44.471+0000] {processor.py:175} INFO - Processing /opt/airflow/dags/houzz_pro/Tasks/legacy_dags/clipper_onboarding_events.py took 1.486 seconds
[2024-03-28T02:52:18.996+0000] {processor.py:153} INFO - Started process (PID=2305) to work on /opt/airflow/dags/houzz_pro/Tasks/legacy_dags/clipper_onboarding_events.py
[2024-03-28T02:52:19.000+0000] {processor.py:743} INFO - Processing file /opt/airflow/dags/houzz_pro/Tasks/legacy_dags/clipper_onboarding_events.py for tasks to queue
[2024-03-28T02:52:19.002+0000] {logging_mixin.py:137} INFO - [2024-03-28T02:52:19.002+0000] {dagbag.py:532} INFO - Filling up the DagBag from /opt/airflow/dags/houzz_pro/Tasks/legacy_dags/clipper_onboarding_events.py
[2024-03-28T02:52:19.969+0000] {processor.py:753} INFO - DAG(s) dict_keys(['clipper_onboarding']) retrieved from /opt/airflow/dags/houzz_pro/Tasks/legacy_dags/clipper_onboarding_events.py
[2024-03-28T02:52:20.019+0000] {logging_mixin.py:137} INFO - [2024-03-28T02:52:20.018+0000] {dag.py:2705} INFO - Sync 1 DAGs
[2024-03-28T02:52:20.067+0000] {logging_mixin.py:137} INFO - [2024-03-28T02:52:20.067+0000] {dag.py:3452} INFO - Setting next_dagrun for clipper_onboarding to 2019-09-18T00:00:00+00:00, run_after=2019-09-19T00:00:00+00:00
[2024-03-28T02:52:20.102+0000] {processor.py:175} INFO - Processing /opt/airflow/dags/houzz_pro/Tasks/legacy_dags/clipper_onboarding_events.py took 1.115 seconds
[2024-03-28T02:52:50.806+0000] {processor.py:153} INFO - Started process (PID=2516) to work on /opt/airflow/dags/houzz_pro/Tasks/legacy_dags/clipper_onboarding_events.py
[2024-03-28T02:52:50.810+0000] {processor.py:743} INFO - Processing file /opt/airflow/dags/houzz_pro/Tasks/legacy_dags/clipper_onboarding_events.py for tasks to queue
[2024-03-28T02:52:50.817+0000] {logging_mixin.py:137} INFO - [2024-03-28T02:52:50.816+0000] {dagbag.py:532} INFO - Filling up the DagBag from /opt/airflow/dags/houzz_pro/Tasks/legacy_dags/clipper_onboarding_events.py
[2024-03-28T02:52:52.092+0000] {processor.py:753} INFO - DAG(s) dict_keys(['clipper_onboarding']) retrieved from /opt/airflow/dags/houzz_pro/Tasks/legacy_dags/clipper_onboarding_events.py
[2024-03-28T02:52:52.159+0000] {logging_mixin.py:137} INFO - [2024-03-28T02:52:52.158+0000] {dag.py:2705} INFO - Sync 1 DAGs
[2024-03-28T02:52:52.223+0000] {logging_mixin.py:137} INFO - [2024-03-28T02:52:52.222+0000] {dag.py:3452} INFO - Setting next_dagrun for clipper_onboarding to 2019-09-18T00:00:00+00:00, run_after=2019-09-19T00:00:00+00:00
[2024-03-28T02:52:52.269+0000] {processor.py:175} INFO - Processing /opt/airflow/dags/houzz_pro/Tasks/legacy_dags/clipper_onboarding_events.py took 1.478 seconds
[2024-03-28T02:53:22.767+0000] {processor.py:153} INFO - Started process (PID=2724) to work on /opt/airflow/dags/houzz_pro/Tasks/legacy_dags/clipper_onboarding_events.py
[2024-03-28T02:53:22.769+0000] {processor.py:743} INFO - Processing file /opt/airflow/dags/houzz_pro/Tasks/legacy_dags/clipper_onboarding_events.py for tasks to queue
[2024-03-28T02:53:22.770+0000] {logging_mixin.py:137} INFO - [2024-03-28T02:53:22.770+0000] {dagbag.py:532} INFO - Filling up the DagBag from /opt/airflow/dags/houzz_pro/Tasks/legacy_dags/clipper_onboarding_events.py
[2024-03-28T02:53:23.451+0000] {processor.py:753} INFO - DAG(s) dict_keys(['clipper_onboarding']) retrieved from /opt/airflow/dags/houzz_pro/Tasks/legacy_dags/clipper_onboarding_events.py
[2024-03-28T02:53:23.486+0000] {logging_mixin.py:137} INFO - [2024-03-28T02:53:23.486+0000] {dag.py:2705} INFO - Sync 1 DAGs
[2024-03-28T02:53:23.523+0000] {logging_mixin.py:137} INFO - [2024-03-28T02:53:23.523+0000] {dag.py:3452} INFO - Setting next_dagrun for clipper_onboarding to 2019-09-18T00:00:00+00:00, run_after=2019-09-19T00:00:00+00:00
[2024-03-28T02:53:23.554+0000] {processor.py:175} INFO - Processing /opt/airflow/dags/houzz_pro/Tasks/legacy_dags/clipper_onboarding_events.py took 0.793 seconds
[2024-03-28T02:53:54.360+0000] {processor.py:153} INFO - Started process (PID=2937) to work on /opt/airflow/dags/houzz_pro/Tasks/legacy_dags/clipper_onboarding_events.py
[2024-03-28T02:53:54.363+0000] {processor.py:743} INFO - Processing file /opt/airflow/dags/houzz_pro/Tasks/legacy_dags/clipper_onboarding_events.py for tasks to queue
[2024-03-28T02:53:54.365+0000] {logging_mixin.py:137} INFO - [2024-03-28T02:53:54.365+0000] {dagbag.py:532} INFO - Filling up the DagBag from /opt/airflow/dags/houzz_pro/Tasks/legacy_dags/clipper_onboarding_events.py
[2024-03-28T02:53:55.048+0000] {processor.py:753} INFO - DAG(s) dict_keys(['clipper_onboarding']) retrieved from /opt/airflow/dags/houzz_pro/Tasks/legacy_dags/clipper_onboarding_events.py
[2024-03-28T02:53:55.083+0000] {logging_mixin.py:137} INFO - [2024-03-28T02:53:55.082+0000] {dag.py:2705} INFO - Sync 1 DAGs
[2024-03-28T02:53:55.120+0000] {logging_mixin.py:137} INFO - [2024-03-28T02:53:55.120+0000] {dag.py:3452} INFO - Setting next_dagrun for clipper_onboarding to 2019-09-18T00:00:00+00:00, run_after=2019-09-19T00:00:00+00:00
[2024-03-28T02:53:55.155+0000] {processor.py:175} INFO - Processing /opt/airflow/dags/houzz_pro/Tasks/legacy_dags/clipper_onboarding_events.py took 0.799 seconds
[2024-03-28T02:54:25.487+0000] {processor.py:153} INFO - Started process (PID=3148) to work on /opt/airflow/dags/houzz_pro/Tasks/legacy_dags/clipper_onboarding_events.py
[2024-03-28T02:54:25.489+0000] {processor.py:743} INFO - Processing file /opt/airflow/dags/houzz_pro/Tasks/legacy_dags/clipper_onboarding_events.py for tasks to queue
[2024-03-28T02:54:25.490+0000] {logging_mixin.py:137} INFO - [2024-03-28T02:54:25.490+0000] {dagbag.py:532} INFO - Filling up the DagBag from /opt/airflow/dags/houzz_pro/Tasks/legacy_dags/clipper_onboarding_events.py
[2024-03-28T02:54:26.291+0000] {processor.py:753} INFO - DAG(s) dict_keys(['clipper_onboarding']) retrieved from /opt/airflow/dags/houzz_pro/Tasks/legacy_dags/clipper_onboarding_events.py
[2024-03-28T02:54:26.330+0000] {logging_mixin.py:137} INFO - [2024-03-28T02:54:26.328+0000] {dag.py:2705} INFO - Sync 1 DAGs
[2024-03-28T02:54:26.374+0000] {logging_mixin.py:137} INFO - [2024-03-28T02:54:26.373+0000] {dag.py:3452} INFO - Setting next_dagrun for clipper_onboarding to 2019-09-18T00:00:00+00:00, run_after=2019-09-19T00:00:00+00:00
[2024-03-28T02:54:26.409+0000] {processor.py:175} INFO - Processing /opt/airflow/dags/houzz_pro/Tasks/legacy_dags/clipper_onboarding_events.py took 0.931 seconds
[2024-03-28T02:54:57.167+0000] {processor.py:153} INFO - Started process (PID=3366) to work on /opt/airflow/dags/houzz_pro/Tasks/legacy_dags/clipper_onboarding_events.py
[2024-03-28T02:54:57.168+0000] {processor.py:743} INFO - Processing file /opt/airflow/dags/houzz_pro/Tasks/legacy_dags/clipper_onboarding_events.py for tasks to queue
[2024-03-28T02:54:57.170+0000] {logging_mixin.py:137} INFO - [2024-03-28T02:54:57.170+0000] {dagbag.py:532} INFO - Filling up the DagBag from /opt/airflow/dags/houzz_pro/Tasks/legacy_dags/clipper_onboarding_events.py
[2024-03-28T02:54:57.866+0000] {processor.py:753} INFO - DAG(s) dict_keys(['clipper_onboarding']) retrieved from /opt/airflow/dags/houzz_pro/Tasks/legacy_dags/clipper_onboarding_events.py
[2024-03-28T02:54:57.905+0000] {logging_mixin.py:137} INFO - [2024-03-28T02:54:57.904+0000] {dag.py:2705} INFO - Sync 1 DAGs
[2024-03-28T02:54:57.941+0000] {logging_mixin.py:137} INFO - [2024-03-28T02:54:57.941+0000] {dag.py:3452} INFO - Setting next_dagrun for clipper_onboarding to 2019-09-18T00:00:00+00:00, run_after=2019-09-19T00:00:00+00:00
[2024-03-28T02:54:57.971+0000] {processor.py:175} INFO - Processing /opt/airflow/dags/houzz_pro/Tasks/legacy_dags/clipper_onboarding_events.py took 0.812 seconds
[2024-03-28T02:55:28.893+0000] {processor.py:153} INFO - Started process (PID=3587) to work on /opt/airflow/dags/houzz_pro/Tasks/legacy_dags/clipper_onboarding_events.py
[2024-03-28T02:55:28.894+0000] {processor.py:743} INFO - Processing file /opt/airflow/dags/houzz_pro/Tasks/legacy_dags/clipper_onboarding_events.py for tasks to queue
[2024-03-28T02:55:28.897+0000] {logging_mixin.py:137} INFO - [2024-03-28T02:55:28.897+0000] {dagbag.py:532} INFO - Filling up the DagBag from /opt/airflow/dags/houzz_pro/Tasks/legacy_dags/clipper_onboarding_events.py
[2024-03-28T02:55:29.642+0000] {processor.py:753} INFO - DAG(s) dict_keys(['clipper_onboarding']) retrieved from /opt/airflow/dags/houzz_pro/Tasks/legacy_dags/clipper_onboarding_events.py
[2024-03-28T02:55:29.677+0000] {logging_mixin.py:137} INFO - [2024-03-28T02:55:29.677+0000] {dag.py:2705} INFO - Sync 1 DAGs
[2024-03-28T02:55:29.718+0000] {logging_mixin.py:137} INFO - [2024-03-28T02:55:29.718+0000] {dag.py:3452} INFO - Setting next_dagrun for clipper_onboarding to 2019-09-18T00:00:00+00:00, run_after=2019-09-19T00:00:00+00:00
[2024-03-28T02:55:29.743+0000] {processor.py:175} INFO - Processing /opt/airflow/dags/houzz_pro/Tasks/legacy_dags/clipper_onboarding_events.py took 0.856 seconds
[2024-03-28T02:56:00.626+0000] {processor.py:153} INFO - Started process (PID=3798) to work on /opt/airflow/dags/houzz_pro/Tasks/legacy_dags/clipper_onboarding_events.py
[2024-03-28T02:56:00.627+0000] {processor.py:743} INFO - Processing file /opt/airflow/dags/houzz_pro/Tasks/legacy_dags/clipper_onboarding_events.py for tasks to queue
[2024-03-28T02:56:00.628+0000] {logging_mixin.py:137} INFO - [2024-03-28T02:56:00.628+0000] {dagbag.py:532} INFO - Filling up the DagBag from /opt/airflow/dags/houzz_pro/Tasks/legacy_dags/clipper_onboarding_events.py
[2024-03-28T02:56:01.269+0000] {processor.py:753} INFO - DAG(s) dict_keys(['clipper_onboarding']) retrieved from /opt/airflow/dags/houzz_pro/Tasks/legacy_dags/clipper_onboarding_events.py
[2024-03-28T02:56:01.302+0000] {logging_mixin.py:137} INFO - [2024-03-28T02:56:01.301+0000] {dag.py:2705} INFO - Sync 1 DAGs
[2024-03-28T02:56:01.334+0000] {logging_mixin.py:137} INFO - [2024-03-28T02:56:01.334+0000] {dag.py:3452} INFO - Setting next_dagrun for clipper_onboarding to 2019-09-18T00:00:00+00:00, run_after=2019-09-19T00:00:00+00:00
[2024-03-28T02:56:01.358+0000] {processor.py:175} INFO - Processing /opt/airflow/dags/houzz_pro/Tasks/legacy_dags/clipper_onboarding_events.py took 0.738 seconds
[2024-03-28T02:56:31.595+0000] {processor.py:153} INFO - Started process (PID=4007) to work on /opt/airflow/dags/houzz_pro/Tasks/legacy_dags/clipper_onboarding_events.py
[2024-03-28T02:56:31.599+0000] {processor.py:743} INFO - Processing file /opt/airflow/dags/houzz_pro/Tasks/legacy_dags/clipper_onboarding_events.py for tasks to queue
[2024-03-28T02:56:31.601+0000] {logging_mixin.py:137} INFO - [2024-03-28T02:56:31.601+0000] {dagbag.py:532} INFO - Filling up the DagBag from /opt/airflow/dags/houzz_pro/Tasks/legacy_dags/clipper_onboarding_events.py
[2024-03-28T02:56:32.334+0000] {processor.py:753} INFO - DAG(s) dict_keys(['clipper_onboarding']) retrieved from /opt/airflow/dags/houzz_pro/Tasks/legacy_dags/clipper_onboarding_events.py
[2024-03-28T02:56:32.370+0000] {logging_mixin.py:137} INFO - [2024-03-28T02:56:32.369+0000] {dag.py:2705} INFO - Sync 1 DAGs
[2024-03-28T02:56:32.404+0000] {logging_mixin.py:137} INFO - [2024-03-28T02:56:32.404+0000] {dag.py:3452} INFO - Setting next_dagrun for clipper_onboarding to 2019-09-18T00:00:00+00:00, run_after=2019-09-19T00:00:00+00:00
[2024-03-28T02:56:32.433+0000] {processor.py:175} INFO - Processing /opt/airflow/dags/houzz_pro/Tasks/legacy_dags/clipper_onboarding_events.py took 0.843 seconds
