[2024-03-28T02:46:16.718+0000] {processor.py:153} INFO - Started process (PID=335) to work on /opt/airflow/dags/houzz_pro/Tasks/legacy_dags/ivy_mrr.py
[2024-03-28T02:46:16.726+0000] {processor.py:743} INFO - Processing file /opt/airflow/dags/houzz_pro/Tasks/legacy_dags/ivy_mrr.py for tasks to queue
[2024-03-28T02:46:16.730+0000] {logging_mixin.py:137} INFO - [2024-03-28T02:46:16.729+0000] {dagbag.py:532} INFO - Filling up the DagBag from /opt/airflow/dags/houzz_pro/Tasks/legacy_dags/ivy_mrr.py
[2024-03-28T02:46:24.555+0000] {processor.py:753} INFO - DAG(s) dict_keys(['update_mrr_table']) retrieved from /opt/airflow/dags/houzz_pro/Tasks/legacy_dags/ivy_mrr.py
[2024-03-28T02:46:24.898+0000] {logging_mixin.py:137} INFO - [2024-03-28T02:46:24.898+0000] {manager.py:504} INFO - Created Permission View: can delete on DAG:update_mrr_table
[2024-03-28T02:46:24.928+0000] {logging_mixin.py:137} INFO - [2024-03-28T02:46:24.927+0000] {manager.py:504} INFO - Created Permission View: can read on DAG:update_mrr_table
[2024-03-28T02:46:24.963+0000] {logging_mixin.py:137} INFO - [2024-03-28T02:46:24.960+0000] {manager.py:504} INFO - Created Permission View: can edit on DAG:update_mrr_table
[2024-03-28T02:46:24.967+0000] {logging_mixin.py:137} INFO - [2024-03-28T02:46:24.965+0000] {dag.py:2705} INFO - Sync 1 DAGs
[2024-03-28T02:46:25.039+0000] {logging_mixin.py:137} WARNING - /home/airflow/.local/lib/python3.10/site-packages/airflow/models/dag.py:3223 DeprecationWarning: The dag_concurrency option in [core] has been renamed to max_active_tasks_per_dag - the old setting has been used, but please update your config.
[2024-03-28T02:46:25.042+0000] {logging_mixin.py:137} INFO - [2024-03-28T02:46:25.041+0000] {dag.py:2726} INFO - Creating ORM DAG for update_mrr_table
[2024-03-28T02:46:25.090+0000] {logging_mixin.py:137} INFO - [2024-03-28T02:46:25.087+0000] {dag.py:3452} INFO - Setting next_dagrun for update_mrr_table to 2024-03-28T01:00:00+00:00, run_after=2024-03-28T02:00:00+00:00
[2024-03-28T02:46:25.159+0000] {processor.py:175} INFO - Processing /opt/airflow/dags/houzz_pro/Tasks/legacy_dags/ivy_mrr.py took 8.456 seconds
[2024-03-28T02:47:07.753+0000] {processor.py:153} INFO - Started process (PID=553) to work on /opt/airflow/dags/houzz_pro/Tasks/legacy_dags/ivy_mrr.py
[2024-03-28T02:47:07.756+0000] {processor.py:743} INFO - Processing file /opt/airflow/dags/houzz_pro/Tasks/legacy_dags/ivy_mrr.py for tasks to queue
[2024-03-28T02:47:07.757+0000] {logging_mixin.py:137} INFO - [2024-03-28T02:47:07.757+0000] {dagbag.py:532} INFO - Filling up the DagBag from /opt/airflow/dags/houzz_pro/Tasks/legacy_dags/ivy_mrr.py
[2024-03-28T02:47:10.083+0000] {processor.py:753} INFO - DAG(s) dict_keys(['update_mrr_table']) retrieved from /opt/airflow/dags/houzz_pro/Tasks/legacy_dags/ivy_mrr.py
[2024-03-28T02:47:10.153+0000] {logging_mixin.py:137} INFO - [2024-03-28T02:47:10.151+0000] {dag.py:2705} INFO - Sync 1 DAGs
[2024-03-28T02:47:10.234+0000] {logging_mixin.py:137} INFO - [2024-03-28T02:47:10.233+0000] {dag.py:3452} INFO - Setting next_dagrun for update_mrr_table to 2024-03-28T01:00:00+00:00, run_after=2024-03-28T02:00:00+00:00
[2024-03-28T02:47:10.287+0000] {processor.py:175} INFO - Processing /opt/airflow/dags/houzz_pro/Tasks/legacy_dags/ivy_mrr.py took 2.546 seconds
[2024-03-28T02:48:05.441+0000] {processor.py:153} INFO - Started process (PID=798) to work on /opt/airflow/dags/houzz_pro/Tasks/legacy_dags/ivy_mrr.py
[2024-03-28T02:48:05.456+0000] {processor.py:743} INFO - Processing file /opt/airflow/dags/houzz_pro/Tasks/legacy_dags/ivy_mrr.py for tasks to queue
[2024-03-28T02:48:05.518+0000] {logging_mixin.py:137} INFO - [2024-03-28T02:48:05.490+0000] {dagbag.py:532} INFO - Filling up the DagBag from /opt/airflow/dags/houzz_pro/Tasks/legacy_dags/ivy_mrr.py
[2024-03-28T02:48:10.376+0000] {processor.py:753} INFO - DAG(s) dict_keys(['update_mrr_table']) retrieved from /opt/airflow/dags/houzz_pro/Tasks/legacy_dags/ivy_mrr.py
[2024-03-28T02:48:10.872+0000] {logging_mixin.py:137} INFO - [2024-03-28T02:48:10.866+0000] {dag.py:2705} INFO - Sync 1 DAGs
[2024-03-28T02:48:11.135+0000] {logging_mixin.py:137} INFO - [2024-03-28T02:48:11.134+0000] {dag.py:3452} INFO - Setting next_dagrun for update_mrr_table to 2024-03-28T01:00:00+00:00, run_after=2024-03-28T02:00:00+00:00
[2024-03-28T02:48:11.317+0000] {processor.py:175} INFO - Processing /opt/airflow/dags/houzz_pro/Tasks/legacy_dags/ivy_mrr.py took 5.936 seconds
[2024-03-28T02:48:46.839+0000] {processor.py:153} INFO - Started process (PID=1009) to work on /opt/airflow/dags/houzz_pro/Tasks/legacy_dags/ivy_mrr.py
[2024-03-28T02:48:46.891+0000] {processor.py:743} INFO - Processing file /opt/airflow/dags/houzz_pro/Tasks/legacy_dags/ivy_mrr.py for tasks to queue
[2024-03-28T02:48:46.983+0000] {logging_mixin.py:137} INFO - [2024-03-28T02:48:46.976+0000] {dagbag.py:532} INFO - Filling up the DagBag from /opt/airflow/dags/houzz_pro/Tasks/legacy_dags/ivy_mrr.py
[2024-03-28T02:48:50.321+0000] {processor.py:753} INFO - DAG(s) dict_keys(['update_mrr_table']) retrieved from /opt/airflow/dags/houzz_pro/Tasks/legacy_dags/ivy_mrr.py
[2024-03-28T02:48:50.406+0000] {logging_mixin.py:137} INFO - [2024-03-28T02:48:50.405+0000] {dag.py:2705} INFO - Sync 1 DAGs
[2024-03-28T02:48:50.470+0000] {logging_mixin.py:137} INFO - [2024-03-28T02:48:50.469+0000] {dag.py:3452} INFO - Setting next_dagrun for update_mrr_table to 2024-03-28T01:00:00+00:00, run_after=2024-03-28T02:00:00+00:00
[2024-03-28T02:48:50.517+0000] {processor.py:175} INFO - Processing /opt/airflow/dags/houzz_pro/Tasks/legacy_dags/ivy_mrr.py took 3.800 seconds
[2024-03-28T02:49:23.190+0000] {processor.py:153} INFO - Started process (PID=1226) to work on /opt/airflow/dags/houzz_pro/Tasks/legacy_dags/ivy_mrr.py
[2024-03-28T02:49:23.194+0000] {processor.py:743} INFO - Processing file /opt/airflow/dags/houzz_pro/Tasks/legacy_dags/ivy_mrr.py for tasks to queue
[2024-03-28T02:49:23.197+0000] {logging_mixin.py:137} INFO - [2024-03-28T02:49:23.196+0000] {dagbag.py:532} INFO - Filling up the DagBag from /opt/airflow/dags/houzz_pro/Tasks/legacy_dags/ivy_mrr.py
[2024-03-28T02:49:26.201+0000] {processor.py:753} INFO - DAG(s) dict_keys(['update_mrr_table']) retrieved from /opt/airflow/dags/houzz_pro/Tasks/legacy_dags/ivy_mrr.py
[2024-03-28T02:49:26.286+0000] {logging_mixin.py:137} INFO - [2024-03-28T02:49:26.284+0000] {dag.py:2705} INFO - Sync 1 DAGs
[2024-03-28T02:49:26.382+0000] {logging_mixin.py:137} INFO - [2024-03-28T02:49:26.381+0000] {dag.py:3452} INFO - Setting next_dagrun for update_mrr_table to 2024-03-28T01:00:00+00:00, run_after=2024-03-28T02:00:00+00:00
[2024-03-28T02:49:26.450+0000] {processor.py:175} INFO - Processing /opt/airflow/dags/houzz_pro/Tasks/legacy_dags/ivy_mrr.py took 3.266 seconds
[2024-03-28T02:49:56.892+0000] {processor.py:153} INFO - Started process (PID=1439) to work on /opt/airflow/dags/houzz_pro/Tasks/legacy_dags/ivy_mrr.py
[2024-03-28T02:49:56.894+0000] {processor.py:743} INFO - Processing file /opt/airflow/dags/houzz_pro/Tasks/legacy_dags/ivy_mrr.py for tasks to queue
[2024-03-28T02:49:56.898+0000] {logging_mixin.py:137} INFO - [2024-03-28T02:49:56.898+0000] {dagbag.py:532} INFO - Filling up the DagBag from /opt/airflow/dags/houzz_pro/Tasks/legacy_dags/ivy_mrr.py
[2024-03-28T02:49:58.523+0000] {processor.py:753} INFO - DAG(s) dict_keys(['update_mrr_table']) retrieved from /opt/airflow/dags/houzz_pro/Tasks/legacy_dags/ivy_mrr.py
[2024-03-28T02:49:58.591+0000] {logging_mixin.py:137} INFO - [2024-03-28T02:49:58.590+0000] {dag.py:2705} INFO - Sync 1 DAGs
[2024-03-28T02:49:58.656+0000] {logging_mixin.py:137} INFO - [2024-03-28T02:49:58.656+0000] {dag.py:3452} INFO - Setting next_dagrun for update_mrr_table to 2024-03-28T01:00:00+00:00, run_after=2024-03-28T02:00:00+00:00
[2024-03-28T02:49:58.716+0000] {processor.py:175} INFO - Processing /opt/airflow/dags/houzz_pro/Tasks/legacy_dags/ivy_mrr.py took 1.831 seconds
[2024-03-28T02:50:29.673+0000] {processor.py:153} INFO - Started process (PID=1648) to work on /opt/airflow/dags/houzz_pro/Tasks/legacy_dags/ivy_mrr.py
[2024-03-28T02:50:29.675+0000] {processor.py:743} INFO - Processing file /opt/airflow/dags/houzz_pro/Tasks/legacy_dags/ivy_mrr.py for tasks to queue
[2024-03-28T02:50:29.680+0000] {logging_mixin.py:137} INFO - [2024-03-28T02:50:29.680+0000] {dagbag.py:532} INFO - Filling up the DagBag from /opt/airflow/dags/houzz_pro/Tasks/legacy_dags/ivy_mrr.py
[2024-03-28T02:50:33.620+0000] {processor.py:753} INFO - DAG(s) dict_keys(['update_mrr_table']) retrieved from /opt/airflow/dags/houzz_pro/Tasks/legacy_dags/ivy_mrr.py
[2024-03-28T02:50:34.013+0000] {logging_mixin.py:137} INFO - [2024-03-28T02:50:33.980+0000] {dag.py:2705} INFO - Sync 1 DAGs
[2024-03-28T02:50:34.305+0000] {logging_mixin.py:137} INFO - [2024-03-28T02:50:34.304+0000] {dag.py:3452} INFO - Setting next_dagrun for update_mrr_table to 2024-03-28T01:00:00+00:00, run_after=2024-03-28T02:00:00+00:00
[2024-03-28T02:50:34.511+0000] {processor.py:175} INFO - Processing /opt/airflow/dags/houzz_pro/Tasks/legacy_dags/ivy_mrr.py took 4.840 seconds
[2024-03-28T02:51:04.898+0000] {processor.py:153} INFO - Started process (PID=1854) to work on /opt/airflow/dags/houzz_pro/Tasks/legacy_dags/ivy_mrr.py
[2024-03-28T02:51:04.901+0000] {processor.py:743} INFO - Processing file /opt/airflow/dags/houzz_pro/Tasks/legacy_dags/ivy_mrr.py for tasks to queue
[2024-03-28T02:51:04.905+0000] {logging_mixin.py:137} INFO - [2024-03-28T02:51:04.904+0000] {dagbag.py:532} INFO - Filling up the DagBag from /opt/airflow/dags/houzz_pro/Tasks/legacy_dags/ivy_mrr.py
[2024-03-28T02:51:06.336+0000] {processor.py:753} INFO - DAG(s) dict_keys(['update_mrr_table']) retrieved from /opt/airflow/dags/houzz_pro/Tasks/legacy_dags/ivy_mrr.py
[2024-03-28T02:51:06.457+0000] {logging_mixin.py:137} INFO - [2024-03-28T02:51:06.456+0000] {dag.py:2705} INFO - Sync 1 DAGs
[2024-03-28T02:51:06.556+0000] {logging_mixin.py:137} INFO - [2024-03-28T02:51:06.556+0000] {dag.py:3452} INFO - Setting next_dagrun for update_mrr_table to 2024-03-28T01:00:00+00:00, run_after=2024-03-28T02:00:00+00:00
[2024-03-28T02:51:06.604+0000] {processor.py:175} INFO - Processing /opt/airflow/dags/houzz_pro/Tasks/legacy_dags/ivy_mrr.py took 1.716 seconds
[2024-03-28T02:51:37.158+0000] {processor.py:153} INFO - Started process (PID=2065) to work on /opt/airflow/dags/houzz_pro/Tasks/legacy_dags/ivy_mrr.py
[2024-03-28T02:51:37.159+0000] {processor.py:743} INFO - Processing file /opt/airflow/dags/houzz_pro/Tasks/legacy_dags/ivy_mrr.py for tasks to queue
[2024-03-28T02:51:37.161+0000] {logging_mixin.py:137} INFO - [2024-03-28T02:51:37.160+0000] {dagbag.py:532} INFO - Filling up the DagBag from /opt/airflow/dags/houzz_pro/Tasks/legacy_dags/ivy_mrr.py
[2024-03-28T02:51:38.184+0000] {processor.py:753} INFO - DAG(s) dict_keys(['update_mrr_table']) retrieved from /opt/airflow/dags/houzz_pro/Tasks/legacy_dags/ivy_mrr.py
[2024-03-28T02:51:38.221+0000] {logging_mixin.py:137} INFO - [2024-03-28T02:51:38.221+0000] {dag.py:2705} INFO - Sync 1 DAGs
[2024-03-28T02:51:38.257+0000] {logging_mixin.py:137} INFO - [2024-03-28T02:51:38.257+0000] {dag.py:3452} INFO - Setting next_dagrun for update_mrr_table to 2024-03-28T01:00:00+00:00, run_after=2024-03-28T02:00:00+00:00
[2024-03-28T02:51:38.659+0000] {processor.py:175} INFO - Processing /opt/airflow/dags/houzz_pro/Tasks/legacy_dags/ivy_mrr.py took 1.507 seconds
[2024-03-28T02:52:14.343+0000] {processor.py:153} INFO - Started process (PID=2276) to work on /opt/airflow/dags/houzz_pro/Tasks/legacy_dags/ivy_mrr.py
[2024-03-28T02:52:14.351+0000] {processor.py:743} INFO - Processing file /opt/airflow/dags/houzz_pro/Tasks/legacy_dags/ivy_mrr.py for tasks to queue
[2024-03-28T02:52:14.354+0000] {logging_mixin.py:137} INFO - [2024-03-28T02:52:14.353+0000] {dagbag.py:532} INFO - Filling up the DagBag from /opt/airflow/dags/houzz_pro/Tasks/legacy_dags/ivy_mrr.py
[2024-03-28T02:52:16.950+0000] {processor.py:753} INFO - DAG(s) dict_keys(['update_mrr_table']) retrieved from /opt/airflow/dags/houzz_pro/Tasks/legacy_dags/ivy_mrr.py
[2024-03-28T02:52:17.038+0000] {logging_mixin.py:137} INFO - [2024-03-28T02:52:17.037+0000] {dag.py:2705} INFO - Sync 1 DAGs
[2024-03-28T02:52:17.100+0000] {logging_mixin.py:137} INFO - [2024-03-28T02:52:17.100+0000] {dag.py:3452} INFO - Setting next_dagrun for update_mrr_table to 2024-03-28T01:00:00+00:00, run_after=2024-03-28T02:00:00+00:00
[2024-03-28T02:52:17.148+0000] {processor.py:175} INFO - Processing /opt/airflow/dags/houzz_pro/Tasks/legacy_dags/ivy_mrr.py took 2.829 seconds
[2024-03-28T02:52:47.502+0000] {processor.py:153} INFO - Started process (PID=2489) to work on /opt/airflow/dags/houzz_pro/Tasks/legacy_dags/ivy_mrr.py
[2024-03-28T02:52:47.503+0000] {processor.py:743} INFO - Processing file /opt/airflow/dags/houzz_pro/Tasks/legacy_dags/ivy_mrr.py for tasks to queue
[2024-03-28T02:52:47.504+0000] {logging_mixin.py:137} INFO - [2024-03-28T02:52:47.504+0000] {dagbag.py:532} INFO - Filling up the DagBag from /opt/airflow/dags/houzz_pro/Tasks/legacy_dags/ivy_mrr.py
[2024-03-28T02:52:48.424+0000] {processor.py:753} INFO - DAG(s) dict_keys(['update_mrr_table']) retrieved from /opt/airflow/dags/houzz_pro/Tasks/legacy_dags/ivy_mrr.py
[2024-03-28T02:52:48.458+0000] {logging_mixin.py:137} INFO - [2024-03-28T02:52:48.457+0000] {dag.py:2705} INFO - Sync 1 DAGs
[2024-03-28T02:52:48.492+0000] {logging_mixin.py:137} INFO - [2024-03-28T02:52:48.492+0000] {dag.py:3452} INFO - Setting next_dagrun for update_mrr_table to 2024-03-28T01:00:00+00:00, run_after=2024-03-28T02:00:00+00:00
[2024-03-28T02:52:48.517+0000] {processor.py:175} INFO - Processing /opt/airflow/dags/houzz_pro/Tasks/legacy_dags/ivy_mrr.py took 1.024 seconds
[2024-03-28T02:53:18.660+0000] {processor.py:153} INFO - Started process (PID=2700) to work on /opt/airflow/dags/houzz_pro/Tasks/legacy_dags/ivy_mrr.py
[2024-03-28T02:53:18.662+0000] {processor.py:743} INFO - Processing file /opt/airflow/dags/houzz_pro/Tasks/legacy_dags/ivy_mrr.py for tasks to queue
[2024-03-28T02:53:18.664+0000] {logging_mixin.py:137} INFO - [2024-03-28T02:53:18.664+0000] {dagbag.py:532} INFO - Filling up the DagBag from /opt/airflow/dags/houzz_pro/Tasks/legacy_dags/ivy_mrr.py
[2024-03-28T02:53:19.557+0000] {processor.py:753} INFO - DAG(s) dict_keys(['update_mrr_table']) retrieved from /opt/airflow/dags/houzz_pro/Tasks/legacy_dags/ivy_mrr.py
[2024-03-28T02:53:19.592+0000] {logging_mixin.py:137} INFO - [2024-03-28T02:53:19.592+0000] {dag.py:2705} INFO - Sync 1 DAGs
[2024-03-28T02:53:19.630+0000] {logging_mixin.py:137} INFO - [2024-03-28T02:53:19.629+0000] {dag.py:3452} INFO - Setting next_dagrun for update_mrr_table to 2024-03-28T01:00:00+00:00, run_after=2024-03-28T02:00:00+00:00
[2024-03-28T02:53:19.659+0000] {processor.py:175} INFO - Processing /opt/airflow/dags/houzz_pro/Tasks/legacy_dags/ivy_mrr.py took 1.005 seconds
[2024-03-28T02:53:49.820+0000] {processor.py:153} INFO - Started process (PID=2910) to work on /opt/airflow/dags/houzz_pro/Tasks/legacy_dags/ivy_mrr.py
[2024-03-28T02:53:49.822+0000] {processor.py:743} INFO - Processing file /opt/airflow/dags/houzz_pro/Tasks/legacy_dags/ivy_mrr.py for tasks to queue
[2024-03-28T02:53:49.824+0000] {logging_mixin.py:137} INFO - [2024-03-28T02:53:49.823+0000] {dagbag.py:532} INFO - Filling up the DagBag from /opt/airflow/dags/houzz_pro/Tasks/legacy_dags/ivy_mrr.py
[2024-03-28T02:53:51.406+0000] {processor.py:753} INFO - DAG(s) dict_keys(['update_mrr_table']) retrieved from /opt/airflow/dags/houzz_pro/Tasks/legacy_dags/ivy_mrr.py
[2024-03-28T02:53:51.503+0000] {logging_mixin.py:137} INFO - [2024-03-28T02:53:51.502+0000] {dag.py:2705} INFO - Sync 1 DAGs
[2024-03-28T02:53:51.555+0000] {logging_mixin.py:137} INFO - [2024-03-28T02:53:51.554+0000] {dag.py:3452} INFO - Setting next_dagrun for update_mrr_table to 2024-03-28T01:00:00+00:00, run_after=2024-03-28T02:00:00+00:00
[2024-03-28T02:53:51.590+0000] {processor.py:175} INFO - Processing /opt/airflow/dags/houzz_pro/Tasks/legacy_dags/ivy_mrr.py took 1.779 seconds
[2024-03-28T02:54:21.730+0000] {processor.py:153} INFO - Started process (PID=3122) to work on /opt/airflow/dags/houzz_pro/Tasks/legacy_dags/ivy_mrr.py
[2024-03-28T02:54:21.733+0000] {processor.py:743} INFO - Processing file /opt/airflow/dags/houzz_pro/Tasks/legacy_dags/ivy_mrr.py for tasks to queue
[2024-03-28T02:54:21.735+0000] {logging_mixin.py:137} INFO - [2024-03-28T02:54:21.735+0000] {dagbag.py:532} INFO - Filling up the DagBag from /opt/airflow/dags/houzz_pro/Tasks/legacy_dags/ivy_mrr.py
[2024-03-28T02:54:22.522+0000] {processor.py:753} INFO - DAG(s) dict_keys(['update_mrr_table']) retrieved from /opt/airflow/dags/houzz_pro/Tasks/legacy_dags/ivy_mrr.py
[2024-03-28T02:54:22.552+0000] {logging_mixin.py:137} INFO - [2024-03-28T02:54:22.551+0000] {dag.py:2705} INFO - Sync 1 DAGs
[2024-03-28T02:54:22.583+0000] {logging_mixin.py:137} INFO - [2024-03-28T02:54:22.583+0000] {dag.py:3452} INFO - Setting next_dagrun for update_mrr_table to 2024-03-28T01:00:00+00:00, run_after=2024-03-28T02:00:00+00:00
[2024-03-28T02:54:22.607+0000] {processor.py:175} INFO - Processing /opt/airflow/dags/houzz_pro/Tasks/legacy_dags/ivy_mrr.py took 0.883 seconds
[2024-03-28T02:54:54.066+0000] {processor.py:153} INFO - Started process (PID=3340) to work on /opt/airflow/dags/houzz_pro/Tasks/legacy_dags/ivy_mrr.py
[2024-03-28T02:54:54.067+0000] {processor.py:743} INFO - Processing file /opt/airflow/dags/houzz_pro/Tasks/legacy_dags/ivy_mrr.py for tasks to queue
[2024-03-28T02:54:54.069+0000] {logging_mixin.py:137} INFO - [2024-03-28T02:54:54.069+0000] {dagbag.py:532} INFO - Filling up the DagBag from /opt/airflow/dags/houzz_pro/Tasks/legacy_dags/ivy_mrr.py
[2024-03-28T02:54:55.228+0000] {processor.py:753} INFO - DAG(s) dict_keys(['update_mrr_table']) retrieved from /opt/airflow/dags/houzz_pro/Tasks/legacy_dags/ivy_mrr.py
[2024-03-28T02:54:55.262+0000] {logging_mixin.py:137} INFO - [2024-03-28T02:54:55.261+0000] {dag.py:2705} INFO - Sync 1 DAGs
[2024-03-28T02:54:55.293+0000] {logging_mixin.py:137} INFO - [2024-03-28T02:54:55.293+0000] {dag.py:3452} INFO - Setting next_dagrun for update_mrr_table to 2024-03-28T01:00:00+00:00, run_after=2024-03-28T02:00:00+00:00
[2024-03-28T02:54:55.324+0000] {processor.py:175} INFO - Processing /opt/airflow/dags/houzz_pro/Tasks/legacy_dags/ivy_mrr.py took 1.264 seconds
[2024-03-28T02:55:26.806+0000] {processor.py:153} INFO - Started process (PID=3562) to work on /opt/airflow/dags/houzz_pro/Tasks/legacy_dags/ivy_mrr.py
[2024-03-28T02:55:26.807+0000] {processor.py:743} INFO - Processing file /opt/airflow/dags/houzz_pro/Tasks/legacy_dags/ivy_mrr.py for tasks to queue
[2024-03-28T02:55:26.809+0000] {logging_mixin.py:137} INFO - [2024-03-28T02:55:26.808+0000] {dagbag.py:532} INFO - Filling up the DagBag from /opt/airflow/dags/houzz_pro/Tasks/legacy_dags/ivy_mrr.py
[2024-03-28T02:55:27.788+0000] {processor.py:753} INFO - DAG(s) dict_keys(['update_mrr_table']) retrieved from /opt/airflow/dags/houzz_pro/Tasks/legacy_dags/ivy_mrr.py
[2024-03-28T02:55:27.821+0000] {logging_mixin.py:137} INFO - [2024-03-28T02:55:27.821+0000] {dag.py:2705} INFO - Sync 1 DAGs
[2024-03-28T02:55:27.872+0000] {logging_mixin.py:137} INFO - [2024-03-28T02:55:27.872+0000] {dag.py:3452} INFO - Setting next_dagrun for update_mrr_table to 2024-03-28T01:00:00+00:00, run_after=2024-03-28T02:00:00+00:00
[2024-03-28T02:55:27.914+0000] {processor.py:175} INFO - Processing /opt/airflow/dags/houzz_pro/Tasks/legacy_dags/ivy_mrr.py took 1.115 seconds
[2024-03-28T02:55:58.272+0000] {processor.py:153} INFO - Started process (PID=3784) to work on /opt/airflow/dags/houzz_pro/Tasks/legacy_dags/ivy_mrr.py
[2024-03-28T02:55:58.275+0000] {processor.py:743} INFO - Processing file /opt/airflow/dags/houzz_pro/Tasks/legacy_dags/ivy_mrr.py for tasks to queue
[2024-03-28T02:55:58.276+0000] {logging_mixin.py:137} INFO - [2024-03-28T02:55:58.276+0000] {dagbag.py:532} INFO - Filling up the DagBag from /opt/airflow/dags/houzz_pro/Tasks/legacy_dags/ivy_mrr.py
[2024-03-28T02:55:59.456+0000] {processor.py:753} INFO - DAG(s) dict_keys(['update_mrr_table']) retrieved from /opt/airflow/dags/houzz_pro/Tasks/legacy_dags/ivy_mrr.py
[2024-03-28T02:55:59.492+0000] {logging_mixin.py:137} INFO - [2024-03-28T02:55:59.491+0000] {dag.py:2705} INFO - Sync 1 DAGs
[2024-03-28T02:55:59.531+0000] {logging_mixin.py:137} INFO - [2024-03-28T02:55:59.530+0000] {dag.py:3452} INFO - Setting next_dagrun for update_mrr_table to 2024-03-28T01:00:00+00:00, run_after=2024-03-28T02:00:00+00:00
[2024-03-28T02:55:59.563+0000] {processor.py:175} INFO - Processing /opt/airflow/dags/houzz_pro/Tasks/legacy_dags/ivy_mrr.py took 1.304 seconds
[2024-03-28T02:56:30.292+0000] {processor.py:153} INFO - Started process (PID=3995) to work on /opt/airflow/dags/houzz_pro/Tasks/legacy_dags/ivy_mrr.py
[2024-03-28T02:56:30.294+0000] {processor.py:743} INFO - Processing file /opt/airflow/dags/houzz_pro/Tasks/legacy_dags/ivy_mrr.py for tasks to queue
[2024-03-28T02:56:30.298+0000] {logging_mixin.py:137} INFO - [2024-03-28T02:56:30.298+0000] {dagbag.py:532} INFO - Filling up the DagBag from /opt/airflow/dags/houzz_pro/Tasks/legacy_dags/ivy_mrr.py
[2024-03-28T02:56:31.416+0000] {processor.py:753} INFO - DAG(s) dict_keys(['update_mrr_table']) retrieved from /opt/airflow/dags/houzz_pro/Tasks/legacy_dags/ivy_mrr.py
[2024-03-28T02:56:31.455+0000] {logging_mixin.py:137} INFO - [2024-03-28T02:56:31.454+0000] {dag.py:2705} INFO - Sync 1 DAGs
[2024-03-28T02:56:31.502+0000] {logging_mixin.py:137} INFO - [2024-03-28T02:56:31.502+0000] {dag.py:3452} INFO - Setting next_dagrun for update_mrr_table to 2024-03-28T01:00:00+00:00, run_after=2024-03-28T02:00:00+00:00
[2024-03-28T02:56:31.537+0000] {processor.py:175} INFO - Processing /opt/airflow/dags/houzz_pro/Tasks/legacy_dags/ivy_mrr.py took 1.255 seconds
