[2024-03-28T02:46:13.189+0000] {processor.py:153} INFO - Started process (PID=330) to work on /opt/airflow/dags/houzz_pro/Tasks/legacy_dags/onboarding_score.py
[2024-03-28T02:46:13.217+0000] {processor.py:743} INFO - Processing file /opt/airflow/dags/houzz_pro/Tasks/legacy_dags/onboarding_score.py for tasks to queue
[2024-03-28T02:46:13.222+0000] {logging_mixin.py:137} INFO - [2024-03-28T02:46:13.221+0000] {dagbag.py:532} INFO - Filling up the DagBag from /opt/airflow/dags/houzz_pro/Tasks/legacy_dags/onboarding_score.py
[2024-03-28T02:46:22.609+0000] {processor.py:753} INFO - DAG(s) dict_keys(['update_onboarding_tables']) retrieved from /opt/airflow/dags/houzz_pro/Tasks/legacy_dags/onboarding_score.py
[2024-03-28T02:46:23.503+0000] {logging_mixin.py:137} INFO - [2024-03-28T02:46:23.501+0000] {manager.py:504} INFO - Created Permission View: can delete on DAG:update_onboarding_tables
[2024-03-28T02:46:23.552+0000] {logging_mixin.py:137} INFO - [2024-03-28T02:46:23.551+0000] {manager.py:504} INFO - Created Permission View: can read on DAG:update_onboarding_tables
[2024-03-28T02:46:23.586+0000] {logging_mixin.py:137} INFO - [2024-03-28T02:46:23.586+0000] {manager.py:504} INFO - Created Permission View: can edit on DAG:update_onboarding_tables
[2024-03-28T02:46:23.589+0000] {logging_mixin.py:137} INFO - [2024-03-28T02:46:23.587+0000] {dag.py:2705} INFO - Sync 1 DAGs
[2024-03-28T02:46:23.770+0000] {logging_mixin.py:137} WARNING - /home/airflow/.local/lib/python3.10/site-packages/airflow/models/dag.py:3223 DeprecationWarning: The dag_concurrency option in [core] has been renamed to max_active_tasks_per_dag - the old setting has been used, but please update your config.
[2024-03-28T02:46:23.775+0000] {logging_mixin.py:137} INFO - [2024-03-28T02:46:23.773+0000] {dag.py:2726} INFO - Creating ORM DAG for update_onboarding_tables
[2024-03-28T02:46:23.947+0000] {logging_mixin.py:137} INFO - [2024-03-28T02:46:23.943+0000] {dag.py:3452} INFO - Setting next_dagrun for update_onboarding_tables to 2024-03-28T01:00:00+00:00, run_after=2024-03-28T02:00:00+00:00
[2024-03-28T02:46:24.122+0000] {processor.py:175} INFO - Processing /opt/airflow/dags/houzz_pro/Tasks/legacy_dags/onboarding_score.py took 10.954 seconds
[2024-03-28T02:47:06.389+0000] {processor.py:153} INFO - Started process (PID=548) to work on /opt/airflow/dags/houzz_pro/Tasks/legacy_dags/onboarding_score.py
[2024-03-28T02:47:06.416+0000] {processor.py:743} INFO - Processing file /opt/airflow/dags/houzz_pro/Tasks/legacy_dags/onboarding_score.py for tasks to queue
[2024-03-28T02:47:06.422+0000] {logging_mixin.py:137} INFO - [2024-03-28T02:47:06.421+0000] {dagbag.py:532} INFO - Filling up the DagBag from /opt/airflow/dags/houzz_pro/Tasks/legacy_dags/onboarding_score.py
[2024-03-28T02:47:09.132+0000] {processor.py:753} INFO - DAG(s) dict_keys(['update_onboarding_tables']) retrieved from /opt/airflow/dags/houzz_pro/Tasks/legacy_dags/onboarding_score.py
[2024-03-28T02:47:09.188+0000] {logging_mixin.py:137} INFO - [2024-03-28T02:47:09.187+0000] {dag.py:2705} INFO - Sync 1 DAGs
[2024-03-28T02:47:09.467+0000] {logging_mixin.py:137} INFO - [2024-03-28T02:47:09.467+0000] {dag.py:3452} INFO - Setting next_dagrun for update_onboarding_tables to 2024-03-28T01:00:00+00:00, run_after=2024-03-28T02:00:00+00:00
[2024-03-28T02:47:09.619+0000] {processor.py:175} INFO - Processing /opt/airflow/dags/houzz_pro/Tasks/legacy_dags/onboarding_score.py took 3.269 seconds
[2024-03-28T02:48:05.226+0000] {processor.py:153} INFO - Started process (PID=795) to work on /opt/airflow/dags/houzz_pro/Tasks/legacy_dags/onboarding_score.py
[2024-03-28T02:48:05.243+0000] {processor.py:743} INFO - Processing file /opt/airflow/dags/houzz_pro/Tasks/legacy_dags/onboarding_score.py for tasks to queue
[2024-03-28T02:48:05.261+0000] {logging_mixin.py:137} INFO - [2024-03-28T02:48:05.257+0000] {dagbag.py:532} INFO - Filling up the DagBag from /opt/airflow/dags/houzz_pro/Tasks/legacy_dags/onboarding_score.py
[2024-03-28T02:48:10.457+0000] {processor.py:753} INFO - DAG(s) dict_keys(['update_onboarding_tables']) retrieved from /opt/airflow/dags/houzz_pro/Tasks/legacy_dags/onboarding_score.py
[2024-03-28T02:48:10.782+0000] {logging_mixin.py:137} INFO - [2024-03-28T02:48:10.782+0000] {dag.py:2705} INFO - Sync 1 DAGs
[2024-03-28T02:48:11.206+0000] {logging_mixin.py:137} INFO - [2024-03-28T02:48:11.206+0000] {dag.py:3452} INFO - Setting next_dagrun for update_onboarding_tables to 2024-03-28T01:00:00+00:00, run_after=2024-03-28T02:00:00+00:00
[2024-03-28T02:48:11.281+0000] {processor.py:175} INFO - Processing /opt/airflow/dags/houzz_pro/Tasks/legacy_dags/onboarding_score.py took 6.161 seconds
[2024-03-28T02:48:44.406+0000] {processor.py:153} INFO - Started process (PID=1003) to work on /opt/airflow/dags/houzz_pro/Tasks/legacy_dags/onboarding_score.py
[2024-03-28T02:48:44.408+0000] {processor.py:743} INFO - Processing file /opt/airflow/dags/houzz_pro/Tasks/legacy_dags/onboarding_score.py for tasks to queue
[2024-03-28T02:48:44.409+0000] {logging_mixin.py:137} INFO - [2024-03-28T02:48:44.409+0000] {dagbag.py:532} INFO - Filling up the DagBag from /opt/airflow/dags/houzz_pro/Tasks/legacy_dags/onboarding_score.py
[2024-03-28T02:48:48.469+0000] {processor.py:753} INFO - DAG(s) dict_keys(['update_onboarding_tables']) retrieved from /opt/airflow/dags/houzz_pro/Tasks/legacy_dags/onboarding_score.py
[2024-03-28T02:48:48.614+0000] {logging_mixin.py:137} INFO - [2024-03-28T02:48:48.613+0000] {dag.py:2705} INFO - Sync 1 DAGs
[2024-03-28T02:48:48.735+0000] {logging_mixin.py:137} INFO - [2024-03-28T02:48:48.734+0000] {dag.py:3452} INFO - Setting next_dagrun for update_onboarding_tables to 2024-03-28T01:00:00+00:00, run_after=2024-03-28T02:00:00+00:00
[2024-03-28T02:48:48.821+0000] {processor.py:175} INFO - Processing /opt/airflow/dags/houzz_pro/Tasks/legacy_dags/onboarding_score.py took 4.425 seconds
[2024-03-28T02:49:21.388+0000] {processor.py:153} INFO - Started process (PID=1214) to work on /opt/airflow/dags/houzz_pro/Tasks/legacy_dags/onboarding_score.py
[2024-03-28T02:49:21.393+0000] {processor.py:743} INFO - Processing file /opt/airflow/dags/houzz_pro/Tasks/legacy_dags/onboarding_score.py for tasks to queue
[2024-03-28T02:49:21.395+0000] {logging_mixin.py:137} INFO - [2024-03-28T02:49:21.394+0000] {dagbag.py:532} INFO - Filling up the DagBag from /opt/airflow/dags/houzz_pro/Tasks/legacy_dags/onboarding_score.py
[2024-03-28T02:49:22.990+0000] {processor.py:753} INFO - DAG(s) dict_keys(['update_onboarding_tables']) retrieved from /opt/airflow/dags/houzz_pro/Tasks/legacy_dags/onboarding_score.py
[2024-03-28T02:49:23.036+0000] {logging_mixin.py:137} INFO - [2024-03-28T02:49:23.036+0000] {dag.py:2705} INFO - Sync 1 DAGs
[2024-03-28T02:49:23.084+0000] {logging_mixin.py:137} INFO - [2024-03-28T02:49:23.084+0000] {dag.py:3452} INFO - Setting next_dagrun for update_onboarding_tables to 2024-03-28T01:00:00+00:00, run_after=2024-03-28T02:00:00+00:00
[2024-03-28T02:49:23.127+0000] {processor.py:175} INFO - Processing /opt/airflow/dags/houzz_pro/Tasks/legacy_dags/onboarding_score.py took 1.748 seconds
[2024-03-28T02:49:53.243+0000] {processor.py:153} INFO - Started process (PID=1417) to work on /opt/airflow/dags/houzz_pro/Tasks/legacy_dags/onboarding_score.py
[2024-03-28T02:49:53.247+0000] {processor.py:743} INFO - Processing file /opt/airflow/dags/houzz_pro/Tasks/legacy_dags/onboarding_score.py for tasks to queue
[2024-03-28T02:49:53.250+0000] {logging_mixin.py:137} INFO - [2024-03-28T02:49:53.250+0000] {dagbag.py:532} INFO - Filling up the DagBag from /opt/airflow/dags/houzz_pro/Tasks/legacy_dags/onboarding_score.py
[2024-03-28T02:49:54.677+0000] {processor.py:753} INFO - DAG(s) dict_keys(['update_onboarding_tables']) retrieved from /opt/airflow/dags/houzz_pro/Tasks/legacy_dags/onboarding_score.py
[2024-03-28T02:49:54.723+0000] {logging_mixin.py:137} INFO - [2024-03-28T02:49:54.722+0000] {dag.py:2705} INFO - Sync 1 DAGs
[2024-03-28T02:49:54.770+0000] {logging_mixin.py:137} INFO - [2024-03-28T02:49:54.769+0000] {dag.py:3452} INFO - Setting next_dagrun for update_onboarding_tables to 2024-03-28T01:00:00+00:00, run_after=2024-03-28T02:00:00+00:00
[2024-03-28T02:49:54.799+0000] {processor.py:175} INFO - Processing /opt/airflow/dags/houzz_pro/Tasks/legacy_dags/onboarding_score.py took 1.563 seconds
[2024-03-28T02:50:27.681+0000] {processor.py:153} INFO - Started process (PID=1628) to work on /opt/airflow/dags/houzz_pro/Tasks/legacy_dags/onboarding_score.py
[2024-03-28T02:50:27.683+0000] {processor.py:743} INFO - Processing file /opt/airflow/dags/houzz_pro/Tasks/legacy_dags/onboarding_score.py for tasks to queue
[2024-03-28T02:50:27.690+0000] {logging_mixin.py:137} INFO - [2024-03-28T02:50:27.690+0000] {dagbag.py:532} INFO - Filling up the DagBag from /opt/airflow/dags/houzz_pro/Tasks/legacy_dags/onboarding_score.py
[2024-03-28T02:50:29.431+0000] {processor.py:753} INFO - DAG(s) dict_keys(['update_onboarding_tables']) retrieved from /opt/airflow/dags/houzz_pro/Tasks/legacy_dags/onboarding_score.py
[2024-03-28T02:50:29.483+0000] {logging_mixin.py:137} INFO - [2024-03-28T02:50:29.482+0000] {dag.py:2705} INFO - Sync 1 DAGs
[2024-03-28T02:50:29.547+0000] {logging_mixin.py:137} INFO - [2024-03-28T02:50:29.547+0000] {dag.py:3452} INFO - Setting next_dagrun for update_onboarding_tables to 2024-03-28T01:00:00+00:00, run_after=2024-03-28T02:00:00+00:00
[2024-03-28T02:50:29.591+0000] {processor.py:175} INFO - Processing /opt/airflow/dags/houzz_pro/Tasks/legacy_dags/onboarding_score.py took 1.921 seconds
[2024-03-28T02:50:59.908+0000] {processor.py:153} INFO - Started process (PID=1840) to work on /opt/airflow/dags/houzz_pro/Tasks/legacy_dags/onboarding_score.py
[2024-03-28T02:50:59.910+0000] {processor.py:743} INFO - Processing file /opt/airflow/dags/houzz_pro/Tasks/legacy_dags/onboarding_score.py for tasks to queue
[2024-03-28T02:50:59.912+0000] {logging_mixin.py:137} INFO - [2024-03-28T02:50:59.912+0000] {dagbag.py:532} INFO - Filling up the DagBag from /opt/airflow/dags/houzz_pro/Tasks/legacy_dags/onboarding_score.py
[2024-03-28T02:51:01.127+0000] {processor.py:753} INFO - DAG(s) dict_keys(['update_onboarding_tables']) retrieved from /opt/airflow/dags/houzz_pro/Tasks/legacy_dags/onboarding_score.py
[2024-03-28T02:51:01.185+0000] {logging_mixin.py:137} INFO - [2024-03-28T02:51:01.184+0000] {dag.py:2705} INFO - Sync 1 DAGs
[2024-03-28T02:51:01.249+0000] {logging_mixin.py:137} INFO - [2024-03-28T02:51:01.248+0000] {dag.py:3452} INFO - Setting next_dagrun for update_onboarding_tables to 2024-03-28T01:00:00+00:00, run_after=2024-03-28T02:00:00+00:00
[2024-03-28T02:51:01.293+0000] {processor.py:175} INFO - Processing /opt/airflow/dags/houzz_pro/Tasks/legacy_dags/onboarding_score.py took 1.397 seconds
[2024-03-28T02:51:32.107+0000] {processor.py:153} INFO - Started process (PID=2051) to work on /opt/airflow/dags/houzz_pro/Tasks/legacy_dags/onboarding_score.py
[2024-03-28T02:51:32.110+0000] {processor.py:743} INFO - Processing file /opt/airflow/dags/houzz_pro/Tasks/legacy_dags/onboarding_score.py for tasks to queue
[2024-03-28T02:51:32.112+0000] {logging_mixin.py:137} INFO - [2024-03-28T02:51:32.111+0000] {dagbag.py:532} INFO - Filling up the DagBag from /opt/airflow/dags/houzz_pro/Tasks/legacy_dags/onboarding_score.py
[2024-03-28T02:51:33.334+0000] {processor.py:753} INFO - DAG(s) dict_keys(['update_onboarding_tables']) retrieved from /opt/airflow/dags/houzz_pro/Tasks/legacy_dags/onboarding_score.py
[2024-03-28T02:51:33.368+0000] {logging_mixin.py:137} INFO - [2024-03-28T02:51:33.367+0000] {dag.py:2705} INFO - Sync 1 DAGs
[2024-03-28T02:51:33.411+0000] {logging_mixin.py:137} INFO - [2024-03-28T02:51:33.411+0000] {dag.py:3452} INFO - Setting next_dagrun for update_onboarding_tables to 2024-03-28T01:00:00+00:00, run_after=2024-03-28T02:00:00+00:00
[2024-03-28T02:51:33.442+0000] {processor.py:175} INFO - Processing /opt/airflow/dags/houzz_pro/Tasks/legacy_dags/onboarding_score.py took 1.341 seconds
[2024-03-28T02:52:04.265+0000] {processor.py:153} INFO - Started process (PID=2251) to work on /opt/airflow/dags/houzz_pro/Tasks/legacy_dags/onboarding_score.py
[2024-03-28T02:52:04.267+0000] {processor.py:743} INFO - Processing file /opt/airflow/dags/houzz_pro/Tasks/legacy_dags/onboarding_score.py for tasks to queue
[2024-03-28T02:52:04.269+0000] {logging_mixin.py:137} INFO - [2024-03-28T02:52:04.269+0000] {dagbag.py:532} INFO - Filling up the DagBag from /opt/airflow/dags/houzz_pro/Tasks/legacy_dags/onboarding_score.py
[2024-03-28T02:52:05.777+0000] {processor.py:753} INFO - DAG(s) dict_keys(['update_onboarding_tables']) retrieved from /opt/airflow/dags/houzz_pro/Tasks/legacy_dags/onboarding_score.py
[2024-03-28T02:52:05.840+0000] {logging_mixin.py:137} INFO - [2024-03-28T02:52:05.840+0000] {dag.py:2705} INFO - Sync 1 DAGs
[2024-03-28T02:52:05.926+0000] {logging_mixin.py:137} INFO - [2024-03-28T02:52:05.926+0000] {dag.py:3452} INFO - Setting next_dagrun for update_onboarding_tables to 2024-03-28T01:00:00+00:00, run_after=2024-03-28T02:00:00+00:00
[2024-03-28T02:52:05.980+0000] {processor.py:175} INFO - Processing /opt/airflow/dags/houzz_pro/Tasks/legacy_dags/onboarding_score.py took 1.725 seconds
[2024-03-28T02:52:36.723+0000] {processor.py:153} INFO - Started process (PID=2464) to work on /opt/airflow/dags/houzz_pro/Tasks/legacy_dags/onboarding_score.py
[2024-03-28T02:52:36.725+0000] {processor.py:743} INFO - Processing file /opt/airflow/dags/houzz_pro/Tasks/legacy_dags/onboarding_score.py for tasks to queue
[2024-03-28T02:52:36.727+0000] {logging_mixin.py:137} INFO - [2024-03-28T02:52:36.727+0000] {dagbag.py:532} INFO - Filling up the DagBag from /opt/airflow/dags/houzz_pro/Tasks/legacy_dags/onboarding_score.py
[2024-03-28T02:52:37.794+0000] {processor.py:753} INFO - DAG(s) dict_keys(['update_onboarding_tables']) retrieved from /opt/airflow/dags/houzz_pro/Tasks/legacy_dags/onboarding_score.py
[2024-03-28T02:52:37.835+0000] {logging_mixin.py:137} INFO - [2024-03-28T02:52:37.834+0000] {dag.py:2705} INFO - Sync 1 DAGs
[2024-03-28T02:52:37.873+0000] {logging_mixin.py:137} INFO - [2024-03-28T02:52:37.873+0000] {dag.py:3452} INFO - Setting next_dagrun for update_onboarding_tables to 2024-03-28T01:00:00+00:00, run_after=2024-03-28T02:00:00+00:00
[2024-03-28T02:52:37.904+0000] {processor.py:175} INFO - Processing /opt/airflow/dags/houzz_pro/Tasks/legacy_dags/onboarding_score.py took 1.188 seconds
[2024-03-28T02:53:09.503+0000] {processor.py:153} INFO - Started process (PID=2677) to work on /opt/airflow/dags/houzz_pro/Tasks/legacy_dags/onboarding_score.py
[2024-03-28T02:53:09.505+0000] {processor.py:743} INFO - Processing file /opt/airflow/dags/houzz_pro/Tasks/legacy_dags/onboarding_score.py for tasks to queue
[2024-03-28T02:53:09.507+0000] {logging_mixin.py:137} INFO - [2024-03-28T02:53:09.506+0000] {dagbag.py:532} INFO - Filling up the DagBag from /opt/airflow/dags/houzz_pro/Tasks/legacy_dags/onboarding_score.py
[2024-03-28T02:53:12.172+0000] {processor.py:753} INFO - DAG(s) dict_keys(['update_onboarding_tables']) retrieved from /opt/airflow/dags/houzz_pro/Tasks/legacy_dags/onboarding_score.py
[2024-03-28T02:53:12.251+0000] {logging_mixin.py:137} INFO - [2024-03-28T02:53:12.249+0000] {dag.py:2705} INFO - Sync 1 DAGs
[2024-03-28T02:53:12.322+0000] {logging_mixin.py:137} INFO - [2024-03-28T02:53:12.322+0000] {dag.py:3452} INFO - Setting next_dagrun for update_onboarding_tables to 2024-03-28T01:00:00+00:00, run_after=2024-03-28T02:00:00+00:00
[2024-03-28T02:53:12.384+0000] {processor.py:175} INFO - Processing /opt/airflow/dags/houzz_pro/Tasks/legacy_dags/onboarding_score.py took 2.892 seconds
[2024-03-28T02:53:42.682+0000] {processor.py:153} INFO - Started process (PID=2889) to work on /opt/airflow/dags/houzz_pro/Tasks/legacy_dags/onboarding_score.py
[2024-03-28T02:53:42.684+0000] {processor.py:743} INFO - Processing file /opt/airflow/dags/houzz_pro/Tasks/legacy_dags/onboarding_score.py for tasks to queue
[2024-03-28T02:53:42.686+0000] {logging_mixin.py:137} INFO - [2024-03-28T02:53:42.685+0000] {dagbag.py:532} INFO - Filling up the DagBag from /opt/airflow/dags/houzz_pro/Tasks/legacy_dags/onboarding_score.py
[2024-03-28T02:53:43.611+0000] {processor.py:753} INFO - DAG(s) dict_keys(['update_onboarding_tables']) retrieved from /opt/airflow/dags/houzz_pro/Tasks/legacy_dags/onboarding_score.py
[2024-03-28T02:53:43.649+0000] {logging_mixin.py:137} INFO - [2024-03-28T02:53:43.648+0000] {dag.py:2705} INFO - Sync 1 DAGs
[2024-03-28T02:53:43.690+0000] {logging_mixin.py:137} INFO - [2024-03-28T02:53:43.689+0000] {dag.py:3452} INFO - Setting next_dagrun for update_onboarding_tables to 2024-03-28T01:00:00+00:00, run_after=2024-03-28T02:00:00+00:00
[2024-03-28T02:53:43.798+0000] {processor.py:175} INFO - Processing /opt/airflow/dags/houzz_pro/Tasks/legacy_dags/onboarding_score.py took 1.124 seconds
[2024-03-28T02:54:14.511+0000] {processor.py:153} INFO - Started process (PID=3113) to work on /opt/airflow/dags/houzz_pro/Tasks/legacy_dags/onboarding_score.py
[2024-03-28T02:54:14.514+0000] {processor.py:743} INFO - Processing file /opt/airflow/dags/houzz_pro/Tasks/legacy_dags/onboarding_score.py for tasks to queue
[2024-03-28T02:54:14.516+0000] {logging_mixin.py:137} INFO - [2024-03-28T02:54:14.516+0000] {dagbag.py:532} INFO - Filling up the DagBag from /opt/airflow/dags/houzz_pro/Tasks/legacy_dags/onboarding_score.py
[2024-03-28T02:54:15.342+0000] {processor.py:753} INFO - DAG(s) dict_keys(['update_onboarding_tables']) retrieved from /opt/airflow/dags/houzz_pro/Tasks/legacy_dags/onboarding_score.py
[2024-03-28T02:54:15.373+0000] {logging_mixin.py:137} INFO - [2024-03-28T02:54:15.373+0000] {dag.py:2705} INFO - Sync 1 DAGs
[2024-03-28T02:54:15.410+0000] {logging_mixin.py:137} INFO - [2024-03-28T02:54:15.410+0000] {dag.py:3452} INFO - Setting next_dagrun for update_onboarding_tables to 2024-03-28T01:00:00+00:00, run_after=2024-03-28T02:00:00+00:00
[2024-03-28T02:54:15.440+0000] {processor.py:175} INFO - Processing /opt/airflow/dags/houzz_pro/Tasks/legacy_dags/onboarding_score.py took 0.934 seconds
[2024-03-28T02:54:46.293+0000] {processor.py:153} INFO - Started process (PID=3324) to work on /opt/airflow/dags/houzz_pro/Tasks/legacy_dags/onboarding_score.py
[2024-03-28T02:54:46.294+0000] {processor.py:743} INFO - Processing file /opt/airflow/dags/houzz_pro/Tasks/legacy_dags/onboarding_score.py for tasks to queue
[2024-03-28T02:54:46.297+0000] {logging_mixin.py:137} INFO - [2024-03-28T02:54:46.297+0000] {dagbag.py:532} INFO - Filling up the DagBag from /opt/airflow/dags/houzz_pro/Tasks/legacy_dags/onboarding_score.py
[2024-03-28T02:54:47.087+0000] {processor.py:753} INFO - DAG(s) dict_keys(['update_onboarding_tables']) retrieved from /opt/airflow/dags/houzz_pro/Tasks/legacy_dags/onboarding_score.py
[2024-03-28T02:54:47.119+0000] {logging_mixin.py:137} INFO - [2024-03-28T02:54:47.118+0000] {dag.py:2705} INFO - Sync 1 DAGs
[2024-03-28T02:54:47.149+0000] {logging_mixin.py:137} INFO - [2024-03-28T02:54:47.148+0000] {dag.py:3452} INFO - Setting next_dagrun for update_onboarding_tables to 2024-03-28T01:00:00+00:00, run_after=2024-03-28T02:00:00+00:00
[2024-03-28T02:54:47.175+0000] {processor.py:175} INFO - Processing /opt/airflow/dags/houzz_pro/Tasks/legacy_dags/onboarding_score.py took 0.886 seconds
[2024-03-28T02:55:17.547+0000] {processor.py:153} INFO - Started process (PID=3535) to work on /opt/airflow/dags/houzz_pro/Tasks/legacy_dags/onboarding_score.py
[2024-03-28T02:55:17.549+0000] {processor.py:743} INFO - Processing file /opt/airflow/dags/houzz_pro/Tasks/legacy_dags/onboarding_score.py for tasks to queue
[2024-03-28T02:55:17.550+0000] {logging_mixin.py:137} INFO - [2024-03-28T02:55:17.550+0000] {dagbag.py:532} INFO - Filling up the DagBag from /opt/airflow/dags/houzz_pro/Tasks/legacy_dags/onboarding_score.py
[2024-03-28T02:55:18.371+0000] {processor.py:753} INFO - DAG(s) dict_keys(['update_onboarding_tables']) retrieved from /opt/airflow/dags/houzz_pro/Tasks/legacy_dags/onboarding_score.py
[2024-03-28T02:55:18.403+0000] {logging_mixin.py:137} INFO - [2024-03-28T02:55:18.401+0000] {dag.py:2705} INFO - Sync 1 DAGs
[2024-03-28T02:55:18.437+0000] {logging_mixin.py:137} INFO - [2024-03-28T02:55:18.437+0000] {dag.py:3452} INFO - Setting next_dagrun for update_onboarding_tables to 2024-03-28T01:00:00+00:00, run_after=2024-03-28T02:00:00+00:00
[2024-03-28T02:55:18.464+0000] {processor.py:175} INFO - Processing /opt/airflow/dags/houzz_pro/Tasks/legacy_dags/onboarding_score.py took 0.922 seconds
[2024-03-28T02:55:48.902+0000] {processor.py:153} INFO - Started process (PID=3745) to work on /opt/airflow/dags/houzz_pro/Tasks/legacy_dags/onboarding_score.py
[2024-03-28T02:55:48.904+0000] {processor.py:743} INFO - Processing file /opt/airflow/dags/houzz_pro/Tasks/legacy_dags/onboarding_score.py for tasks to queue
[2024-03-28T02:55:48.906+0000] {logging_mixin.py:137} INFO - [2024-03-28T02:55:48.906+0000] {dagbag.py:532} INFO - Filling up the DagBag from /opt/airflow/dags/houzz_pro/Tasks/legacy_dags/onboarding_score.py
[2024-03-28T02:55:50.016+0000] {processor.py:753} INFO - DAG(s) dict_keys(['update_onboarding_tables']) retrieved from /opt/airflow/dags/houzz_pro/Tasks/legacy_dags/onboarding_score.py
[2024-03-28T02:55:50.044+0000] {logging_mixin.py:137} INFO - [2024-03-28T02:55:50.043+0000] {dag.py:2705} INFO - Sync 1 DAGs
[2024-03-28T02:55:50.079+0000] {logging_mixin.py:137} INFO - [2024-03-28T02:55:50.079+0000] {dag.py:3452} INFO - Setting next_dagrun for update_onboarding_tables to 2024-03-28T01:00:00+00:00, run_after=2024-03-28T02:00:00+00:00
[2024-03-28T02:55:50.107+0000] {processor.py:175} INFO - Processing /opt/airflow/dags/houzz_pro/Tasks/legacy_dags/onboarding_score.py took 1.216 seconds
[2024-03-28T02:56:20.288+0000] {processor.py:153} INFO - Started process (PID=3954) to work on /opt/airflow/dags/houzz_pro/Tasks/legacy_dags/onboarding_score.py
[2024-03-28T02:56:20.292+0000] {processor.py:743} INFO - Processing file /opt/airflow/dags/houzz_pro/Tasks/legacy_dags/onboarding_score.py for tasks to queue
[2024-03-28T02:56:20.294+0000] {logging_mixin.py:137} INFO - [2024-03-28T02:56:20.294+0000] {dagbag.py:532} INFO - Filling up the DagBag from /opt/airflow/dags/houzz_pro/Tasks/legacy_dags/onboarding_score.py
[2024-03-28T02:56:21.693+0000] {processor.py:753} INFO - DAG(s) dict_keys(['update_onboarding_tables']) retrieved from /opt/airflow/dags/houzz_pro/Tasks/legacy_dags/onboarding_score.py
[2024-03-28T02:56:21.734+0000] {logging_mixin.py:137} INFO - [2024-03-28T02:56:21.734+0000] {dag.py:2705} INFO - Sync 1 DAGs
[2024-03-28T02:56:21.772+0000] {logging_mixin.py:137} INFO - [2024-03-28T02:56:21.772+0000] {dag.py:3452} INFO - Setting next_dagrun for update_onboarding_tables to 2024-03-28T01:00:00+00:00, run_after=2024-03-28T02:00:00+00:00
[2024-03-28T02:56:21.798+0000] {processor.py:175} INFO - Processing /opt/airflow/dags/houzz_pro/Tasks/legacy_dags/onboarding_score.py took 1.520 seconds
[2024-03-28T02:56:52.128+0000] {processor.py:153} INFO - Started process (PID=4167) to work on /opt/airflow/dags/houzz_pro/Tasks/legacy_dags/onboarding_score.py
[2024-03-28T02:56:52.130+0000] {processor.py:743} INFO - Processing file /opt/airflow/dags/houzz_pro/Tasks/legacy_dags/onboarding_score.py for tasks to queue
[2024-03-28T02:56:52.133+0000] {logging_mixin.py:137} INFO - [2024-03-28T02:56:52.132+0000] {dagbag.py:532} INFO - Filling up the DagBag from /opt/airflow/dags/houzz_pro/Tasks/legacy_dags/onboarding_score.py
[2024-03-28T02:56:53.010+0000] {processor.py:753} INFO - DAG(s) dict_keys(['update_onboarding_tables']) retrieved from /opt/airflow/dags/houzz_pro/Tasks/legacy_dags/onboarding_score.py
[2024-03-28T02:56:53.065+0000] {logging_mixin.py:137} INFO - [2024-03-28T02:56:53.062+0000] {dag.py:2705} INFO - Sync 1 DAGs
[2024-03-28T02:56:53.174+0000] {logging_mixin.py:137} INFO - [2024-03-28T02:56:53.174+0000] {dag.py:3452} INFO - Setting next_dagrun for update_onboarding_tables to 2024-03-28T01:00:00+00:00, run_after=2024-03-28T02:00:00+00:00
[2024-03-28T02:56:53.221+0000] {processor.py:175} INFO - Processing /opt/airflow/dags/houzz_pro/Tasks/legacy_dags/onboarding_score.py took 1.097 seconds
