[2024-03-28T02:46:06.867+0000] {processor.py:153} INFO - Started process (PID=313) to work on /opt/airflow/dags/houzz_pro/Tasks/legacy_dags/op_funnel.py
[2024-03-28T02:46:06.871+0000] {processor.py:743} INFO - Processing file /opt/airflow/dags/houzz_pro/Tasks/legacy_dags/op_funnel.py for tasks to queue
[2024-03-28T02:46:06.873+0000] {logging_mixin.py:137} INFO - [2024-03-28T02:46:06.872+0000] {dagbag.py:532} INFO - Filling up the DagBag from /opt/airflow/dags/houzz_pro/Tasks/legacy_dags/op_funnel.py
[2024-03-28T02:46:13.626+0000] {processor.py:753} INFO - DAG(s) dict_keys(['update_ivy_invoice']) retrieved from /opt/airflow/dags/houzz_pro/Tasks/legacy_dags/op_funnel.py
[2024-03-28T02:46:14.952+0000] {logging_mixin.py:137} INFO - [2024-03-28T02:46:14.943+0000] {manager.py:504} INFO - Created Permission View: can delete on DAG:update_ivy_invoice
[2024-03-28T02:46:15.257+0000] {logging_mixin.py:137} INFO - [2024-03-28T02:46:15.256+0000] {manager.py:504} INFO - Created Permission View: can read on DAG:update_ivy_invoice
[2024-03-28T02:46:15.553+0000] {logging_mixin.py:137} INFO - [2024-03-28T02:46:15.552+0000] {manager.py:504} INFO - Created Permission View: can edit on DAG:update_ivy_invoice
[2024-03-28T02:46:15.593+0000] {logging_mixin.py:137} INFO - [2024-03-28T02:46:15.567+0000] {dag.py:2705} INFO - Sync 1 DAGs
[2024-03-28T02:46:16.048+0000] {logging_mixin.py:137} WARNING - /home/airflow/.local/lib/python3.10/site-packages/airflow/models/dag.py:3223 DeprecationWarning: The dag_concurrency option in [core] has been renamed to max_active_tasks_per_dag - the old setting has been used, but please update your config.
[2024-03-28T02:46:16.068+0000] {logging_mixin.py:137} INFO - [2024-03-28T02:46:16.058+0000] {dag.py:2726} INFO - Creating ORM DAG for update_ivy_invoice
[2024-03-28T02:46:16.240+0000] {logging_mixin.py:137} INFO - [2024-03-28T02:46:16.238+0000] {dag.py:3452} INFO - Setting next_dagrun for update_ivy_invoice to 2019-12-12T00:00:00+00:00, run_after=2019-12-13T00:00:00+00:00
[2024-03-28T02:46:16.402+0000] {processor.py:175} INFO - Processing /opt/airflow/dags/houzz_pro/Tasks/legacy_dags/op_funnel.py took 9.548 seconds
[2024-03-28T02:47:04.497+0000] {processor.py:153} INFO - Started process (PID=542) to work on /opt/airflow/dags/houzz_pro/Tasks/legacy_dags/op_funnel.py
[2024-03-28T02:47:04.501+0000] {processor.py:743} INFO - Processing file /opt/airflow/dags/houzz_pro/Tasks/legacy_dags/op_funnel.py for tasks to queue
[2024-03-28T02:47:04.508+0000] {logging_mixin.py:137} INFO - [2024-03-28T02:47:04.508+0000] {dagbag.py:532} INFO - Filling up the DagBag from /opt/airflow/dags/houzz_pro/Tasks/legacy_dags/op_funnel.py
[2024-03-28T02:47:07.268+0000] {processor.py:753} INFO - DAG(s) dict_keys(['update_ivy_invoice']) retrieved from /opt/airflow/dags/houzz_pro/Tasks/legacy_dags/op_funnel.py
[2024-03-28T02:47:07.382+0000] {logging_mixin.py:137} INFO - [2024-03-28T02:47:07.381+0000] {dag.py:2705} INFO - Sync 1 DAGs
[2024-03-28T02:47:07.541+0000] {logging_mixin.py:137} INFO - [2024-03-28T02:47:07.541+0000] {dag.py:3452} INFO - Setting next_dagrun for update_ivy_invoice to 2019-12-12T00:00:00+00:00, run_after=2019-12-13T00:00:00+00:00
[2024-03-28T02:47:07.616+0000] {processor.py:175} INFO - Processing /opt/airflow/dags/houzz_pro/Tasks/legacy_dags/op_funnel.py took 3.132 seconds
[2024-03-28T02:47:58.007+0000] {processor.py:153} INFO - Started process (PID=764) to work on /opt/airflow/dags/houzz_pro/Tasks/legacy_dags/op_funnel.py
[2024-03-28T02:47:58.015+0000] {processor.py:743} INFO - Processing file /opt/airflow/dags/houzz_pro/Tasks/legacy_dags/op_funnel.py for tasks to queue
[2024-03-28T02:47:58.018+0000] {logging_mixin.py:137} INFO - [2024-03-28T02:47:58.018+0000] {dagbag.py:532} INFO - Filling up the DagBag from /opt/airflow/dags/houzz_pro/Tasks/legacy_dags/op_funnel.py
[2024-03-28T02:48:00.618+0000] {processor.py:753} INFO - DAG(s) dict_keys(['update_ivy_invoice']) retrieved from /opt/airflow/dags/houzz_pro/Tasks/legacy_dags/op_funnel.py
[2024-03-28T02:48:00.745+0000] {logging_mixin.py:137} INFO - [2024-03-28T02:48:00.743+0000] {dag.py:2705} INFO - Sync 1 DAGs
[2024-03-28T02:48:00.890+0000] {logging_mixin.py:137} INFO - [2024-03-28T02:48:00.889+0000] {dag.py:3452} INFO - Setting next_dagrun for update_ivy_invoice to 2019-12-12T00:00:00+00:00, run_after=2019-12-13T00:00:00+00:00
[2024-03-28T02:48:00.982+0000] {processor.py:175} INFO - Processing /opt/airflow/dags/houzz_pro/Tasks/legacy_dags/op_funnel.py took 2.985 seconds
[2024-03-28T02:48:43.541+0000] {processor.py:153} INFO - Started process (PID=991) to work on /opt/airflow/dags/houzz_pro/Tasks/legacy_dags/op_funnel.py
[2024-03-28T02:48:43.542+0000] {processor.py:743} INFO - Processing file /opt/airflow/dags/houzz_pro/Tasks/legacy_dags/op_funnel.py for tasks to queue
[2024-03-28T02:48:43.544+0000] {logging_mixin.py:137} INFO - [2024-03-28T02:48:43.544+0000] {dagbag.py:532} INFO - Filling up the DagBag from /opt/airflow/dags/houzz_pro/Tasks/legacy_dags/op_funnel.py
[2024-03-28T02:48:45.207+0000] {processor.py:753} INFO - DAG(s) dict_keys(['update_ivy_invoice']) retrieved from /opt/airflow/dags/houzz_pro/Tasks/legacy_dags/op_funnel.py
[2024-03-28T02:48:45.705+0000] {logging_mixin.py:137} INFO - [2024-03-28T02:48:45.700+0000] {dag.py:2705} INFO - Sync 1 DAGs
[2024-03-28T02:48:45.920+0000] {logging_mixin.py:137} INFO - [2024-03-28T02:48:45.916+0000] {dag.py:3452} INFO - Setting next_dagrun for update_ivy_invoice to 2019-12-12T00:00:00+00:00, run_after=2019-12-13T00:00:00+00:00
[2024-03-28T02:48:46.052+0000] {processor.py:175} INFO - Processing /opt/airflow/dags/houzz_pro/Tasks/legacy_dags/op_funnel.py took 2.518 seconds
[2024-03-28T02:49:20.786+0000] {processor.py:153} INFO - Started process (PID=1208) to work on /opt/airflow/dags/houzz_pro/Tasks/legacy_dags/op_funnel.py
[2024-03-28T02:49:20.788+0000] {processor.py:743} INFO - Processing file /opt/airflow/dags/houzz_pro/Tasks/legacy_dags/op_funnel.py for tasks to queue
[2024-03-28T02:49:20.790+0000] {logging_mixin.py:137} INFO - [2024-03-28T02:49:20.789+0000] {dagbag.py:532} INFO - Filling up the DagBag from /opt/airflow/dags/houzz_pro/Tasks/legacy_dags/op_funnel.py
[2024-03-28T02:49:22.220+0000] {processor.py:753} INFO - DAG(s) dict_keys(['update_ivy_invoice']) retrieved from /opt/airflow/dags/houzz_pro/Tasks/legacy_dags/op_funnel.py
[2024-03-28T02:49:22.301+0000] {logging_mixin.py:137} INFO - [2024-03-28T02:49:22.299+0000] {dag.py:2705} INFO - Sync 1 DAGs
[2024-03-28T02:49:22.351+0000] {logging_mixin.py:137} INFO - [2024-03-28T02:49:22.351+0000] {dag.py:3452} INFO - Setting next_dagrun for update_ivy_invoice to 2019-12-12T00:00:00+00:00, run_after=2019-12-13T00:00:00+00:00
[2024-03-28T02:49:22.392+0000] {processor.py:175} INFO - Processing /opt/airflow/dags/houzz_pro/Tasks/legacy_dags/op_funnel.py took 1.612 seconds
[2024-03-28T02:49:53.003+0000] {processor.py:153} INFO - Started process (PID=1412) to work on /opt/airflow/dags/houzz_pro/Tasks/legacy_dags/op_funnel.py
[2024-03-28T02:49:53.005+0000] {processor.py:743} INFO - Processing file /opt/airflow/dags/houzz_pro/Tasks/legacy_dags/op_funnel.py for tasks to queue
[2024-03-28T02:49:53.007+0000] {logging_mixin.py:137} INFO - [2024-03-28T02:49:53.007+0000] {dagbag.py:532} INFO - Filling up the DagBag from /opt/airflow/dags/houzz_pro/Tasks/legacy_dags/op_funnel.py
[2024-03-28T02:49:54.167+0000] {processor.py:753} INFO - DAG(s) dict_keys(['update_ivy_invoice']) retrieved from /opt/airflow/dags/houzz_pro/Tasks/legacy_dags/op_funnel.py
[2024-03-28T02:49:54.224+0000] {logging_mixin.py:137} INFO - [2024-03-28T02:49:54.223+0000] {dag.py:2705} INFO - Sync 1 DAGs
[2024-03-28T02:49:54.293+0000] {logging_mixin.py:137} INFO - [2024-03-28T02:49:54.293+0000] {dag.py:3452} INFO - Setting next_dagrun for update_ivy_invoice to 2019-12-12T00:00:00+00:00, run_after=2019-12-13T00:00:00+00:00
[2024-03-28T02:49:54.335+0000] {processor.py:175} INFO - Processing /opt/airflow/dags/houzz_pro/Tasks/legacy_dags/op_funnel.py took 1.342 seconds
[2024-03-28T02:50:27.331+0000] {processor.py:153} INFO - Started process (PID=1623) to work on /opt/airflow/dags/houzz_pro/Tasks/legacy_dags/op_funnel.py
[2024-03-28T02:50:27.333+0000] {processor.py:743} INFO - Processing file /opt/airflow/dags/houzz_pro/Tasks/legacy_dags/op_funnel.py for tasks to queue
[2024-03-28T02:50:27.336+0000] {logging_mixin.py:137} INFO - [2024-03-28T02:50:27.335+0000] {dagbag.py:532} INFO - Filling up the DagBag from /opt/airflow/dags/houzz_pro/Tasks/legacy_dags/op_funnel.py
[2024-03-28T02:50:28.784+0000] {processor.py:753} INFO - DAG(s) dict_keys(['update_ivy_invoice']) retrieved from /opt/airflow/dags/houzz_pro/Tasks/legacy_dags/op_funnel.py
[2024-03-28T02:50:28.928+0000] {logging_mixin.py:137} INFO - [2024-03-28T02:50:28.925+0000] {dag.py:2705} INFO - Sync 1 DAGs
[2024-03-28T02:50:29.007+0000] {logging_mixin.py:137} INFO - [2024-03-28T02:50:29.006+0000] {dag.py:3452} INFO - Setting next_dagrun for update_ivy_invoice to 2019-12-12T00:00:00+00:00, run_after=2019-12-13T00:00:00+00:00
[2024-03-28T02:50:29.075+0000] {processor.py:175} INFO - Processing /opt/airflow/dags/houzz_pro/Tasks/legacy_dags/op_funnel.py took 1.753 seconds
[2024-03-28T02:50:59.275+0000] {processor.py:153} INFO - Started process (PID=1836) to work on /opt/airflow/dags/houzz_pro/Tasks/legacy_dags/op_funnel.py
[2024-03-28T02:50:59.276+0000] {processor.py:743} INFO - Processing file /opt/airflow/dags/houzz_pro/Tasks/legacy_dags/op_funnel.py for tasks to queue
[2024-03-28T02:50:59.279+0000] {logging_mixin.py:137} INFO - [2024-03-28T02:50:59.279+0000] {dagbag.py:532} INFO - Filling up the DagBag from /opt/airflow/dags/houzz_pro/Tasks/legacy_dags/op_funnel.py
[2024-03-28T02:51:00.147+0000] {processor.py:753} INFO - DAG(s) dict_keys(['update_ivy_invoice']) retrieved from /opt/airflow/dags/houzz_pro/Tasks/legacy_dags/op_funnel.py
[2024-03-28T02:51:00.191+0000] {logging_mixin.py:137} INFO - [2024-03-28T02:51:00.191+0000] {dag.py:2705} INFO - Sync 1 DAGs
[2024-03-28T02:51:00.231+0000] {logging_mixin.py:137} INFO - [2024-03-28T02:51:00.231+0000] {dag.py:3452} INFO - Setting next_dagrun for update_ivy_invoice to 2019-12-12T00:00:00+00:00, run_after=2019-12-13T00:00:00+00:00
[2024-03-28T02:51:00.296+0000] {processor.py:175} INFO - Processing /opt/airflow/dags/houzz_pro/Tasks/legacy_dags/op_funnel.py took 1.027 seconds
[2024-03-28T02:51:31.081+0000] {processor.py:153} INFO - Started process (PID=2047) to work on /opt/airflow/dags/houzz_pro/Tasks/legacy_dags/op_funnel.py
[2024-03-28T02:51:31.083+0000] {processor.py:743} INFO - Processing file /opt/airflow/dags/houzz_pro/Tasks/legacy_dags/op_funnel.py for tasks to queue
[2024-03-28T02:51:31.084+0000] {logging_mixin.py:137} INFO - [2024-03-28T02:51:31.084+0000] {dagbag.py:532} INFO - Filling up the DagBag from /opt/airflow/dags/houzz_pro/Tasks/legacy_dags/op_funnel.py
[2024-03-28T02:51:32.003+0000] {processor.py:753} INFO - DAG(s) dict_keys(['update_ivy_invoice']) retrieved from /opt/airflow/dags/houzz_pro/Tasks/legacy_dags/op_funnel.py
[2024-03-28T02:51:32.040+0000] {logging_mixin.py:137} INFO - [2024-03-28T02:51:32.039+0000] {dag.py:2705} INFO - Sync 1 DAGs
[2024-03-28T02:51:32.085+0000] {logging_mixin.py:137} INFO - [2024-03-28T02:51:32.085+0000] {dag.py:3452} INFO - Setting next_dagrun for update_ivy_invoice to 2019-12-12T00:00:00+00:00, run_after=2019-12-13T00:00:00+00:00
[2024-03-28T02:51:32.122+0000] {processor.py:175} INFO - Processing /opt/airflow/dags/houzz_pro/Tasks/legacy_dags/op_funnel.py took 1.047 seconds
[2024-03-28T02:52:03.252+0000] {processor.py:153} INFO - Started process (PID=2245) to work on /opt/airflow/dags/houzz_pro/Tasks/legacy_dags/op_funnel.py
[2024-03-28T02:52:03.255+0000] {processor.py:743} INFO - Processing file /opt/airflow/dags/houzz_pro/Tasks/legacy_dags/op_funnel.py for tasks to queue
[2024-03-28T02:52:03.258+0000] {logging_mixin.py:137} INFO - [2024-03-28T02:52:03.258+0000] {dagbag.py:532} INFO - Filling up the DagBag from /opt/airflow/dags/houzz_pro/Tasks/legacy_dags/op_funnel.py
[2024-03-28T02:52:04.527+0000] {processor.py:753} INFO - DAG(s) dict_keys(['update_ivy_invoice']) retrieved from /opt/airflow/dags/houzz_pro/Tasks/legacy_dags/op_funnel.py
[2024-03-28T02:52:04.597+0000] {logging_mixin.py:137} INFO - [2024-03-28T02:52:04.594+0000] {dag.py:2705} INFO - Sync 1 DAGs
[2024-03-28T02:52:04.667+0000] {logging_mixin.py:137} INFO - [2024-03-28T02:52:04.667+0000] {dag.py:3452} INFO - Setting next_dagrun for update_ivy_invoice to 2019-12-12T00:00:00+00:00, run_after=2019-12-13T00:00:00+00:00
[2024-03-28T02:52:04.720+0000] {processor.py:175} INFO - Processing /opt/airflow/dags/houzz_pro/Tasks/legacy_dags/op_funnel.py took 1.478 seconds
[2024-03-28T02:52:34.956+0000] {processor.py:153} INFO - Started process (PID=2458) to work on /opt/airflow/dags/houzz_pro/Tasks/legacy_dags/op_funnel.py
[2024-03-28T02:52:34.958+0000] {processor.py:743} INFO - Processing file /opt/airflow/dags/houzz_pro/Tasks/legacy_dags/op_funnel.py for tasks to queue
[2024-03-28T02:52:34.959+0000] {logging_mixin.py:137} INFO - [2024-03-28T02:52:34.959+0000] {dagbag.py:532} INFO - Filling up the DagBag from /opt/airflow/dags/houzz_pro/Tasks/legacy_dags/op_funnel.py
[2024-03-28T02:52:35.793+0000] {processor.py:753} INFO - DAG(s) dict_keys(['update_ivy_invoice']) retrieved from /opt/airflow/dags/houzz_pro/Tasks/legacy_dags/op_funnel.py
[2024-03-28T02:52:35.829+0000] {logging_mixin.py:137} INFO - [2024-03-28T02:52:35.827+0000] {dag.py:2705} INFO - Sync 1 DAGs
[2024-03-28T02:52:35.875+0000] {logging_mixin.py:137} INFO - [2024-03-28T02:52:35.874+0000] {dag.py:3452} INFO - Setting next_dagrun for update_ivy_invoice to 2019-12-12T00:00:00+00:00, run_after=2019-12-13T00:00:00+00:00
[2024-03-28T02:52:35.911+0000] {processor.py:175} INFO - Processing /opt/airflow/dags/houzz_pro/Tasks/legacy_dags/op_funnel.py took 0.960 seconds
[2024-03-28T02:53:06.511+0000] {processor.py:153} INFO - Started process (PID=2665) to work on /opt/airflow/dags/houzz_pro/Tasks/legacy_dags/op_funnel.py
[2024-03-28T02:53:06.513+0000] {processor.py:743} INFO - Processing file /opt/airflow/dags/houzz_pro/Tasks/legacy_dags/op_funnel.py for tasks to queue
[2024-03-28T02:53:06.515+0000] {logging_mixin.py:137} INFO - [2024-03-28T02:53:06.515+0000] {dagbag.py:532} INFO - Filling up the DagBag from /opt/airflow/dags/houzz_pro/Tasks/legacy_dags/op_funnel.py
[2024-03-28T02:53:09.253+0000] {processor.py:753} INFO - DAG(s) dict_keys(['update_ivy_invoice']) retrieved from /opt/airflow/dags/houzz_pro/Tasks/legacy_dags/op_funnel.py
[2024-03-28T02:53:09.325+0000] {logging_mixin.py:137} INFO - [2024-03-28T02:53:09.325+0000] {dag.py:2705} INFO - Sync 1 DAGs
[2024-03-28T02:53:09.386+0000] {logging_mixin.py:137} INFO - [2024-03-28T02:53:09.386+0000] {dag.py:3452} INFO - Setting next_dagrun for update_ivy_invoice to 2019-12-12T00:00:00+00:00, run_after=2019-12-13T00:00:00+00:00
[2024-03-28T02:53:09.439+0000] {processor.py:175} INFO - Processing /opt/airflow/dags/houzz_pro/Tasks/legacy_dags/op_funnel.py took 2.938 seconds
[2024-03-28T02:53:39.921+0000] {processor.py:153} INFO - Started process (PID=2872) to work on /opt/airflow/dags/houzz_pro/Tasks/legacy_dags/op_funnel.py
[2024-03-28T02:53:39.923+0000] {processor.py:743} INFO - Processing file /opt/airflow/dags/houzz_pro/Tasks/legacy_dags/op_funnel.py for tasks to queue
[2024-03-28T02:53:39.924+0000] {logging_mixin.py:137} INFO - [2024-03-28T02:53:39.924+0000] {dagbag.py:532} INFO - Filling up the DagBag from /opt/airflow/dags/houzz_pro/Tasks/legacy_dags/op_funnel.py
[2024-03-28T02:53:40.536+0000] {processor.py:753} INFO - DAG(s) dict_keys(['update_ivy_invoice']) retrieved from /opt/airflow/dags/houzz_pro/Tasks/legacy_dags/op_funnel.py
[2024-03-28T02:53:40.570+0000] {logging_mixin.py:137} INFO - [2024-03-28T02:53:40.570+0000] {dag.py:2705} INFO - Sync 1 DAGs
[2024-03-28T02:53:40.601+0000] {logging_mixin.py:137} INFO - [2024-03-28T02:53:40.600+0000] {dag.py:3452} INFO - Setting next_dagrun for update_ivy_invoice to 2019-12-12T00:00:00+00:00, run_after=2019-12-13T00:00:00+00:00
[2024-03-28T02:53:40.623+0000] {processor.py:175} INFO - Processing /opt/airflow/dags/houzz_pro/Tasks/legacy_dags/op_funnel.py took 0.707 seconds
[2024-03-28T02:54:10.838+0000] {processor.py:153} INFO - Started process (PID=3080) to work on /opt/airflow/dags/houzz_pro/Tasks/legacy_dags/op_funnel.py
[2024-03-28T02:54:10.840+0000] {processor.py:743} INFO - Processing file /opt/airflow/dags/houzz_pro/Tasks/legacy_dags/op_funnel.py for tasks to queue
[2024-03-28T02:54:10.841+0000] {logging_mixin.py:137} INFO - [2024-03-28T02:54:10.841+0000] {dagbag.py:532} INFO - Filling up the DagBag from /opt/airflow/dags/houzz_pro/Tasks/legacy_dags/op_funnel.py
[2024-03-28T02:54:11.444+0000] {processor.py:753} INFO - DAG(s) dict_keys(['update_ivy_invoice']) retrieved from /opt/airflow/dags/houzz_pro/Tasks/legacy_dags/op_funnel.py
[2024-03-28T02:54:11.476+0000] {logging_mixin.py:137} INFO - [2024-03-28T02:54:11.476+0000] {dag.py:2705} INFO - Sync 1 DAGs
[2024-03-28T02:54:11.507+0000] {logging_mixin.py:137} INFO - [2024-03-28T02:54:11.507+0000] {dag.py:3452} INFO - Setting next_dagrun for update_ivy_invoice to 2019-12-12T00:00:00+00:00, run_after=2019-12-13T00:00:00+00:00
[2024-03-28T02:54:11.538+0000] {processor.py:175} INFO - Processing /opt/airflow/dags/houzz_pro/Tasks/legacy_dags/op_funnel.py took 0.704 seconds
[2024-03-28T02:54:41.621+0000] {processor.py:153} INFO - Started process (PID=3298) to work on /opt/airflow/dags/houzz_pro/Tasks/legacy_dags/op_funnel.py
[2024-03-28T02:54:41.623+0000] {processor.py:743} INFO - Processing file /opt/airflow/dags/houzz_pro/Tasks/legacy_dags/op_funnel.py for tasks to queue
[2024-03-28T02:54:41.624+0000] {logging_mixin.py:137} INFO - [2024-03-28T02:54:41.624+0000] {dagbag.py:532} INFO - Filling up the DagBag from /opt/airflow/dags/houzz_pro/Tasks/legacy_dags/op_funnel.py
[2024-03-28T02:54:42.267+0000] {processor.py:753} INFO - DAG(s) dict_keys(['update_ivy_invoice']) retrieved from /opt/airflow/dags/houzz_pro/Tasks/legacy_dags/op_funnel.py
[2024-03-28T02:54:42.301+0000] {logging_mixin.py:137} INFO - [2024-03-28T02:54:42.300+0000] {dag.py:2705} INFO - Sync 1 DAGs
[2024-03-28T02:54:42.332+0000] {logging_mixin.py:137} INFO - [2024-03-28T02:54:42.331+0000] {dag.py:3452} INFO - Setting next_dagrun for update_ivy_invoice to 2019-12-12T00:00:00+00:00, run_after=2019-12-13T00:00:00+00:00
[2024-03-28T02:54:42.359+0000] {processor.py:175} INFO - Processing /opt/airflow/dags/houzz_pro/Tasks/legacy_dags/op_funnel.py took 0.743 seconds
[2024-03-28T02:55:12.668+0000] {processor.py:153} INFO - Started process (PID=3520) to work on /opt/airflow/dags/houzz_pro/Tasks/legacy_dags/op_funnel.py
[2024-03-28T02:55:12.670+0000] {processor.py:743} INFO - Processing file /opt/airflow/dags/houzz_pro/Tasks/legacy_dags/op_funnel.py for tasks to queue
[2024-03-28T02:55:12.673+0000] {logging_mixin.py:137} INFO - [2024-03-28T02:55:12.673+0000] {dagbag.py:532} INFO - Filling up the DagBag from /opt/airflow/dags/houzz_pro/Tasks/legacy_dags/op_funnel.py
[2024-03-28T02:55:13.452+0000] {processor.py:753} INFO - DAG(s) dict_keys(['update_ivy_invoice']) retrieved from /opt/airflow/dags/houzz_pro/Tasks/legacy_dags/op_funnel.py
[2024-03-28T02:55:13.486+0000] {logging_mixin.py:137} INFO - [2024-03-28T02:55:13.486+0000] {dag.py:2705} INFO - Sync 1 DAGs
[2024-03-28T02:55:13.520+0000] {logging_mixin.py:137} INFO - [2024-03-28T02:55:13.520+0000] {dag.py:3452} INFO - Setting next_dagrun for update_ivy_invoice to 2019-12-12T00:00:00+00:00, run_after=2019-12-13T00:00:00+00:00
[2024-03-28T02:55:13.555+0000] {processor.py:175} INFO - Processing /opt/airflow/dags/houzz_pro/Tasks/legacy_dags/op_funnel.py took 0.895 seconds
[2024-03-28T02:55:44.016+0000] {processor.py:153} INFO - Started process (PID=3730) to work on /opt/airflow/dags/houzz_pro/Tasks/legacy_dags/op_funnel.py
[2024-03-28T02:55:44.017+0000] {processor.py:743} INFO - Processing file /opt/airflow/dags/houzz_pro/Tasks/legacy_dags/op_funnel.py for tasks to queue
[2024-03-28T02:55:44.019+0000] {logging_mixin.py:137} INFO - [2024-03-28T02:55:44.019+0000] {dagbag.py:532} INFO - Filling up the DagBag from /opt/airflow/dags/houzz_pro/Tasks/legacy_dags/op_funnel.py
[2024-03-28T02:55:44.670+0000] {processor.py:753} INFO - DAG(s) dict_keys(['update_ivy_invoice']) retrieved from /opt/airflow/dags/houzz_pro/Tasks/legacy_dags/op_funnel.py
[2024-03-28T02:55:44.706+0000] {logging_mixin.py:137} INFO - [2024-03-28T02:55:44.705+0000] {dag.py:2705} INFO - Sync 1 DAGs
[2024-03-28T02:55:44.741+0000] {logging_mixin.py:137} INFO - [2024-03-28T02:55:44.740+0000] {dag.py:3452} INFO - Setting next_dagrun for update_ivy_invoice to 2019-12-12T00:00:00+00:00, run_after=2019-12-13T00:00:00+00:00
[2024-03-28T02:55:44.768+0000] {processor.py:175} INFO - Processing /opt/airflow/dags/houzz_pro/Tasks/legacy_dags/op_funnel.py took 0.758 seconds
[2024-03-28T02:56:15.263+0000] {processor.py:153} INFO - Started process (PID=3941) to work on /opt/airflow/dags/houzz_pro/Tasks/legacy_dags/op_funnel.py
[2024-03-28T02:56:15.264+0000] {processor.py:743} INFO - Processing file /opt/airflow/dags/houzz_pro/Tasks/legacy_dags/op_funnel.py for tasks to queue
[2024-03-28T02:56:15.266+0000] {logging_mixin.py:137} INFO - [2024-03-28T02:56:15.266+0000] {dagbag.py:532} INFO - Filling up the DagBag from /opt/airflow/dags/houzz_pro/Tasks/legacy_dags/op_funnel.py
[2024-03-28T02:56:16.094+0000] {processor.py:753} INFO - DAG(s) dict_keys(['update_ivy_invoice']) retrieved from /opt/airflow/dags/houzz_pro/Tasks/legacy_dags/op_funnel.py
[2024-03-28T02:56:16.127+0000] {logging_mixin.py:137} INFO - [2024-03-28T02:56:16.127+0000] {dag.py:2705} INFO - Sync 1 DAGs
[2024-03-28T02:56:16.161+0000] {logging_mixin.py:137} INFO - [2024-03-28T02:56:16.161+0000] {dag.py:3452} INFO - Setting next_dagrun for update_ivy_invoice to 2019-12-12T00:00:00+00:00, run_after=2019-12-13T00:00:00+00:00
[2024-03-28T02:56:16.190+0000] {processor.py:175} INFO - Processing /opt/airflow/dags/houzz_pro/Tasks/legacy_dags/op_funnel.py took 0.934 seconds
[2024-03-28T02:56:47.476+0000] {processor.py:153} INFO - Started process (PID=4153) to work on /opt/airflow/dags/houzz_pro/Tasks/legacy_dags/op_funnel.py
[2024-03-28T02:56:47.478+0000] {processor.py:743} INFO - Processing file /opt/airflow/dags/houzz_pro/Tasks/legacy_dags/op_funnel.py for tasks to queue
[2024-03-28T02:56:47.482+0000] {logging_mixin.py:137} INFO - [2024-03-28T02:56:47.481+0000] {dagbag.py:532} INFO - Filling up the DagBag from /opt/airflow/dags/houzz_pro/Tasks/legacy_dags/op_funnel.py
[2024-03-28T02:56:48.360+0000] {processor.py:753} INFO - DAG(s) dict_keys(['update_ivy_invoice']) retrieved from /opt/airflow/dags/houzz_pro/Tasks/legacy_dags/op_funnel.py
[2024-03-28T02:56:48.409+0000] {logging_mixin.py:137} INFO - [2024-03-28T02:56:48.408+0000] {dag.py:2705} INFO - Sync 1 DAGs
[2024-03-28T02:56:48.443+0000] {logging_mixin.py:137} INFO - [2024-03-28T02:56:48.443+0000] {dag.py:3452} INFO - Setting next_dagrun for update_ivy_invoice to 2019-12-12T00:00:00+00:00, run_after=2019-12-13T00:00:00+00:00
[2024-03-28T02:56:48.475+0000] {processor.py:175} INFO - Processing /opt/airflow/dags/houzz_pro/Tasks/legacy_dags/op_funnel.py took 1.005 seconds
