[2024-03-28T02:46:06.185+0000] {processor.py:153} INFO - Started process (PID=307) to work on /opt/airflow/dags/houzz_pro/Tasks/legacy_dags/pro-daily-activity-level.py
[2024-03-28T02:46:06.188+0000] {processor.py:743} INFO - Processing file /opt/airflow/dags/houzz_pro/Tasks/legacy_dags/pro-daily-activity-level.py for tasks to queue
[2024-03-28T02:46:06.191+0000] {logging_mixin.py:137} INFO - [2024-03-28T02:46:06.191+0000] {dagbag.py:532} INFO - Filling up the DagBag from /opt/airflow/dags/houzz_pro/Tasks/legacy_dags/pro-daily-activity-level.py
[2024-03-28T02:46:09.898+0000] {processor.py:753} INFO - DAG(s) dict_keys(['pro_daily_activity_level']) retrieved from /opt/airflow/dags/houzz_pro/Tasks/legacy_dags/pro-daily-activity-level.py
[2024-03-28T02:46:11.139+0000] {logging_mixin.py:137} INFO - [2024-03-28T02:46:11.133+0000] {manager.py:504} INFO - Created Permission View: can delete on DAG:pro_daily_activity_level
[2024-03-28T02:46:11.246+0000] {logging_mixin.py:137} INFO - [2024-03-28T02:46:11.241+0000] {manager.py:504} INFO - Created Permission View: can read on DAG:pro_daily_activity_level
[2024-03-28T02:46:11.413+0000] {logging_mixin.py:137} INFO - [2024-03-28T02:46:11.413+0000] {manager.py:504} INFO - Created Permission View: can edit on DAG:pro_daily_activity_level
[2024-03-28T02:46:11.444+0000] {logging_mixin.py:137} INFO - [2024-03-28T02:46:11.433+0000] {dag.py:2705} INFO - Sync 1 DAGs
[2024-03-28T02:46:11.819+0000] {logging_mixin.py:137} WARNING - /home/airflow/.local/lib/python3.10/site-packages/airflow/models/dag.py:3223 DeprecationWarning: The dag_concurrency option in [core] has been renamed to max_active_tasks_per_dag - the old setting has been used, but please update your config.
[2024-03-28T02:46:11.869+0000] {logging_mixin.py:137} INFO - [2024-03-28T02:46:11.853+0000] {dag.py:2726} INFO - Creating ORM DAG for pro_daily_activity_level
[2024-03-28T02:46:12.071+0000] {logging_mixin.py:137} INFO - [2024-03-28T02:46:12.070+0000] {dag.py:3452} INFO - Setting next_dagrun for pro_daily_activity_level to 2024-03-27T00:00:00+00:00, run_after=2024-03-28T00:00:00+00:00
[2024-03-28T02:46:12.324+0000] {processor.py:175} INFO - Processing /opt/airflow/dags/houzz_pro/Tasks/legacy_dags/pro-daily-activity-level.py took 6.149 seconds
[2024-03-28T02:47:02.983+0000] {processor.py:153} INFO - Started process (PID=536) to work on /opt/airflow/dags/houzz_pro/Tasks/legacy_dags/pro-daily-activity-level.py
[2024-03-28T02:47:02.990+0000] {processor.py:743} INFO - Processing file /opt/airflow/dags/houzz_pro/Tasks/legacy_dags/pro-daily-activity-level.py for tasks to queue
[2024-03-28T02:47:02.999+0000] {logging_mixin.py:137} INFO - [2024-03-28T02:47:02.997+0000] {dagbag.py:532} INFO - Filling up the DagBag from /opt/airflow/dags/houzz_pro/Tasks/legacy_dags/pro-daily-activity-level.py
[2024-03-28T02:47:05.726+0000] {processor.py:753} INFO - DAG(s) dict_keys(['pro_daily_activity_level']) retrieved from /opt/airflow/dags/houzz_pro/Tasks/legacy_dags/pro-daily-activity-level.py
[2024-03-28T02:47:05.823+0000] {logging_mixin.py:137} INFO - [2024-03-28T02:47:05.821+0000] {dag.py:2705} INFO - Sync 1 DAGs
[2024-03-28T02:47:06.024+0000] {logging_mixin.py:137} INFO - [2024-03-28T02:47:06.022+0000] {dag.py:3452} INFO - Setting next_dagrun for pro_daily_activity_level to 2024-03-27T00:00:00+00:00, run_after=2024-03-28T00:00:00+00:00
[2024-03-28T02:47:06.166+0000] {processor.py:175} INFO - Processing /opt/airflow/dags/houzz_pro/Tasks/legacy_dags/pro-daily-activity-level.py took 3.226 seconds
[2024-03-28T02:47:57.458+0000] {processor.py:153} INFO - Started process (PID=758) to work on /opt/airflow/dags/houzz_pro/Tasks/legacy_dags/pro-daily-activity-level.py
[2024-03-28T02:47:57.469+0000] {processor.py:743} INFO - Processing file /opt/airflow/dags/houzz_pro/Tasks/legacy_dags/pro-daily-activity-level.py for tasks to queue
[2024-03-28T02:47:57.478+0000] {logging_mixin.py:137} INFO - [2024-03-28T02:47:57.477+0000] {dagbag.py:532} INFO - Filling up the DagBag from /opt/airflow/dags/houzz_pro/Tasks/legacy_dags/pro-daily-activity-level.py
[2024-03-28T02:47:59.813+0000] {processor.py:753} INFO - DAG(s) dict_keys(['pro_daily_activity_level']) retrieved from /opt/airflow/dags/houzz_pro/Tasks/legacy_dags/pro-daily-activity-level.py
[2024-03-28T02:48:00.041+0000] {logging_mixin.py:137} INFO - [2024-03-28T02:48:00.040+0000] {dag.py:2705} INFO - Sync 1 DAGs
[2024-03-28T02:48:00.139+0000] {logging_mixin.py:137} INFO - [2024-03-28T02:48:00.139+0000] {dag.py:3452} INFO - Setting next_dagrun for pro_daily_activity_level to 2024-03-27T00:00:00+00:00, run_after=2024-03-28T00:00:00+00:00
[2024-03-28T02:48:00.309+0000] {processor.py:175} INFO - Processing /opt/airflow/dags/houzz_pro/Tasks/legacy_dags/pro-daily-activity-level.py took 2.868 seconds
[2024-03-28T02:48:42.622+0000] {processor.py:153} INFO - Started process (PID=985) to work on /opt/airflow/dags/houzz_pro/Tasks/legacy_dags/pro-daily-activity-level.py
[2024-03-28T02:48:42.625+0000] {processor.py:743} INFO - Processing file /opt/airflow/dags/houzz_pro/Tasks/legacy_dags/pro-daily-activity-level.py for tasks to queue
[2024-03-28T02:48:42.627+0000] {logging_mixin.py:137} INFO - [2024-03-28T02:48:42.627+0000] {dagbag.py:532} INFO - Filling up the DagBag from /opt/airflow/dags/houzz_pro/Tasks/legacy_dags/pro-daily-activity-level.py
[2024-03-28T02:48:44.100+0000] {processor.py:753} INFO - DAG(s) dict_keys(['pro_daily_activity_level']) retrieved from /opt/airflow/dags/houzz_pro/Tasks/legacy_dags/pro-daily-activity-level.py
[2024-03-28T02:48:44.157+0000] {logging_mixin.py:137} INFO - [2024-03-28T02:48:44.156+0000] {dag.py:2705} INFO - Sync 1 DAGs
[2024-03-28T02:48:44.267+0000] {logging_mixin.py:137} INFO - [2024-03-28T02:48:44.266+0000] {dag.py:3452} INFO - Setting next_dagrun for pro_daily_activity_level to 2024-03-27T00:00:00+00:00, run_after=2024-03-28T00:00:00+00:00
[2024-03-28T02:48:44.321+0000] {processor.py:175} INFO - Processing /opt/airflow/dags/houzz_pro/Tasks/legacy_dags/pro-daily-activity-level.py took 1.713 seconds
[2024-03-28T02:49:19.864+0000] {processor.py:153} INFO - Started process (PID=1202) to work on /opt/airflow/dags/houzz_pro/Tasks/legacy_dags/pro-daily-activity-level.py
[2024-03-28T02:49:19.867+0000] {processor.py:743} INFO - Processing file /opt/airflow/dags/houzz_pro/Tasks/legacy_dags/pro-daily-activity-level.py for tasks to queue
[2024-03-28T02:49:19.869+0000] {logging_mixin.py:137} INFO - [2024-03-28T02:49:19.868+0000] {dagbag.py:532} INFO - Filling up the DagBag from /opt/airflow/dags/houzz_pro/Tasks/legacy_dags/pro-daily-activity-level.py
[2024-03-28T02:49:21.093+0000] {processor.py:753} INFO - DAG(s) dict_keys(['pro_daily_activity_level']) retrieved from /opt/airflow/dags/houzz_pro/Tasks/legacy_dags/pro-daily-activity-level.py
[2024-03-28T02:49:21.160+0000] {logging_mixin.py:137} INFO - [2024-03-28T02:49:21.156+0000] {dag.py:2705} INFO - Sync 1 DAGs
[2024-03-28T02:49:21.249+0000] {logging_mixin.py:137} INFO - [2024-03-28T02:49:21.249+0000] {dag.py:3452} INFO - Setting next_dagrun for pro_daily_activity_level to 2024-03-27T00:00:00+00:00, run_after=2024-03-28T00:00:00+00:00
[2024-03-28T02:49:21.305+0000] {processor.py:175} INFO - Processing /opt/airflow/dags/houzz_pro/Tasks/legacy_dags/pro-daily-activity-level.py took 1.449 seconds
[2024-03-28T02:49:51.939+0000] {processor.py:153} INFO - Started process (PID=1405) to work on /opt/airflow/dags/houzz_pro/Tasks/legacy_dags/pro-daily-activity-level.py
[2024-03-28T02:49:51.941+0000] {processor.py:743} INFO - Processing file /opt/airflow/dags/houzz_pro/Tasks/legacy_dags/pro-daily-activity-level.py for tasks to queue
[2024-03-28T02:49:51.943+0000] {logging_mixin.py:137} INFO - [2024-03-28T02:49:51.942+0000] {dagbag.py:532} INFO - Filling up the DagBag from /opt/airflow/dags/houzz_pro/Tasks/legacy_dags/pro-daily-activity-level.py
[2024-03-28T02:49:53.049+0000] {processor.py:753} INFO - DAG(s) dict_keys(['pro_daily_activity_level']) retrieved from /opt/airflow/dags/houzz_pro/Tasks/legacy_dags/pro-daily-activity-level.py
[2024-03-28T02:49:53.094+0000] {logging_mixin.py:137} INFO - [2024-03-28T02:49:53.093+0000] {dag.py:2705} INFO - Sync 1 DAGs
[2024-03-28T02:49:53.143+0000] {logging_mixin.py:137} INFO - [2024-03-28T02:49:53.143+0000] {dag.py:3452} INFO - Setting next_dagrun for pro_daily_activity_level to 2024-03-27T00:00:00+00:00, run_after=2024-03-28T00:00:00+00:00
[2024-03-28T02:49:53.182+0000] {processor.py:175} INFO - Processing /opt/airflow/dags/houzz_pro/Tasks/legacy_dags/pro-daily-activity-level.py took 1.257 seconds
[2024-03-28T02:50:25.243+0000] {processor.py:153} INFO - Started process (PID=1616) to work on /opt/airflow/dags/houzz_pro/Tasks/legacy_dags/pro-daily-activity-level.py
[2024-03-28T02:50:25.246+0000] {processor.py:743} INFO - Processing file /opt/airflow/dags/houzz_pro/Tasks/legacy_dags/pro-daily-activity-level.py for tasks to queue
[2024-03-28T02:50:25.248+0000] {logging_mixin.py:137} INFO - [2024-03-28T02:50:25.247+0000] {dagbag.py:532} INFO - Filling up the DagBag from /opt/airflow/dags/houzz_pro/Tasks/legacy_dags/pro-daily-activity-level.py
[2024-03-28T02:50:27.336+0000] {processor.py:753} INFO - DAG(s) dict_keys(['pro_daily_activity_level']) retrieved from /opt/airflow/dags/houzz_pro/Tasks/legacy_dags/pro-daily-activity-level.py
[2024-03-28T02:50:27.386+0000] {logging_mixin.py:137} INFO - [2024-03-28T02:50:27.385+0000] {dag.py:2705} INFO - Sync 1 DAGs
[2024-03-28T02:50:27.488+0000] {logging_mixin.py:137} INFO - [2024-03-28T02:50:27.488+0000] {dag.py:3452} INFO - Setting next_dagrun for pro_daily_activity_level to 2024-03-27T00:00:00+00:00, run_after=2024-03-28T00:00:00+00:00
[2024-03-28T02:50:27.598+0000] {processor.py:175} INFO - Processing /opt/airflow/dags/houzz_pro/Tasks/legacy_dags/pro-daily-activity-level.py took 2.360 seconds
[2024-03-28T02:50:57.873+0000] {processor.py:153} INFO - Started process (PID=1827) to work on /opt/airflow/dags/houzz_pro/Tasks/legacy_dags/pro-daily-activity-level.py
[2024-03-28T02:50:57.875+0000] {processor.py:743} INFO - Processing file /opt/airflow/dags/houzz_pro/Tasks/legacy_dags/pro-daily-activity-level.py for tasks to queue
[2024-03-28T02:50:57.878+0000] {logging_mixin.py:137} INFO - [2024-03-28T02:50:57.877+0000] {dagbag.py:532} INFO - Filling up the DagBag from /opt/airflow/dags/houzz_pro/Tasks/legacy_dags/pro-daily-activity-level.py
[2024-03-28T02:50:59.005+0000] {processor.py:753} INFO - DAG(s) dict_keys(['pro_daily_activity_level']) retrieved from /opt/airflow/dags/houzz_pro/Tasks/legacy_dags/pro-daily-activity-level.py
[2024-03-28T02:50:59.047+0000] {logging_mixin.py:137} INFO - [2024-03-28T02:50:59.047+0000] {dag.py:2705} INFO - Sync 1 DAGs
[2024-03-28T02:50:59.145+0000] {logging_mixin.py:137} INFO - [2024-03-28T02:50:59.145+0000] {dag.py:3452} INFO - Setting next_dagrun for pro_daily_activity_level to 2024-03-27T00:00:00+00:00, run_after=2024-03-28T00:00:00+00:00
[2024-03-28T02:50:59.198+0000] {processor.py:175} INFO - Processing /opt/airflow/dags/houzz_pro/Tasks/legacy_dags/pro-daily-activity-level.py took 1.335 seconds
[2024-03-28T02:51:29.864+0000] {processor.py:153} INFO - Started process (PID=2027) to work on /opt/airflow/dags/houzz_pro/Tasks/legacy_dags/pro-daily-activity-level.py
[2024-03-28T02:51:29.865+0000] {processor.py:743} INFO - Processing file /opt/airflow/dags/houzz_pro/Tasks/legacy_dags/pro-daily-activity-level.py for tasks to queue
[2024-03-28T02:51:29.867+0000] {logging_mixin.py:137} INFO - [2024-03-28T02:51:29.867+0000] {dagbag.py:532} INFO - Filling up the DagBag from /opt/airflow/dags/houzz_pro/Tasks/legacy_dags/pro-daily-activity-level.py
[2024-03-28T02:51:30.869+0000] {processor.py:753} INFO - DAG(s) dict_keys(['pro_daily_activity_level']) retrieved from /opt/airflow/dags/houzz_pro/Tasks/legacy_dags/pro-daily-activity-level.py
[2024-03-28T02:51:30.936+0000] {logging_mixin.py:137} INFO - [2024-03-28T02:51:30.936+0000] {dag.py:2705} INFO - Sync 1 DAGs
[2024-03-28T02:51:30.990+0000] {logging_mixin.py:137} INFO - [2024-03-28T02:51:30.990+0000] {dag.py:3452} INFO - Setting next_dagrun for pro_daily_activity_level to 2024-03-27T00:00:00+00:00, run_after=2024-03-28T00:00:00+00:00
[2024-03-28T02:51:31.026+0000] {processor.py:175} INFO - Processing /opt/airflow/dags/houzz_pro/Tasks/legacy_dags/pro-daily-activity-level.py took 1.172 seconds
[2024-03-28T02:52:02.336+0000] {processor.py:153} INFO - Started process (PID=2239) to work on /opt/airflow/dags/houzz_pro/Tasks/legacy_dags/pro-daily-activity-level.py
[2024-03-28T02:52:02.337+0000] {processor.py:743} INFO - Processing file /opt/airflow/dags/houzz_pro/Tasks/legacy_dags/pro-daily-activity-level.py for tasks to queue
[2024-03-28T02:52:02.339+0000] {logging_mixin.py:137} INFO - [2024-03-28T02:52:02.339+0000] {dagbag.py:532} INFO - Filling up the DagBag from /opt/airflow/dags/houzz_pro/Tasks/legacy_dags/pro-daily-activity-level.py
[2024-03-28T02:52:03.657+0000] {processor.py:753} INFO - DAG(s) dict_keys(['pro_daily_activity_level']) retrieved from /opt/airflow/dags/houzz_pro/Tasks/legacy_dags/pro-daily-activity-level.py
[2024-03-28T02:52:03.724+0000] {logging_mixin.py:137} INFO - [2024-03-28T02:52:03.723+0000] {dag.py:2705} INFO - Sync 1 DAGs
[2024-03-28T02:52:03.801+0000] {logging_mixin.py:137} INFO - [2024-03-28T02:52:03.801+0000] {dag.py:3452} INFO - Setting next_dagrun for pro_daily_activity_level to 2024-03-27T00:00:00+00:00, run_after=2024-03-28T00:00:00+00:00
[2024-03-28T02:52:03.857+0000] {processor.py:175} INFO - Processing /opt/airflow/dags/houzz_pro/Tasks/legacy_dags/pro-daily-activity-level.py took 1.531 seconds
[2024-03-28T02:52:34.119+0000] {processor.py:153} INFO - Started process (PID=2445) to work on /opt/airflow/dags/houzz_pro/Tasks/legacy_dags/pro-daily-activity-level.py
[2024-03-28T02:52:34.121+0000] {processor.py:743} INFO - Processing file /opt/airflow/dags/houzz_pro/Tasks/legacy_dags/pro-daily-activity-level.py for tasks to queue
[2024-03-28T02:52:34.122+0000] {logging_mixin.py:137} INFO - [2024-03-28T02:52:34.122+0000] {dagbag.py:532} INFO - Filling up the DagBag from /opt/airflow/dags/houzz_pro/Tasks/legacy_dags/pro-daily-activity-level.py
[2024-03-28T02:52:34.807+0000] {processor.py:753} INFO - DAG(s) dict_keys(['pro_daily_activity_level']) retrieved from /opt/airflow/dags/houzz_pro/Tasks/legacy_dags/pro-daily-activity-level.py
[2024-03-28T02:52:34.842+0000] {logging_mixin.py:137} INFO - [2024-03-28T02:52:34.842+0000] {dag.py:2705} INFO - Sync 1 DAGs
[2024-03-28T02:52:34.877+0000] {logging_mixin.py:137} INFO - [2024-03-28T02:52:34.876+0000] {dag.py:3452} INFO - Setting next_dagrun for pro_daily_activity_level to 2024-03-27T00:00:00+00:00, run_after=2024-03-28T00:00:00+00:00
[2024-03-28T02:52:34.910+0000] {processor.py:175} INFO - Processing /opt/airflow/dags/houzz_pro/Tasks/legacy_dags/pro-daily-activity-level.py took 0.796 seconds
[2024-03-28T02:53:05.319+0000] {processor.py:153} INFO - Started process (PID=2654) to work on /opt/airflow/dags/houzz_pro/Tasks/legacy_dags/pro-daily-activity-level.py
[2024-03-28T02:53:05.321+0000] {processor.py:743} INFO - Processing file /opt/airflow/dags/houzz_pro/Tasks/legacy_dags/pro-daily-activity-level.py for tasks to queue
[2024-03-28T02:53:05.322+0000] {logging_mixin.py:137} INFO - [2024-03-28T02:53:05.322+0000] {dagbag.py:532} INFO - Filling up the DagBag from /opt/airflow/dags/houzz_pro/Tasks/legacy_dags/pro-daily-activity-level.py
[2024-03-28T02:53:08.798+0000] {processor.py:753} INFO - DAG(s) dict_keys(['pro_daily_activity_level']) retrieved from /opt/airflow/dags/houzz_pro/Tasks/legacy_dags/pro-daily-activity-level.py
[2024-03-28T02:53:08.859+0000] {logging_mixin.py:137} INFO - [2024-03-28T02:53:08.858+0000] {dag.py:2705} INFO - Sync 1 DAGs
[2024-03-28T02:53:08.961+0000] {logging_mixin.py:137} INFO - [2024-03-28T02:53:08.960+0000] {dag.py:3452} INFO - Setting next_dagrun for pro_daily_activity_level to 2024-03-27T00:00:00+00:00, run_after=2024-03-28T00:00:00+00:00
[2024-03-28T02:53:09.032+0000] {processor.py:175} INFO - Processing /opt/airflow/dags/houzz_pro/Tasks/legacy_dags/pro-daily-activity-level.py took 3.718 seconds
[2024-03-28T02:53:39.145+0000] {processor.py:153} INFO - Started process (PID=2866) to work on /opt/airflow/dags/houzz_pro/Tasks/legacy_dags/pro-daily-activity-level.py
[2024-03-28T02:53:39.148+0000] {processor.py:743} INFO - Processing file /opt/airflow/dags/houzz_pro/Tasks/legacy_dags/pro-daily-activity-level.py for tasks to queue
[2024-03-28T02:53:39.150+0000] {logging_mixin.py:137} INFO - [2024-03-28T02:53:39.150+0000] {dagbag.py:532} INFO - Filling up the DagBag from /opt/airflow/dags/houzz_pro/Tasks/legacy_dags/pro-daily-activity-level.py
[2024-03-28T02:53:39.784+0000] {processor.py:753} INFO - DAG(s) dict_keys(['pro_daily_activity_level']) retrieved from /opt/airflow/dags/houzz_pro/Tasks/legacy_dags/pro-daily-activity-level.py
[2024-03-28T02:53:39.817+0000] {logging_mixin.py:137} INFO - [2024-03-28T02:53:39.817+0000] {dag.py:2705} INFO - Sync 1 DAGs
[2024-03-28T02:53:39.849+0000] {logging_mixin.py:137} INFO - [2024-03-28T02:53:39.849+0000] {dag.py:3452} INFO - Setting next_dagrun for pro_daily_activity_level to 2024-03-27T00:00:00+00:00, run_after=2024-03-28T00:00:00+00:00
[2024-03-28T02:53:39.875+0000] {processor.py:175} INFO - Processing /opt/airflow/dags/houzz_pro/Tasks/legacy_dags/pro-daily-activity-level.py took 0.735 seconds
[2024-03-28T02:54:10.660+0000] {processor.py:153} INFO - Started process (PID=3077) to work on /opt/airflow/dags/houzz_pro/Tasks/legacy_dags/pro-daily-activity-level.py
[2024-03-28T02:54:10.686+0000] {processor.py:743} INFO - Processing file /opt/airflow/dags/houzz_pro/Tasks/legacy_dags/pro-daily-activity-level.py for tasks to queue
[2024-03-28T02:54:10.689+0000] {logging_mixin.py:137} INFO - [2024-03-28T02:54:10.688+0000] {dagbag.py:532} INFO - Filling up the DagBag from /opt/airflow/dags/houzz_pro/Tasks/legacy_dags/pro-daily-activity-level.py
[2024-03-28T02:54:11.327+0000] {processor.py:753} INFO - DAG(s) dict_keys(['pro_daily_activity_level']) retrieved from /opt/airflow/dags/houzz_pro/Tasks/legacy_dags/pro-daily-activity-level.py
[2024-03-28T02:54:11.360+0000] {logging_mixin.py:137} INFO - [2024-03-28T02:54:11.359+0000] {dag.py:2705} INFO - Sync 1 DAGs
[2024-03-28T02:54:11.391+0000] {logging_mixin.py:137} INFO - [2024-03-28T02:54:11.390+0000] {dag.py:3452} INFO - Setting next_dagrun for pro_daily_activity_level to 2024-03-27T00:00:00+00:00, run_after=2024-03-28T00:00:00+00:00
[2024-03-28T02:54:11.419+0000] {processor.py:175} INFO - Processing /opt/airflow/dags/houzz_pro/Tasks/legacy_dags/pro-daily-activity-level.py took 0.764 seconds
[2024-03-28T02:54:41.617+0000] {processor.py:153} INFO - Started process (PID=3295) to work on /opt/airflow/dags/houzz_pro/Tasks/legacy_dags/pro-daily-activity-level.py
[2024-03-28T02:54:41.618+0000] {processor.py:743} INFO - Processing file /opt/airflow/dags/houzz_pro/Tasks/legacy_dags/pro-daily-activity-level.py for tasks to queue
[2024-03-28T02:54:41.619+0000] {logging_mixin.py:137} INFO - [2024-03-28T02:54:41.619+0000] {dagbag.py:532} INFO - Filling up the DagBag from /opt/airflow/dags/houzz_pro/Tasks/legacy_dags/pro-daily-activity-level.py
[2024-03-28T02:54:42.275+0000] {processor.py:753} INFO - DAG(s) dict_keys(['pro_daily_activity_level']) retrieved from /opt/airflow/dags/houzz_pro/Tasks/legacy_dags/pro-daily-activity-level.py
[2024-03-28T02:54:42.307+0000] {logging_mixin.py:137} INFO - [2024-03-28T02:54:42.306+0000] {dag.py:2705} INFO - Sync 1 DAGs
[2024-03-28T02:54:42.339+0000] {logging_mixin.py:137} INFO - [2024-03-28T02:54:42.339+0000] {dag.py:3452} INFO - Setting next_dagrun for pro_daily_activity_level to 2024-03-27T00:00:00+00:00, run_after=2024-03-28T00:00:00+00:00
[2024-03-28T02:54:42.369+0000] {processor.py:175} INFO - Processing /opt/airflow/dags/houzz_pro/Tasks/legacy_dags/pro-daily-activity-level.py took 0.759 seconds
[2024-03-28T02:55:12.660+0000] {processor.py:153} INFO - Started process (PID=3517) to work on /opt/airflow/dags/houzz_pro/Tasks/legacy_dags/pro-daily-activity-level.py
[2024-03-28T02:55:12.664+0000] {processor.py:743} INFO - Processing file /opt/airflow/dags/houzz_pro/Tasks/legacy_dags/pro-daily-activity-level.py for tasks to queue
[2024-03-28T02:55:12.665+0000] {logging_mixin.py:137} INFO - [2024-03-28T02:55:12.665+0000] {dagbag.py:532} INFO - Filling up the DagBag from /opt/airflow/dags/houzz_pro/Tasks/legacy_dags/pro-daily-activity-level.py
[2024-03-28T02:55:13.468+0000] {processor.py:753} INFO - DAG(s) dict_keys(['pro_daily_activity_level']) retrieved from /opt/airflow/dags/houzz_pro/Tasks/legacy_dags/pro-daily-activity-level.py
[2024-03-28T02:55:13.502+0000] {logging_mixin.py:137} INFO - [2024-03-28T02:55:13.502+0000] {dag.py:2705} INFO - Sync 1 DAGs
[2024-03-28T02:55:13.538+0000] {logging_mixin.py:137} INFO - [2024-03-28T02:55:13.537+0000] {dag.py:3452} INFO - Setting next_dagrun for pro_daily_activity_level to 2024-03-27T00:00:00+00:00, run_after=2024-03-28T00:00:00+00:00
[2024-03-28T02:55:13.572+0000] {processor.py:175} INFO - Processing /opt/airflow/dags/houzz_pro/Tasks/legacy_dags/pro-daily-activity-level.py took 0.918 seconds
[2024-03-28T02:55:43.922+0000] {processor.py:153} INFO - Started process (PID=3725) to work on /opt/airflow/dags/houzz_pro/Tasks/legacy_dags/pro-daily-activity-level.py
[2024-03-28T02:55:43.924+0000] {processor.py:743} INFO - Processing file /opt/airflow/dags/houzz_pro/Tasks/legacy_dags/pro-daily-activity-level.py for tasks to queue
[2024-03-28T02:55:43.926+0000] {logging_mixin.py:137} INFO - [2024-03-28T02:55:43.926+0000] {dagbag.py:532} INFO - Filling up the DagBag from /opt/airflow/dags/houzz_pro/Tasks/legacy_dags/pro-daily-activity-level.py
[2024-03-28T02:55:44.612+0000] {processor.py:753} INFO - DAG(s) dict_keys(['pro_daily_activity_level']) retrieved from /opt/airflow/dags/houzz_pro/Tasks/legacy_dags/pro-daily-activity-level.py
[2024-03-28T02:55:44.642+0000] {logging_mixin.py:137} INFO - [2024-03-28T02:55:44.642+0000] {dag.py:2705} INFO - Sync 1 DAGs
[2024-03-28T02:55:44.679+0000] {logging_mixin.py:137} INFO - [2024-03-28T02:55:44.679+0000] {dag.py:3452} INFO - Setting next_dagrun for pro_daily_activity_level to 2024-03-27T00:00:00+00:00, run_after=2024-03-28T00:00:00+00:00
[2024-03-28T02:55:44.712+0000] {processor.py:175} INFO - Processing /opt/airflow/dags/houzz_pro/Tasks/legacy_dags/pro-daily-activity-level.py took 0.797 seconds
[2024-03-28T02:56:15.257+0000] {processor.py:153} INFO - Started process (PID=3938) to work on /opt/airflow/dags/houzz_pro/Tasks/legacy_dags/pro-daily-activity-level.py
[2024-03-28T02:56:15.258+0000] {processor.py:743} INFO - Processing file /opt/airflow/dags/houzz_pro/Tasks/legacy_dags/pro-daily-activity-level.py for tasks to queue
[2024-03-28T02:56:15.259+0000] {logging_mixin.py:137} INFO - [2024-03-28T02:56:15.259+0000] {dagbag.py:532} INFO - Filling up the DagBag from /opt/airflow/dags/houzz_pro/Tasks/legacy_dags/pro-daily-activity-level.py
[2024-03-28T02:56:16.092+0000] {processor.py:753} INFO - DAG(s) dict_keys(['pro_daily_activity_level']) retrieved from /opt/airflow/dags/houzz_pro/Tasks/legacy_dags/pro-daily-activity-level.py
[2024-03-28T02:56:16.126+0000] {logging_mixin.py:137} INFO - [2024-03-28T02:56:16.125+0000] {dag.py:2705} INFO - Sync 1 DAGs
[2024-03-28T02:56:16.161+0000] {logging_mixin.py:137} INFO - [2024-03-28T02:56:16.161+0000] {dag.py:3452} INFO - Setting next_dagrun for pro_daily_activity_level to 2024-03-27T00:00:00+00:00, run_after=2024-03-28T00:00:00+00:00
[2024-03-28T02:56:16.190+0000] {processor.py:175} INFO - Processing /opt/airflow/dags/houzz_pro/Tasks/legacy_dags/pro-daily-activity-level.py took 0.940 seconds
[2024-03-28T02:56:46.851+0000] {processor.py:153} INFO - Started process (PID=4147) to work on /opt/airflow/dags/houzz_pro/Tasks/legacy_dags/pro-daily-activity-level.py
[2024-03-28T02:56:46.854+0000] {processor.py:743} INFO - Processing file /opt/airflow/dags/houzz_pro/Tasks/legacy_dags/pro-daily-activity-level.py for tasks to queue
[2024-03-28T02:56:46.857+0000] {logging_mixin.py:137} INFO - [2024-03-28T02:56:46.856+0000] {dagbag.py:532} INFO - Filling up the DagBag from /opt/airflow/dags/houzz_pro/Tasks/legacy_dags/pro-daily-activity-level.py
[2024-03-28T02:56:47.861+0000] {processor.py:753} INFO - DAG(s) dict_keys(['pro_daily_activity_level']) retrieved from /opt/airflow/dags/houzz_pro/Tasks/legacy_dags/pro-daily-activity-level.py
[2024-03-28T02:56:47.919+0000] {logging_mixin.py:137} INFO - [2024-03-28T02:56:47.918+0000] {dag.py:2705} INFO - Sync 1 DAGs
[2024-03-28T02:56:47.973+0000] {logging_mixin.py:137} INFO - [2024-03-28T02:56:47.972+0000] {dag.py:3452} INFO - Setting next_dagrun for pro_daily_activity_level to 2024-03-27T00:00:00+00:00, run_after=2024-03-28T00:00:00+00:00
[2024-03-28T02:56:48.011+0000] {processor.py:175} INFO - Processing /opt/airflow/dags/houzz_pro/Tasks/legacy_dags/pro-daily-activity-level.py took 1.170 seconds
