[2024-03-28T02:46:01.272+0000] {processor.py:153} INFO - Started process (PID=295) to work on /opt/airflow/dags/houzz_pro/Tasks/legacy_dags/userbase.py
[2024-03-28T02:46:01.275+0000] {processor.py:743} INFO - Processing file /opt/airflow/dags/houzz_pro/Tasks/legacy_dags/userbase.py for tasks to queue
[2024-03-28T02:46:01.282+0000] {logging_mixin.py:137} INFO - [2024-03-28T02:46:01.282+0000] {dagbag.py:532} INFO - Filling up the DagBag from /opt/airflow/dags/houzz_pro/Tasks/legacy_dags/userbase.py
[2024-03-28T02:46:05.502+0000] {processor.py:753} INFO - DAG(s) dict_keys(['update_userbase_table']) retrieved from /opt/airflow/dags/houzz_pro/Tasks/legacy_dags/userbase.py
[2024-03-28T02:46:05.900+0000] {logging_mixin.py:137} INFO - [2024-03-28T02:46:05.899+0000] {manager.py:504} INFO - Created Permission View: can delete on DAG:update_userbase_table
[2024-03-28T02:46:05.923+0000] {logging_mixin.py:137} INFO - [2024-03-28T02:46:05.923+0000] {manager.py:504} INFO - Created Permission View: can read on DAG:update_userbase_table
[2024-03-28T02:46:05.946+0000] {logging_mixin.py:137} INFO - [2024-03-28T02:46:05.946+0000] {manager.py:504} INFO - Created Permission View: can edit on DAG:update_userbase_table
[2024-03-28T02:46:05.948+0000] {logging_mixin.py:137} INFO - [2024-03-28T02:46:05.947+0000] {dag.py:2705} INFO - Sync 1 DAGs
[2024-03-28T02:46:05.989+0000] {logging_mixin.py:137} WARNING - /home/airflow/.local/lib/python3.10/site-packages/airflow/models/dag.py:3223 DeprecationWarning: The dag_concurrency option in [core] has been renamed to max_active_tasks_per_dag - the old setting has been used, but please update your config.
[2024-03-28T02:46:06.000+0000] {logging_mixin.py:137} INFO - [2024-03-28T02:46:05.994+0000] {dag.py:2726} INFO - Creating ORM DAG for update_userbase_table
[2024-03-28T02:46:06.041+0000] {logging_mixin.py:137} INFO - [2024-03-28T02:46:06.041+0000] {dag.py:3452} INFO - Setting next_dagrun for update_userbase_table to 2024-03-28T01:00:00+00:00, run_after=2024-03-28T02:00:00+00:00
[2024-03-28T02:46:06.101+0000] {processor.py:175} INFO - Processing /opt/airflow/dags/houzz_pro/Tasks/legacy_dags/userbase.py took 4.846 seconds
[2024-03-28T02:46:58.919+0000] {processor.py:153} INFO - Started process (PID=516) to work on /opt/airflow/dags/houzz_pro/Tasks/legacy_dags/userbase.py
[2024-03-28T02:46:58.924+0000] {processor.py:743} INFO - Processing file /opt/airflow/dags/houzz_pro/Tasks/legacy_dags/userbase.py for tasks to queue
[2024-03-28T02:46:58.937+0000] {logging_mixin.py:137} INFO - [2024-03-28T02:46:58.935+0000] {dagbag.py:532} INFO - Filling up the DagBag from /opt/airflow/dags/houzz_pro/Tasks/legacy_dags/userbase.py
[2024-03-28T02:47:02.251+0000] {processor.py:753} INFO - DAG(s) dict_keys(['update_userbase_table']) retrieved from /opt/airflow/dags/houzz_pro/Tasks/legacy_dags/userbase.py
[2024-03-28T02:47:02.333+0000] {logging_mixin.py:137} INFO - [2024-03-28T02:47:02.331+0000] {dag.py:2705} INFO - Sync 1 DAGs
[2024-03-28T02:47:02.549+0000] {logging_mixin.py:137} INFO - [2024-03-28T02:47:02.549+0000] {dag.py:3452} INFO - Setting next_dagrun for update_userbase_table to 2024-03-28T01:00:00+00:00, run_after=2024-03-28T02:00:00+00:00
[2024-03-28T02:47:02.848+0000] {processor.py:175} INFO - Processing /opt/airflow/dags/houzz_pro/Tasks/legacy_dags/userbase.py took 3.990 seconds
[2024-03-28T02:47:54.608+0000] {processor.py:153} INFO - Started process (PID=746) to work on /opt/airflow/dags/houzz_pro/Tasks/legacy_dags/userbase.py
[2024-03-28T02:47:54.612+0000] {processor.py:743} INFO - Processing file /opt/airflow/dags/houzz_pro/Tasks/legacy_dags/userbase.py for tasks to queue
[2024-03-28T02:47:54.634+0000] {logging_mixin.py:137} INFO - [2024-03-28T02:47:54.633+0000] {dagbag.py:532} INFO - Filling up the DagBag from /opt/airflow/dags/houzz_pro/Tasks/legacy_dags/userbase.py
[2024-03-28T02:47:57.440+0000] {processor.py:753} INFO - DAG(s) dict_keys(['update_userbase_table']) retrieved from /opt/airflow/dags/houzz_pro/Tasks/legacy_dags/userbase.py
[2024-03-28T02:47:57.652+0000] {logging_mixin.py:137} INFO - [2024-03-28T02:47:57.651+0000] {dag.py:2705} INFO - Sync 1 DAGs
[2024-03-28T02:47:57.805+0000] {logging_mixin.py:137} INFO - [2024-03-28T02:47:57.804+0000] {dag.py:3452} INFO - Setting next_dagrun for update_userbase_table to 2024-03-28T01:00:00+00:00, run_after=2024-03-28T02:00:00+00:00
[2024-03-28T02:47:57.911+0000] {processor.py:175} INFO - Processing /opt/airflow/dags/houzz_pro/Tasks/legacy_dags/userbase.py took 3.312 seconds
[2024-03-28T02:48:38.838+0000] {processor.py:153} INFO - Started process (PID=955) to work on /opt/airflow/dags/houzz_pro/Tasks/legacy_dags/userbase.py
[2024-03-28T02:48:38.840+0000] {processor.py:743} INFO - Processing file /opt/airflow/dags/houzz_pro/Tasks/legacy_dags/userbase.py for tasks to queue
[2024-03-28T02:48:38.841+0000] {logging_mixin.py:137} INFO - [2024-03-28T02:48:38.841+0000] {dagbag.py:532} INFO - Filling up the DagBag from /opt/airflow/dags/houzz_pro/Tasks/legacy_dags/userbase.py
[2024-03-28T02:48:40.130+0000] {processor.py:753} INFO - DAG(s) dict_keys(['update_userbase_table']) retrieved from /opt/airflow/dags/houzz_pro/Tasks/legacy_dags/userbase.py
[2024-03-28T02:48:40.193+0000] {logging_mixin.py:137} INFO - [2024-03-28T02:48:40.191+0000] {dag.py:2705} INFO - Sync 1 DAGs
[2024-03-28T02:48:40.277+0000] {logging_mixin.py:137} INFO - [2024-03-28T02:48:40.276+0000] {dag.py:3452} INFO - Setting next_dagrun for update_userbase_table to 2024-03-28T01:00:00+00:00, run_after=2024-03-28T02:00:00+00:00
[2024-03-28T02:48:40.324+0000] {processor.py:175} INFO - Processing /opt/airflow/dags/houzz_pro/Tasks/legacy_dags/userbase.py took 1.493 seconds
[2024-03-28T02:49:16.861+0000] {processor.py:153} INFO - Started process (PID=1182) to work on /opt/airflow/dags/houzz_pro/Tasks/legacy_dags/userbase.py
[2024-03-28T02:49:16.864+0000] {processor.py:743} INFO - Processing file /opt/airflow/dags/houzz_pro/Tasks/legacy_dags/userbase.py for tasks to queue
[2024-03-28T02:49:16.866+0000] {logging_mixin.py:137} INFO - [2024-03-28T02:49:16.866+0000] {dagbag.py:532} INFO - Filling up the DagBag from /opt/airflow/dags/houzz_pro/Tasks/legacy_dags/userbase.py
[2024-03-28T02:49:19.549+0000] {processor.py:753} INFO - DAG(s) dict_keys(['update_userbase_table']) retrieved from /opt/airflow/dags/houzz_pro/Tasks/legacy_dags/userbase.py
[2024-03-28T02:49:19.662+0000] {logging_mixin.py:137} INFO - [2024-03-28T02:49:19.651+0000] {dag.py:2705} INFO - Sync 1 DAGs
[2024-03-28T02:49:19.738+0000] {logging_mixin.py:137} INFO - [2024-03-28T02:49:19.738+0000] {dag.py:3452} INFO - Setting next_dagrun for update_userbase_table to 2024-03-28T01:00:00+00:00, run_after=2024-03-28T02:00:00+00:00
[2024-03-28T02:49:19.793+0000] {processor.py:175} INFO - Processing /opt/airflow/dags/houzz_pro/Tasks/legacy_dags/userbase.py took 2.941 seconds
[2024-03-28T02:49:50.505+0000] {processor.py:153} INFO - Started process (PID=1394) to work on /opt/airflow/dags/houzz_pro/Tasks/legacy_dags/userbase.py
[2024-03-28T02:49:50.507+0000] {processor.py:743} INFO - Processing file /opt/airflow/dags/houzz_pro/Tasks/legacy_dags/userbase.py for tasks to queue
[2024-03-28T02:49:50.509+0000] {logging_mixin.py:137} INFO - [2024-03-28T02:49:50.509+0000] {dagbag.py:532} INFO - Filling up the DagBag from /opt/airflow/dags/houzz_pro/Tasks/legacy_dags/userbase.py
[2024-03-28T02:49:51.703+0000] {processor.py:753} INFO - DAG(s) dict_keys(['update_userbase_table']) retrieved from /opt/airflow/dags/houzz_pro/Tasks/legacy_dags/userbase.py
[2024-03-28T02:49:51.769+0000] {logging_mixin.py:137} INFO - [2024-03-28T02:49:51.768+0000] {dag.py:2705} INFO - Sync 1 DAGs
[2024-03-28T02:49:51.829+0000] {logging_mixin.py:137} INFO - [2024-03-28T02:49:51.828+0000] {dag.py:3452} INFO - Setting next_dagrun for update_userbase_table to 2024-03-28T01:00:00+00:00, run_after=2024-03-28T02:00:00+00:00
[2024-03-28T02:49:51.867+0000] {processor.py:175} INFO - Processing /opt/airflow/dags/houzz_pro/Tasks/legacy_dags/userbase.py took 1.371 seconds
[2024-03-28T02:50:22.109+0000] {processor.py:153} INFO - Started process (PID=1607) to work on /opt/airflow/dags/houzz_pro/Tasks/legacy_dags/userbase.py
[2024-03-28T02:50:22.112+0000] {processor.py:743} INFO - Processing file /opt/airflow/dags/houzz_pro/Tasks/legacy_dags/userbase.py for tasks to queue
[2024-03-28T02:50:22.114+0000] {logging_mixin.py:137} INFO - [2024-03-28T02:50:22.114+0000] {dagbag.py:532} INFO - Filling up the DagBag from /opt/airflow/dags/houzz_pro/Tasks/legacy_dags/userbase.py
[2024-03-28T02:50:22.931+0000] {processor.py:753} INFO - DAG(s) dict_keys(['update_userbase_table']) retrieved from /opt/airflow/dags/houzz_pro/Tasks/legacy_dags/userbase.py
[2024-03-28T02:50:22.977+0000] {logging_mixin.py:137} INFO - [2024-03-28T02:50:22.976+0000] {dag.py:2705} INFO - Sync 1 DAGs
[2024-03-28T02:50:23.038+0000] {logging_mixin.py:137} INFO - [2024-03-28T02:50:23.037+0000] {dag.py:3452} INFO - Setting next_dagrun for update_userbase_table to 2024-03-28T01:00:00+00:00, run_after=2024-03-28T02:00:00+00:00
[2024-03-28T02:50:23.071+0000] {processor.py:175} INFO - Processing /opt/airflow/dags/houzz_pro/Tasks/legacy_dags/userbase.py took 0.967 seconds
[2024-03-28T02:50:55.233+0000] {processor.py:153} INFO - Started process (PID=1804) to work on /opt/airflow/dags/houzz_pro/Tasks/legacy_dags/userbase.py
[2024-03-28T02:50:55.237+0000] {processor.py:743} INFO - Processing file /opt/airflow/dags/houzz_pro/Tasks/legacy_dags/userbase.py for tasks to queue
[2024-03-28T02:50:55.239+0000] {logging_mixin.py:137} INFO - [2024-03-28T02:50:55.239+0000] {dagbag.py:532} INFO - Filling up the DagBag from /opt/airflow/dags/houzz_pro/Tasks/legacy_dags/userbase.py
[2024-03-28T02:50:57.010+0000] {processor.py:753} INFO - DAG(s) dict_keys(['update_userbase_table']) retrieved from /opt/airflow/dags/houzz_pro/Tasks/legacy_dags/userbase.py
[2024-03-28T02:50:57.058+0000] {logging_mixin.py:137} INFO - [2024-03-28T02:50:57.058+0000] {dag.py:2705} INFO - Sync 1 DAGs
[2024-03-28T02:50:57.124+0000] {logging_mixin.py:137} INFO - [2024-03-28T02:50:57.123+0000] {dag.py:3452} INFO - Setting next_dagrun for update_userbase_table to 2024-03-28T01:00:00+00:00, run_after=2024-03-28T02:00:00+00:00
[2024-03-28T02:50:57.173+0000] {processor.py:175} INFO - Processing /opt/airflow/dags/houzz_pro/Tasks/legacy_dags/userbase.py took 1.948 seconds
[2024-03-28T02:51:28.648+0000] {processor.py:153} INFO - Started process (PID=2016) to work on /opt/airflow/dags/houzz_pro/Tasks/legacy_dags/userbase.py
[2024-03-28T02:51:28.649+0000] {processor.py:743} INFO - Processing file /opt/airflow/dags/houzz_pro/Tasks/legacy_dags/userbase.py for tasks to queue
[2024-03-28T02:51:28.651+0000] {logging_mixin.py:137} INFO - [2024-03-28T02:51:28.651+0000] {dagbag.py:532} INFO - Filling up the DagBag from /opt/airflow/dags/houzz_pro/Tasks/legacy_dags/userbase.py
[2024-03-28T02:51:29.682+0000] {processor.py:753} INFO - DAG(s) dict_keys(['update_userbase_table']) retrieved from /opt/airflow/dags/houzz_pro/Tasks/legacy_dags/userbase.py
[2024-03-28T02:51:29.721+0000] {logging_mixin.py:137} INFO - [2024-03-28T02:51:29.720+0000] {dag.py:2705} INFO - Sync 1 DAGs
[2024-03-28T02:51:29.759+0000] {logging_mixin.py:137} INFO - [2024-03-28T02:51:29.759+0000] {dag.py:3452} INFO - Setting next_dagrun for update_userbase_table to 2024-03-28T01:00:00+00:00, run_after=2024-03-28T02:00:00+00:00
[2024-03-28T02:51:29.795+0000] {processor.py:175} INFO - Processing /opt/airflow/dags/houzz_pro/Tasks/legacy_dags/userbase.py took 1.155 seconds
[2024-03-28T02:52:00.672+0000] {processor.py:153} INFO - Started process (PID=2227) to work on /opt/airflow/dags/houzz_pro/Tasks/legacy_dags/userbase.py
[2024-03-28T02:52:00.677+0000] {processor.py:743} INFO - Processing file /opt/airflow/dags/houzz_pro/Tasks/legacy_dags/userbase.py for tasks to queue
[2024-03-28T02:52:00.682+0000] {logging_mixin.py:137} INFO - [2024-03-28T02:52:00.682+0000] {dagbag.py:532} INFO - Filling up the DagBag from /opt/airflow/dags/houzz_pro/Tasks/legacy_dags/userbase.py
[2024-03-28T02:52:02.103+0000] {processor.py:753} INFO - DAG(s) dict_keys(['update_userbase_table']) retrieved from /opt/airflow/dags/houzz_pro/Tasks/legacy_dags/userbase.py
[2024-03-28T02:52:02.158+0000] {logging_mixin.py:137} INFO - [2024-03-28T02:52:02.157+0000] {dag.py:2705} INFO - Sync 1 DAGs
[2024-03-28T02:52:02.221+0000] {logging_mixin.py:137} INFO - [2024-03-28T02:52:02.221+0000] {dag.py:3452} INFO - Setting next_dagrun for update_userbase_table to 2024-03-28T01:00:00+00:00, run_after=2024-03-28T02:00:00+00:00
[2024-03-28T02:52:02.269+0000] {processor.py:175} INFO - Processing /opt/airflow/dags/houzz_pro/Tasks/legacy_dags/userbase.py took 1.606 seconds
[2024-03-28T02:52:32.683+0000] {processor.py:153} INFO - Started process (PID=2433) to work on /opt/airflow/dags/houzz_pro/Tasks/legacy_dags/userbase.py
[2024-03-28T02:52:32.684+0000] {processor.py:743} INFO - Processing file /opt/airflow/dags/houzz_pro/Tasks/legacy_dags/userbase.py for tasks to queue
[2024-03-28T02:52:32.686+0000] {logging_mixin.py:137} INFO - [2024-03-28T02:52:32.686+0000] {dagbag.py:532} INFO - Filling up the DagBag from /opt/airflow/dags/houzz_pro/Tasks/legacy_dags/userbase.py
[2024-03-28T02:52:33.515+0000] {processor.py:753} INFO - DAG(s) dict_keys(['update_userbase_table']) retrieved from /opt/airflow/dags/houzz_pro/Tasks/legacy_dags/userbase.py
[2024-03-28T02:52:33.552+0000] {logging_mixin.py:137} INFO - [2024-03-28T02:52:33.551+0000] {dag.py:2705} INFO - Sync 1 DAGs
[2024-03-28T02:52:33.588+0000] {logging_mixin.py:137} INFO - [2024-03-28T02:52:33.588+0000] {dag.py:3452} INFO - Setting next_dagrun for update_userbase_table to 2024-03-28T01:00:00+00:00, run_after=2024-03-28T02:00:00+00:00
[2024-03-28T02:52:33.615+0000] {processor.py:175} INFO - Processing /opt/airflow/dags/houzz_pro/Tasks/legacy_dags/userbase.py took 0.940 seconds
[2024-03-28T02:53:04.153+0000] {processor.py:153} INFO - Started process (PID=2642) to work on /opt/airflow/dags/houzz_pro/Tasks/legacy_dags/userbase.py
[2024-03-28T02:53:04.156+0000] {processor.py:743} INFO - Processing file /opt/airflow/dags/houzz_pro/Tasks/legacy_dags/userbase.py for tasks to queue
[2024-03-28T02:53:04.158+0000] {logging_mixin.py:137} INFO - [2024-03-28T02:53:04.157+0000] {dagbag.py:532} INFO - Filling up the DagBag from /opt/airflow/dags/houzz_pro/Tasks/legacy_dags/userbase.py
[2024-03-28T02:53:05.225+0000] {processor.py:753} INFO - DAG(s) dict_keys(['update_userbase_table']) retrieved from /opt/airflow/dags/houzz_pro/Tasks/legacy_dags/userbase.py
[2024-03-28T02:53:05.256+0000] {logging_mixin.py:137} INFO - [2024-03-28T02:53:05.255+0000] {dag.py:2705} INFO - Sync 1 DAGs
[2024-03-28T02:53:05.292+0000] {logging_mixin.py:137} INFO - [2024-03-28T02:53:05.292+0000] {dag.py:3452} INFO - Setting next_dagrun for update_userbase_table to 2024-03-28T01:00:00+00:00, run_after=2024-03-28T02:00:00+00:00
[2024-03-28T02:53:05.322+0000] {processor.py:175} INFO - Processing /opt/airflow/dags/houzz_pro/Tasks/legacy_dags/userbase.py took 1.182 seconds
[2024-03-28T02:53:35.731+0000] {processor.py:153} INFO - Started process (PID=2854) to work on /opt/airflow/dags/houzz_pro/Tasks/legacy_dags/userbase.py
[2024-03-28T02:53:35.734+0000] {processor.py:743} INFO - Processing file /opt/airflow/dags/houzz_pro/Tasks/legacy_dags/userbase.py for tasks to queue
[2024-03-28T02:53:35.736+0000] {logging_mixin.py:137} INFO - [2024-03-28T02:53:35.735+0000] {dagbag.py:532} INFO - Filling up the DagBag from /opt/airflow/dags/houzz_pro/Tasks/legacy_dags/userbase.py
[2024-03-28T02:53:36.954+0000] {processor.py:753} INFO - DAG(s) dict_keys(['update_userbase_table']) retrieved from /opt/airflow/dags/houzz_pro/Tasks/legacy_dags/userbase.py
[2024-03-28T02:53:36.992+0000] {logging_mixin.py:137} INFO - [2024-03-28T02:53:36.991+0000] {dag.py:2705} INFO - Sync 1 DAGs
[2024-03-28T02:53:37.035+0000] {logging_mixin.py:137} INFO - [2024-03-28T02:53:37.034+0000] {dag.py:3452} INFO - Setting next_dagrun for update_userbase_table to 2024-03-28T01:00:00+00:00, run_after=2024-03-28T02:00:00+00:00
[2024-03-28T02:53:37.070+0000] {processor.py:175} INFO - Processing /opt/airflow/dags/houzz_pro/Tasks/legacy_dags/userbase.py took 1.347 seconds
[2024-03-28T02:54:07.467+0000] {processor.py:153} INFO - Started process (PID=3065) to work on /opt/airflow/dags/houzz_pro/Tasks/legacy_dags/userbase.py
[2024-03-28T02:54:07.469+0000] {processor.py:743} INFO - Processing file /opt/airflow/dags/houzz_pro/Tasks/legacy_dags/userbase.py for tasks to queue
[2024-03-28T02:54:07.470+0000] {logging_mixin.py:137} INFO - [2024-03-28T02:54:07.470+0000] {dagbag.py:532} INFO - Filling up the DagBag from /opt/airflow/dags/houzz_pro/Tasks/legacy_dags/userbase.py
[2024-03-28T02:54:08.643+0000] {processor.py:753} INFO - DAG(s) dict_keys(['update_userbase_table']) retrieved from /opt/airflow/dags/houzz_pro/Tasks/legacy_dags/userbase.py
[2024-03-28T02:54:08.678+0000] {logging_mixin.py:137} INFO - [2024-03-28T02:54:08.676+0000] {dag.py:2705} INFO - Sync 1 DAGs
[2024-03-28T02:54:08.727+0000] {logging_mixin.py:137} INFO - [2024-03-28T02:54:08.726+0000] {dag.py:3452} INFO - Setting next_dagrun for update_userbase_table to 2024-03-28T01:00:00+00:00, run_after=2024-03-28T02:00:00+00:00
[2024-03-28T02:54:08.766+0000] {processor.py:175} INFO - Processing /opt/airflow/dags/houzz_pro/Tasks/legacy_dags/userbase.py took 1.306 seconds
[2024-03-28T02:54:39.589+0000] {processor.py:153} INFO - Started process (PID=3282) to work on /opt/airflow/dags/houzz_pro/Tasks/legacy_dags/userbase.py
[2024-03-28T02:54:39.591+0000] {processor.py:743} INFO - Processing file /opt/airflow/dags/houzz_pro/Tasks/legacy_dags/userbase.py for tasks to queue
[2024-03-28T02:54:39.592+0000] {logging_mixin.py:137} INFO - [2024-03-28T02:54:39.591+0000] {dagbag.py:532} INFO - Filling up the DagBag from /opt/airflow/dags/houzz_pro/Tasks/legacy_dags/userbase.py
[2024-03-28T02:54:40.534+0000] {processor.py:753} INFO - DAG(s) dict_keys(['update_userbase_table']) retrieved from /opt/airflow/dags/houzz_pro/Tasks/legacy_dags/userbase.py
[2024-03-28T02:54:40.561+0000] {logging_mixin.py:137} INFO - [2024-03-28T02:54:40.561+0000] {dag.py:2705} INFO - Sync 1 DAGs
[2024-03-28T02:54:40.592+0000] {logging_mixin.py:137} INFO - [2024-03-28T02:54:40.592+0000] {dag.py:3452} INFO - Setting next_dagrun for update_userbase_table to 2024-03-28T01:00:00+00:00, run_after=2024-03-28T02:00:00+00:00
[2024-03-28T02:54:40.621+0000] {processor.py:175} INFO - Processing /opt/airflow/dags/houzz_pro/Tasks/legacy_dags/userbase.py took 1.036 seconds
[2024-03-28T02:55:11.383+0000] {processor.py:153} INFO - Started process (PID=3500) to work on /opt/airflow/dags/houzz_pro/Tasks/legacy_dags/userbase.py
[2024-03-28T02:55:11.384+0000] {processor.py:743} INFO - Processing file /opt/airflow/dags/houzz_pro/Tasks/legacy_dags/userbase.py for tasks to queue
[2024-03-28T02:55:11.386+0000] {logging_mixin.py:137} INFO - [2024-03-28T02:55:11.385+0000] {dagbag.py:532} INFO - Filling up the DagBag from /opt/airflow/dags/houzz_pro/Tasks/legacy_dags/userbase.py
[2024-03-28T02:55:12.206+0000] {processor.py:753} INFO - DAG(s) dict_keys(['update_userbase_table']) retrieved from /opt/airflow/dags/houzz_pro/Tasks/legacy_dags/userbase.py
[2024-03-28T02:55:12.239+0000] {logging_mixin.py:137} INFO - [2024-03-28T02:55:12.238+0000] {dag.py:2705} INFO - Sync 1 DAGs
[2024-03-28T02:55:12.277+0000] {logging_mixin.py:137} INFO - [2024-03-28T02:55:12.277+0000] {dag.py:3452} INFO - Setting next_dagrun for update_userbase_table to 2024-03-28T01:00:00+00:00, run_after=2024-03-28T02:00:00+00:00
[2024-03-28T02:55:12.306+0000] {processor.py:175} INFO - Processing /opt/airflow/dags/houzz_pro/Tasks/legacy_dags/userbase.py took 0.930 seconds
[2024-03-28T02:55:42.893+0000] {processor.py:153} INFO - Started process (PID=3721) to work on /opt/airflow/dags/houzz_pro/Tasks/legacy_dags/userbase.py
[2024-03-28T02:55:42.894+0000] {processor.py:743} INFO - Processing file /opt/airflow/dags/houzz_pro/Tasks/legacy_dags/userbase.py for tasks to queue
[2024-03-28T02:55:42.895+0000] {logging_mixin.py:137} INFO - [2024-03-28T02:55:42.895+0000] {dagbag.py:532} INFO - Filling up the DagBag from /opt/airflow/dags/houzz_pro/Tasks/legacy_dags/userbase.py
[2024-03-28T02:55:43.843+0000] {processor.py:753} INFO - DAG(s) dict_keys(['update_userbase_table']) retrieved from /opt/airflow/dags/houzz_pro/Tasks/legacy_dags/userbase.py
[2024-03-28T02:55:43.875+0000] {logging_mixin.py:137} INFO - [2024-03-28T02:55:43.874+0000] {dag.py:2705} INFO - Sync 1 DAGs
[2024-03-28T02:55:43.922+0000] {logging_mixin.py:137} INFO - [2024-03-28T02:55:43.922+0000] {dag.py:3452} INFO - Setting next_dagrun for update_userbase_table to 2024-03-28T01:00:00+00:00, run_after=2024-03-28T02:00:00+00:00
[2024-03-28T02:55:43.961+0000] {processor.py:175} INFO - Processing /opt/airflow/dags/houzz_pro/Tasks/legacy_dags/userbase.py took 1.074 seconds
[2024-03-28T02:56:14.307+0000] {processor.py:153} INFO - Started process (PID=3932) to work on /opt/airflow/dags/houzz_pro/Tasks/legacy_dags/userbase.py
[2024-03-28T02:56:14.309+0000] {processor.py:743} INFO - Processing file /opt/airflow/dags/houzz_pro/Tasks/legacy_dags/userbase.py for tasks to queue
[2024-03-28T02:56:14.310+0000] {logging_mixin.py:137} INFO - [2024-03-28T02:56:14.310+0000] {dagbag.py:532} INFO - Filling up the DagBag from /opt/airflow/dags/houzz_pro/Tasks/legacy_dags/userbase.py
[2024-03-28T02:56:15.091+0000] {processor.py:753} INFO - DAG(s) dict_keys(['update_userbase_table']) retrieved from /opt/airflow/dags/houzz_pro/Tasks/legacy_dags/userbase.py
[2024-03-28T02:56:15.120+0000] {logging_mixin.py:137} INFO - [2024-03-28T02:56:15.120+0000] {dag.py:2705} INFO - Sync 1 DAGs
[2024-03-28T02:56:15.158+0000] {logging_mixin.py:137} INFO - [2024-03-28T02:56:15.158+0000] {dag.py:3452} INFO - Setting next_dagrun for update_userbase_table to 2024-03-28T01:00:00+00:00, run_after=2024-03-28T02:00:00+00:00
[2024-03-28T02:56:15.214+0000] {processor.py:175} INFO - Processing /opt/airflow/dags/houzz_pro/Tasks/legacy_dags/userbase.py took 0.914 seconds
[2024-03-28T02:56:45.900+0000] {processor.py:153} INFO - Started process (PID=4143) to work on /opt/airflow/dags/houzz_pro/Tasks/legacy_dags/userbase.py
[2024-03-28T02:56:45.908+0000] {processor.py:743} INFO - Processing file /opt/airflow/dags/houzz_pro/Tasks/legacy_dags/userbase.py for tasks to queue
[2024-03-28T02:56:45.914+0000] {logging_mixin.py:137} INFO - [2024-03-28T02:56:45.913+0000] {dagbag.py:532} INFO - Filling up the DagBag from /opt/airflow/dags/houzz_pro/Tasks/legacy_dags/userbase.py
[2024-03-28T02:56:47.311+0000] {processor.py:753} INFO - DAG(s) dict_keys(['update_userbase_table']) retrieved from /opt/airflow/dags/houzz_pro/Tasks/legacy_dags/userbase.py
[2024-03-28T02:56:47.343+0000] {logging_mixin.py:137} INFO - [2024-03-28T02:56:47.343+0000] {dag.py:2705} INFO - Sync 1 DAGs
[2024-03-28T02:56:47.387+0000] {logging_mixin.py:137} INFO - [2024-03-28T02:56:47.387+0000] {dag.py:3452} INFO - Setting next_dagrun for update_userbase_table to 2024-03-28T01:00:00+00:00, run_after=2024-03-28T02:00:00+00:00
[2024-03-28T02:56:47.419+0000] {processor.py:175} INFO - Processing /opt/airflow/dags/houzz_pro/Tasks/legacy_dags/userbase.py took 1.545 seconds
